生成启动时间为 2018/5/8 18:52:48。
     1>项目“D:\USER\Desktop\Bullet3\src\Bullet3Serialize\Bullet2FileLoader\Bullet2FileLoader.vcxproj”在节点 5 上(Build 个目标)。
     1>CustomBuild:
         Building Custom Rule D:/USER/Desktop/bullet3-master/src/Bullet3Serialize/Bullet2FileLoader/CMakeLists.txt
         CMake does not need to re-run because D:/USER/Desktop/Bullet3/src/Bullet3Serialize/Bullet2FileLoader/CMakeFiles/generate.stamp is up-to-date.
       ClCompile:
         C:\Program Files (x86)\Microsoft Visual Studio 12.0\VC\bin\CL.exe /c /I"D:\USER\Desktop\bullet3-master\src" /Zi /nologo /W3 /WX- /Od /Ob0 /Oy- /D WIN32 /D _DEBUG /D USE_GRAPHICAL_BENCHMARK /D _CRT_SECURE_NO_WARNINGS /D _CRT_SECURE_NO_DEPRECATE /D _SCL_SECURE_NO_WARNINGS /D "CMAKE_INTDIR=\"Debug\"" /D _MBCS /GF /Gm- /EHsc /RTC1 /MTd /GS /Gy /arch:AVX /fp:fast /Zc:wchar_t /Zc:forScope /GR- /Fo"Bullet2FileLoader.dir\Debug\\" /Fd"Bullet2FileLoader.dir\Debug\vc120.pdb" /Gd /TP /wd4244 /wd4267 /analyze- /errorReport:prompt "D:\USER\Desktop\bullet3-master\src\Bullet3Serialize\Bullet2FileLoader\b3BulletFile.cpp" "D:\USER\Desktop\bullet3-master\src\Bullet3Serialize\Bullet2FileLoader\b3Chunk.cpp" "D:\USER\Desktop\bullet3-master\src\Bullet3Serialize\Bullet2FileLoader\b3DNA.cpp" "D:\USER\Desktop\bullet3-master\src\Bullet3Serialize\Bullet2FileLoader\b3File.cpp" "D:\USER\Desktop\bullet3-master\src\Bullet3Serialize\Bullet2FileLoader\b3Serializer.cpp"
         b3BulletFile.cpp
         b3Chunk.cpp
         b3DNA.cpp
         b3File.cpp
         b3Serializer.cpp
         正在生成代码...
       Lib:
         C:\Program Files (x86)\Microsoft Visual Studio 12.0\VC\bin\Lib.exe /OUT:"D:\USER\Desktop\Bullet3\lib\Debug\Bullet2FileLoader_Debug.lib" /NOLOGO   /machine:X86 Bullet2FileLoader.dir\Debug\b3BulletFile.obj
         Bullet2FileLoader.dir\Debug\b3Chunk.obj
         Bullet2FileLoader.dir\Debug\b3DNA.obj
         Bullet2FileLoader.dir\Debug\b3File.obj
         Bullet2FileLoader.dir\Debug\b3Serializer.obj
         Bullet2FileLoader.vcxproj -> D:\USER\Desktop\Bullet3\lib\Debug\Bullet2FileLoader_Debug.lib
     1>已完成生成项目“D:\USER\Desktop\Bullet3\src\Bullet3Serialize\Bullet2FileLoader\Bullet2FileLoader.vcxproj”(Build 个目标)的操作。

生成成功。

已用时间 00:00:01.89
