生成启动时间为 2018/5/8 18:57:51。
     1>项目“D:\USER\Desktop\Bullet3\examples\SharedMemory\App_PhysicsServer_SharedMemory_GUI.vcxproj”在节点 4 上(Build 个目标)。
     1>CustomBuild:
         Building Custom Rule D:/USER/Desktop/bullet3-master/examples/SharedMemory/CMakeLists.txt
         CMake does not need to re-run because D:/USER/Desktop/Bullet3/examples/SharedMemory/CMakeFiles/generate.stamp is up-to-date.
       ClCompile:
         C:\Program Files (x86)\Microsoft Visual Studio 12.0\VC\bin\CL.exe /c /I"D:\USER\Desktop\bullet3-master\src" /I"D:\USER\Desktop\bullet3-master\examples\ThirdPartyLibs" /I"D:\USER\Desktop\bullet3-master\examples\ThirdPartyLibs\glad" /I"D:\USER\Desktop\bullet3-master\examples\ThirdPartyLibs\openvr\headers" /I"D:\USER\Desktop\bullet3-master\examples\ThirdPartyLibs\openvr\samples\shared" /nologo /W3 /WX- /O1 /Ob1 /Oy- /D WIN32 /D NDEBUG /D USE_GRAPHICAL_BENCHMARK /D _CRT_SECURE_NO_WARNINGS /D _CRT_SECURE_NO_DEPRECATE /D _SCL_SECURE_NO_WARNINGS /D B3_USE_STANDALONE_EXAMPLE /D GLEW_STATIC /D "CMAKE_INTDIR=\"MinSizeRel\"" /D _MBCS /GF /Gm- /EHsc /MT /GS /Gy /arch:AVX /fp:fast /Zc:wchar_t /Zc:forScope /GR- /Fo"App_PhysicsServer_SharedMemory_GUI.dir\MinSizeRel\\" /Fd"App_PhysicsServer_SharedMemory_GUI.dir\MinSizeRel\vc120.pdb" /Gd /TP /wd4244 /wd4267 /analyze- /errorReport:prompt "D:\USER\Desktop\bullet3-master\examples\SharedMemory\IKTrajectoryHelper.cpp" "D:\USER\Desktop\bullet3-master\examples\SharedMemory\PhysicsClient.cpp" "D:\USER\Desktop\bullet3-master\examples\SharedMemory\PhysicsClientSharedMemory.cpp" "D:\USER\Desktop\bullet3-master\examples\SharedMemory\PhysicsClientExample.cpp" "D:\USER\Desktop\bullet3-master\examples\SharedMemory\PhysicsServerExample.cpp" "D:\USER\Desktop\bullet3-master\examples\SharedMemory\PhysicsServerExampleBullet2.cpp" "D:\USER\Desktop\bullet3-master\examples\SharedMemory\PhysicsServerSharedMemory.cpp" "D:\USER\Desktop\bullet3-master\examples\SharedMemory\PhysicsServer.cpp" "D:\USER\Desktop\bullet3-master\examples\SharedMemory\PhysicsClientC_API.cpp" "D:\USER\Desktop\bullet3-master\examples\SharedMemory\PosixSharedMemory.cpp" "D:\USER\Desktop\bullet3-master\examples\SharedMemory\Win32SharedMemory.cpp" "D:\USER\Desktop\bullet3-master\examples\SharedMemory\InProcessMemory.cpp" "D:\USER\Desktop\bullet3-master\examples\SharedMemory\PhysicsDirect.cpp" "D:\USER\Desktop\bullet3-master\examples\SharedMemory\PhysicsDirectC_API.cpp" "D:\USER\Desktop\bullet3-master\examples\SharedMemory\PhysicsLoopBack.cpp" "D:\USER\Desktop\bullet3-master\examples\SharedMemory\PhysicsLoopBackC_API.cpp" "D:\USER\Desktop\bullet3-master\examples\SharedMemory\PhysicsClientSharedMemory_C_API.cpp" "D:\USER\Desktop\bullet3-master\examples\SharedMemory\PhysicsClientSharedMemory2_C_API.cpp" "D:\USER\Desktop\bullet3-master\examples\SharedMemory\PhysicsClientSharedMemory2.cpp" "D:\USER\Desktop\bullet3-master\examples\SharedMemory\SharedMemoryCommandProcessor.cpp" "D:\USER\Desktop\bullet3-master\examples\SharedMemory\PhysicsServerCommandProcessor.cpp" "D:\USER\Desktop\bullet3-master\examples\SharedMemory\plugins\tinyRendererPlugin\tinyRendererPlugin.cpp" "D:\USER\Desktop\bullet3-master\examples\SharedMemory\plugins\tinyRendererPlugin\TinyRendererVisualShapeConverter.cpp" "D:\USER\Desktop\bullet3-master\examples\SharedMemory\b3PluginManager.cpp" "D:\USER\Desktop\bullet3-master\examples\TinyRenderer\geometry.cpp" "D:\USER\Desktop\bullet3-master\examples\TinyRenderer\model.cpp" "D:\USER\Desktop\bullet3-master\examples\TinyRenderer\tgaimage.cpp" "D:\USER\Desktop\bullet3-master\examples\TinyRenderer\our_gl.cpp" "D:\USER\Desktop\bullet3-master\examples\TinyRenderer\TinyRenderer.cpp" "D:\USER\Desktop\bullet3-master\examples\OpenGLWindow\SimpleCamera.cpp" "D:\USER\Desktop\bullet3-master\examples\Importers\ImportURDFDemo\MyMultiBodyCreator.cpp" "D:\USER\Desktop\bullet3-master\examples\Importers\ImportURDFDemo\BulletUrdfImporter.cpp" "D:\USER\Desktop\bullet3-master\examples\Importers\ImportURDFDemo\UrdfParser.cpp" "D:\USER\Desktop\bullet3-master\examples\Importers\ImportURDFDemo\urdfStringSplit.cpp" "D:\USER\Desktop\bullet3-master\examples\Importers\ImportURDFDemo\URDF2Bullet.cpp" "D:\USER\Desktop\bullet3-master\examples\Importers\ImportMJCFDemo\BulletMJCFImporter.cpp" "D:\USER\Desktop\bullet3-master\examples\Utils\b3ResourcePath.cpp" "D:\USER\Desktop\bullet3-master\examples\Utils\b3Clock.cpp" "D:\USER\Desktop\bullet3-master\examples\Utils\RobotLoggingUtil.cpp" "D:\USER\Desktop\bullet3-master\examples\Utils\ChromeTraceUtil.cpp" "D:\USER\Desktop\bullet3-master\examples\Importers\ImportObjDemo\Wavefront2GLInstanceGraphicsShape.cpp" "D:\USER\Desktop\bullet3-master\examples\Importers\ImportObjDemo\LoadMeshFromObj.cpp" "D:\USER\Desktop\bullet3-master\examples\Importers\ImportColladaDemo\LoadMeshFromCollada.cpp" "D:\USER\Desktop\bullet3-master\examples\ThirdPartyLibs\Wavefront\tiny_obj_loader.cpp" "D:\USER\Desktop\bullet3-master\examples\ThirdPartyLibs\tinyxml2\tinyxml2.cpp" "D:\USER\Desktop\bullet3-master\examples\Importers\ImportMeshUtility\b3ImportMeshUtility.cpp" "D:\USER\Desktop\bullet3-master\examples\ThirdPartyLibs\stb_image\stb_image.cpp" "D:\USER\Desktop\bullet3-master\examples\MultiThreading\b3ThreadSupportInterface.cpp" "D:\USER\Desktop\bullet3-master\examples\StandaloneMain\main_opengl_single_example.cpp" "D:\USER\Desktop\bullet3-master\examples\ExampleBrowser\OpenGLGuiHelper.cpp" "D:\USER\Desktop\bullet3-master\examples\ExampleBrowser\GL_ShapeDrawer.cpp" "D:\USER\Desktop\bullet3-master\examples\ExampleBrowser\CollisionShape2TriangleMesh.cpp" "D:\USER\Desktop\bullet3-master\examples\MultiThreading\b3Win32ThreadSupport.cpp"
         IKTrajectoryHelper.cpp
         PhysicsClient.cpp
         PhysicsClientSharedMemory.cpp
         PhysicsClientExample.cpp
         PhysicsServerExample.cpp
     1>D:\USER\Desktop\bullet3-master\examples\SharedMemory\PhysicsServerExample.cpp(870): warning C4316: “MultithreadedDebugDrawer”: 在堆上分配的对象可能不是对齐 16
     1>D:\USER\Desktop\bullet3-master\examples\SharedMemory\PhysicsServerExample.cpp(3229): warning C4316: “MultiThreadedOpenGLGuiHelper”: 在堆上分配的对象可能不是对齐 16
     1>D:\USER\Desktop\bullet3-master\examples\SharedMemory\PhysicsServerExample.cpp(3235): warning C4316: “PhysicsServerExample”: 在堆上分配的对象可能不是对齐 16
         PhysicsServerExampleBullet2.cpp
         PhysicsServerSharedMemory.cpp
         PhysicsServer.cpp
         PhysicsClientC_API.cpp
         PosixSharedMemory.cpp
         Win32SharedMemory.cpp
         InProcessMemory.cpp
         PhysicsDirect.cpp
         PhysicsDirectC_API.cpp
         PhysicsLoopBack.cpp
         PhysicsLoopBackC_API.cpp
         PhysicsClientSharedMemory_C_API.cpp
         PhysicsClientSharedMemory2_C_API.cpp
         PhysicsClientSharedMemory2.cpp
         SharedMemoryCommandProcessor.cpp
         正在生成代码...
         正在编译...
         PhysicsServerCommandProcessor.cpp
     1>D:\USER\Desktop\bullet3-master\examples\SharedMemory\PhysicsServerCommandProcessor.cpp(1689): warning C4316: “PhysicsServerCommandProcessorInternalData”: 在堆上分配的对象可能不是对齐 16
     1>D:\USER\Desktop\bullet3-master\examples\SharedMemory\PhysicsServerCommandProcessor.cpp(5939): warning C4018: “<”: 有符号/无符号不匹配
     1>D:\USER\Desktop\bullet3-master\examples\SharedMemory\PhysicsServerCommandProcessor.cpp(5943): warning C4018: “<”: 有符号/无符号不匹配
     1>D:\USER\Desktop\bullet3-master\examples\SharedMemory\PhysicsServerCommandProcessor.cpp(6007): warning C4316: “btMultiBodyJointFeedback”: 在堆上分配的对象可能不是对齐 16
         tinyRendererPlugin.cpp
         TinyRendererVisualShapeConverter.cpp
     1>D:\USER\Desktop\bullet3-master\examples\SharedMemory\plugins\tinyRendererPlugin\TinyRendererVisualShapeConverter.cpp(128): warning C4316: “TinyRendererVisualShapeConverterInternalData”: 在堆上分配的对象可能不是对齐 16
     1>D:\USER\Desktop\bullet3-master\examples\SharedMemory\plugins\tinyRendererPlugin\TinyRendererVisualShapeConverter.cpp(634): warning C4316: “TinyRendererObjectArray”: 在堆上分配的对象可能不是对齐 16
     1>D:\USER\Desktop\bullet3-master\examples\SharedMemory\plugins\tinyRendererPlugin\TinyRendererVisualShapeConverter.cpp(666): warning C4316: “TinyRenderObjectData”: 在堆上分配的对象可能不是对齐 16
         b3PluginManager.cpp
         geometry.cpp
         model.cpp
         tgaimage.cpp
         our_gl.cpp
         TinyRenderer.cpp
         SimpleCamera.cpp
         MyMultiBodyCreator.cpp
     1>D:\USER\Desktop\bullet3-master\examples\Importers\ImportURDFDemo\MyMultiBodyCreator.cpp(65): warning C4316: “GenericConstraintUserInfo”: 在堆上分配的对象可能不是对齐 16
     1>D:\USER\Desktop\bullet3-master\examples\Importers\ImportURDFDemo\MyMultiBodyCreator.cpp(148): warning C4316: “GenericConstraintUserInfo”: 在堆上分配的对象可能不是对齐 16
     1>D:\USER\Desktop\bullet3-master\examples\Importers\ImportURDFDemo\MyMultiBodyCreator.cpp(172): warning C4316: “GenericConstraintUserInfo”: 在堆上分配的对象可能不是对齐 16
         BulletUrdfImporter.cpp
         UrdfParser.cpp
     1>D:\USER\Desktop\bullet3-master\examples\Importers\ImportURDFDemo\UrdfParser.cpp(627): warning C4316: “UrdfMaterial”: 在堆上分配的对象可能不是对齐 16
     1>D:\USER\Desktop\bullet3-master\examples\Importers\ImportURDFDemo\UrdfParser.cpp(684): warning C4316: “UrdfMaterial”: 在堆上分配的对象可能不是对齐 16
     1>D:\USER\Desktop\bullet3-master\examples\Importers\ImportURDFDemo\UrdfParser.cpp(1533): warning C4316: “UrdfMaterial”: 在堆上分配的对象可能不是对齐 16
     1>D:\USER\Desktop\bullet3-master\examples\Importers\ImportURDFDemo\UrdfParser.cpp(1557): warning C4316: “UrdfLink”: 在堆上分配的对象可能不是对齐 16
     1>D:\USER\Desktop\bullet3-master\examples\Importers\ImportURDFDemo\UrdfParser.cpp(1606): warning C4316: “UrdfJoint”: 在堆上分配的对象可能不是对齐 16
     1>D:\USER\Desktop\bullet3-master\examples\Importers\ImportURDFDemo\UrdfParser.cpp(1696): warning C4316: “UrdfModel”: 在堆上分配的对象可能不是对齐 16
     1>D:\USER\Desktop\bullet3-master\examples\Importers\ImportURDFDemo\UrdfParser.cpp(1732): warning C4316: “UrdfMaterial”: 在堆上分配的对象可能不是对齐 16
     1>D:\USER\Desktop\bullet3-master\examples\Importers\ImportURDFDemo\UrdfParser.cpp(1756): warning C4316: “UrdfLink”: 在堆上分配的对象可能不是对齐 16
     1>D:\USER\Desktop\bullet3-master\examples\Importers\ImportURDFDemo\UrdfParser.cpp(1805): warning C4316: “UrdfJoint”: 在堆上分配的对象可能不是对齐 16
         urdfStringSplit.cpp
         URDF2Bullet.cpp
         BulletMJCFImporter.cpp
     1>D:\USER\Desktop\bullet3-master\examples\Importers\ImportMJCFDemo\BulletMJCFImporter.cpp(427): warning C4316: “UrdfModel”: 在堆上分配的对象可能不是对齐 16
     1>D:\USER\Desktop\bullet3-master\examples\Importers\ImportMJCFDemo\BulletMJCFImporter.cpp(437): warning C4316: “UrdfModel”: 在堆上分配的对象可能不是对齐 16
     1>D:\USER\Desktop\bullet3-master\examples\Importers\ImportMJCFDemo\BulletMJCFImporter.cpp(440): warning C4316: “UrdfLink”: 在堆上分配的对象可能不是对齐 16
     1>D:\USER\Desktop\bullet3-master\examples\Importers\ImportMJCFDemo\BulletMJCFImporter.cpp(617): warning C4316: “UrdfJoint”: 在堆上分配的对象可能不是对齐 16
     1>D:\USER\Desktop\bullet3-master\examples\Importers\ImportMJCFDemo\BulletMJCFImporter.cpp(1084): warning C4316: “UrdfLink”: 在堆上分配的对象可能不是对齐 16
     1>D:\USER\Desktop\bullet3-master\examples\Importers\ImportMJCFDemo\BulletMJCFImporter.cpp(1286): warning C4316: “UrdfJoint”: 在堆上分配的对象可能不是对齐 16
         b3ResourcePath.cpp
         b3Clock.cpp
         RobotLoggingUtil.cpp
         ChromeTraceUtil.cpp
         正在生成代码...
         正在编译...
         Wavefront2GLInstanceGraphicsShape.cpp
     1>D:\USER\Desktop\bullet3-master\examples\Importers\ImportObjDemo\Wavefront2GLInstanceGraphicsShape.cpp(53): warning C4018: “<”: 有符号/无符号不匹配
     1>D:\USER\Desktop\bullet3-master\examples\Importers\ImportObjDemo\Wavefront2GLInstanceGraphicsShape.cpp(80): warning C4018: “<”: 有符号/无符号不匹配
     1>D:\USER\Desktop\bullet3-master\examples\Importers\ImportObjDemo\Wavefront2GLInstanceGraphicsShape.cpp(105): warning C4018: “<”: 有符号/无符号不匹配
         LoadMeshFromObj.cpp
         LoadMeshFromCollada.cpp
         tiny_obj_loader.cpp
     1>D:\USER\Desktop\bullet3-master\examples\ThirdPartyLibs\Wavefront\tiny_obj_loader.cpp(214): warning C4018: “<”: 有符号/无符号不匹配
         tinyxml2.cpp
         b3ImportMeshUtility.cpp
     1>D:\USER\Desktop\bullet3-master\examples\Importers\ImportMeshUtility\b3ImportMeshUtility.cpp(84): warning C4018: “<”: 有符号/无符号不匹配
         stb_image.cpp
         b3ThreadSupportInterface.cpp
         main_opengl_single_example.cpp
         OpenGLGuiHelper.cpp
     1>D:\USER\Desktop\bullet3-master\examples\ExampleBrowser\OpenGLGuiHelper.cpp(1038): warning C4800: “int”: 将值强制为布尔值“true”或“false”(性能警告)
     1>D:\USER\Desktop\bullet3-master\examples\ExampleBrowser\OpenGLGuiHelper.cpp(1330): warning C4101: “j”: 未引用的局部变量
         GL_ShapeDrawer.cpp
         CollisionShape2TriangleMesh.cpp
         b3Win32ThreadSupport.cpp
         正在生成代码...
       ResourceCompile:
         C:\Program Files (x86)\Windows Kits\8.1\bin\x86\rc.exe /D WIN32 /D NDEBUG /D USE_GRAPHICAL_BENCHMARK /D _CRT_SECURE_NO_WARNINGS /D _CRT_SECURE_NO_DEPRECATE /D _SCL_SECURE_NO_WARNINGS /D B3_USE_STANDALONE_EXAMPLE /D GLEW_STATIC /D "CMAKE_INTDIR=\\\"MinSizeRel\\\"" /l"0x0409" /I"D:\USER\Desktop\bullet3-master\src" /I"D:\USER\Desktop\bullet3-master\examples\ThirdPartyLibs" /I"D:\USER\Desktop\bullet3-master\examples\ThirdPartyLibs\glad" /I"D:\USER\Desktop\bullet3-master\examples\ThirdPartyLibs\openvr\headers" /I"D:\USER\Desktop\bullet3-master\examples\ThirdPartyLibs\openvr\samples\shared" /nologo /fo"App_PhysicsServer_SharedMemory_GUI.dir\MinSizeRel\bullet.res" D:\USER\Desktop\bullet3-master\build3\bullet.rc 
       Link:
         C:\Program Files (x86)\Microsoft Visual Studio 12.0\VC\bin\link.exe /ERRORREPORT:PROMPT /OUT:"D:\USER\Desktop\Bullet3\examples\SharedMemory\MinSizeRel\App_PhysicsServer_SharedMemory_GUI.exe" /INCREMENTAL:NO /NOLOGO kernel32.lib user32.lib gdi32.lib winspool.lib shell32.lib ole32.lib oleaut32.lib uuid.lib comdlg32.lib advapi32.lib ..\..\lib\MinSizeRel\BulletSoftBody_MinsizeRel.lib ..\..\lib\MinSizeRel\Bullet3Common_MinsizeRel.lib ..\..\lib\MinSizeRel\BulletWorldImporter_MinsizeRel.lib ..\..\lib\MinSizeRel\BulletFileLoader_MinsizeRel.lib ..\..\lib\MinSizeRel\BulletInverseDynamicsUtils_MinsizeRel.lib ..\..\lib\MinSizeRel\BulletInverseDynamics_MinsizeRel.lib ..\..\lib\MinSizeRel\BulletDynamics_MinsizeRel.lib ..\..\lib\MinSizeRel\BulletCollision_MinsizeRel.lib ..\..\lib\MinSizeRel\LinearMath_MinsizeRel.lib ..\..\lib\MinSizeRel\BussIK_MinsizeRel.lib ..\..\lib\MinSizeRel\BulletSoftBody_MinsizeRel.lib ..\..\lib\MinSizeRel\Bullet3Common_MinsizeRel.lib ..\..\lib\MinSizeRel\BulletWorldImporter_MinsizeRel.lib ..\..\lib\MinSizeRel\BulletInverseDynamicsUtils_MinsizeRel.lib ..\..\lib\MinSizeRel\BulletInverseDynamics_MinsizeRel.lib ..\..\lib\MinSizeRel\BulletDynamics_MinsizeRel.lib ..\..\lib\MinSizeRel\BulletCollision_MinsizeRel.lib ..\..\lib\MinSizeRel\LinearMath_MinsizeRel.lib ..\..\lib\MinSizeRel\BussIK_MinsizeRel.lib ..\..\lib\MinSizeRel\OpenGLWindow_MinsizeRel.lib opengl32.lib glu32.lib /MANIFEST /MANIFESTUAC:"level='asInvoker' uiAccess='false'" /manifest:embed /PDB:"D:/USER/Desktop/Bullet3/examples/SharedMemory/MinSizeRel/App_PhysicsServer_SharedMemory_GUI.pdb" /SUBSYSTEM:CONSOLE /OPT:REF /OPT:ICF /TLBID:1 /DYNAMICBASE /NXCOMPAT /IMPLIB:"D:/USER/Desktop/Bullet3/examples/SharedMemory/MinSizeRel/App_PhysicsServer_SharedMemory_GUI.lib" /MACHINE:X86 /SAFESEH   /machine:X86 App_PhysicsServer_SharedMemory_GUI.dir\MinSizeRel\bullet.res
         App_PhysicsServer_SharedMemory_GUI.dir\MinSizeRel\IKTrajectoryHelper.obj
         App_PhysicsServer_SharedMemory_GUI.dir\MinSizeRel\PhysicsClient.obj
         App_PhysicsServer_SharedMemory_GUI.dir\MinSizeRel\PhysicsClientSharedMemory.obj
         App_PhysicsServer_SharedMemory_GUI.dir\MinSizeRel\PhysicsClientExample.obj
         App_PhysicsServer_SharedMemory_GUI.dir\MinSizeRel\PhysicsServerExample.obj
         App_PhysicsServer_SharedMemory_GUI.dir\MinSizeRel\PhysicsServerExampleBullet2.obj
         App_PhysicsServer_SharedMemory_GUI.dir\MinSizeRel\PhysicsServerSharedMemory.obj
         App_PhysicsServer_SharedMemory_GUI.dir\MinSizeRel\PhysicsServer.obj
         App_PhysicsServer_SharedMemory_GUI.dir\MinSizeRel\PhysicsClientC_API.obj
         App_PhysicsServer_SharedMemory_GUI.dir\MinSizeRel\PosixSharedMemory.obj
         App_PhysicsServer_SharedMemory_GUI.dir\MinSizeRel\Win32SharedMemory.obj
         App_PhysicsServer_SharedMemory_GUI.dir\MinSizeRel\InProcessMemory.obj
         App_PhysicsServer_SharedMemory_GUI.dir\MinSizeRel\PhysicsDirect.obj
         App_PhysicsServer_SharedMemory_GUI.dir\MinSizeRel\PhysicsDirectC_API.obj
         App_PhysicsServer_SharedMemory_GUI.dir\MinSizeRel\PhysicsLoopBack.obj
         App_PhysicsServer_SharedMemory_GUI.dir\MinSizeRel\PhysicsLoopBackC_API.obj
         App_PhysicsServer_SharedMemory_GUI.dir\MinSizeRel\PhysicsClientSharedMemory_C_API.obj
         App_PhysicsServer_SharedMemory_GUI.dir\MinSizeRel\PhysicsClientSharedMemory2_C_API.obj
         App_PhysicsServer_SharedMemory_GUI.dir\MinSizeRel\PhysicsClientSharedMemory2.obj
         App_PhysicsServer_SharedMemory_GUI.dir\MinSizeRel\SharedMemoryCommandProcessor.obj
         App_PhysicsServer_SharedMemory_GUI.dir\MinSizeRel\PhysicsServerCommandProcessor.obj
         App_PhysicsServer_SharedMemory_GUI.dir\MinSizeRel\tinyRendererPlugin.obj
         App_PhysicsServer_SharedMemory_GUI.dir\MinSizeRel\TinyRendererVisualShapeConverter.obj
         App_PhysicsServer_SharedMemory_GUI.dir\MinSizeRel\b3PluginManager.obj
         App_PhysicsServer_SharedMemory_GUI.dir\MinSizeRel\geometry.obj
         App_PhysicsServer_SharedMemory_GUI.dir\MinSizeRel\model.obj
         App_PhysicsServer_SharedMemory_GUI.dir\MinSizeRel\tgaimage.obj
         App_PhysicsServer_SharedMemory_GUI.dir\MinSizeRel\our_gl.obj
         App_PhysicsServer_SharedMemory_GUI.dir\MinSizeRel\TinyRenderer.obj
         App_PhysicsServer_SharedMemory_GUI.dir\MinSizeRel\SimpleCamera.obj
         App_PhysicsServer_SharedMemory_GUI.dir\MinSizeRel\MyMultiBodyCreator.obj
         App_PhysicsServer_SharedMemory_GUI.dir\MinSizeRel\BulletUrdfImporter.obj
         App_PhysicsServer_SharedMemory_GUI.dir\MinSizeRel\UrdfParser.obj
         App_PhysicsServer_SharedMemory_GUI.dir\MinSizeRel\urdfStringSplit.obj
         App_PhysicsServer_SharedMemory_GUI.dir\MinSizeRel\URDF2Bullet.obj
         App_PhysicsServer_SharedMemory_GUI.dir\MinSizeRel\BulletMJCFImporter.obj
         App_PhysicsServer_SharedMemory_GUI.dir\MinSizeRel\b3ResourcePath.obj
         App_PhysicsServer_SharedMemory_GUI.dir\MinSizeRel\b3Clock.obj
         App_PhysicsServer_SharedMemory_GUI.dir\MinSizeRel\RobotLoggingUtil.obj
         App_PhysicsServer_SharedMemory_GUI.dir\MinSizeRel\ChromeTraceUtil.obj
         App_PhysicsServer_SharedMemory_GUI.dir\MinSizeRel\Wavefront2GLInstanceGraphicsShape.obj
         App_PhysicsServer_SharedMemory_GUI.dir\MinSizeRel\LoadMeshFromObj.obj
         App_PhysicsServer_SharedMemory_GUI.dir\MinSizeRel\LoadMeshFromCollada.obj
         App_PhysicsServer_SharedMemory_GUI.dir\MinSizeRel\tiny_obj_loader.obj
         App_PhysicsServer_SharedMemory_GUI.dir\MinSizeRel\tinyxml2.obj
         App_PhysicsServer_SharedMemory_GUI.dir\MinSizeRel\b3ImportMeshUtility.obj
         App_PhysicsServer_SharedMemory_GUI.dir\MinSizeRel\stb_image.obj
         App_PhysicsServer_SharedMemory_GUI.dir\MinSizeRel\b3ThreadSupportInterface.obj
         App_PhysicsServer_SharedMemory_GUI.dir\MinSizeRel\main_opengl_single_example.obj
         App_PhysicsServer_SharedMemory_GUI.dir\MinSizeRel\OpenGLGuiHelper.obj
         App_PhysicsServer_SharedMemory_GUI.dir\MinSizeRel\GL_ShapeDrawer.obj
         App_PhysicsServer_SharedMemory_GUI.dir\MinSizeRel\CollisionShape2TriangleMesh.obj
         App_PhysicsServer_SharedMemory_GUI.dir\MinSizeRel\b3Win32ThreadSupport.obj
            正在创建库 D:/USER/Desktop/Bullet3/examples/SharedMemory/MinSizeRel/App_PhysicsServer_SharedMemory_GUI.lib 和对象 D:/USER/Desktop/Bullet3/examples/SharedMemory/MinSizeRel/App_PhysicsServer_SharedMemory_GUI.exp
         App_PhysicsServer_SharedMemory_GUI.vcxproj -> D:\USER\Desktop\Bullet3\examples\SharedMemory\MinSizeRel\App_PhysicsServer_SharedMemory_GUI.exe
     1>已完成生成项目“D:\USER\Desktop\Bullet3\examples\SharedMemory\App_PhysicsServer_SharedMemory_GUI.vcxproj”(Build 个目标)的操作。

生成成功。

已用时间 00:00:56.37
