d:\user\documents\visual studio 2013\projects\ui-5-axis-dispenser\ui-5-axis-dispenser\debug\vc120.pdb
d:\user\documents\visual studio 2013\projects\ui-5-axis-dispenser\ui-5-axis-dispenser\debug\qrc_dispenser.obj
d:\user\documents\visual studio 2013\projects\ui-5-axis-dispenser\ui-5-axis-dispenser\debug\kinect_v2.obj
d:\user\documents\visual studio 2013\projects\ui-5-axis-dispenser\ui-5-axis-dispenser\debug\glm.obj
d:\user\documents\visual studio 2013\projects\ui-5-axis-dispenser\ui-5-axis-dispenser\debug\dllmain.obj
d:\user\documents\visual studio 2013\projects\ui-5-axis-dispenser\ui-5-axis-dispenser\generatedfiles\qrc_dispenser.cpp
d:\user\documents\visual studio 2013\projects\ui-5-axis-dispenser\ui-5-axis-dispenser\generatedfiles\debug\moc_dispenser.cpp
d:\user\documents\visual studio 2013\projects\ui-5-axis-dispenser\ui-5-axis-dispenser\generatedfiles\ui_dispenser.h
d:\user\documents\visual studio 2013\projects\ui-5-axis-dispenser\win32\debug\ui-5-axis-dispenser.ilk
d:\user\documents\visual studio 2013\projects\ui-5-axis-dispenser\win32\debug\ui-5-axis-dispenser.exe
d:\user\documents\visual studio 2013\projects\ui-5-axis-dispenser\win32\debug\ui-5-axis-dispenser.pdb
d:\user\documents\visual studio 2013\projects\ui-5-axis-dispenser\ui-5-axis-dispenser\debug\ui-5-axis-dispenser.vcxprojresolveassemblyreference.cache
d:\user\documents\visual studio 2013\projects\ui-5-axis-dispenser\ui-5-axis-dispenser\debug\ui-5-axi.b12702ad.tlog\cl.command.1.tlog
d:\user\documents\visual studio 2013\projects\ui-5-axis-dispenser\ui-5-axis-dispenser\debug\ui-5-axi.b12702ad.tlog\cl.read.1.tlog
d:\user\documents\visual studio 2013\projects\ui-5-axis-dispenser\ui-5-axis-dispenser\debug\ui-5-axi.b12702ad.tlog\cl.write.1.tlog
d:\user\documents\visual studio 2013\projects\ui-5-axis-dispenser\ui-5-axis-dispenser\debug\ui-5-axi.b12702ad.tlog\custombuild.command.1.tlog
d:\user\documents\visual studio 2013\projects\ui-5-axis-dispenser\ui-5-axis-dispenser\debug\ui-5-axi.b12702ad.tlog\custombuild.read.1.tlog
d:\user\documents\visual studio 2013\projects\ui-5-axis-dispenser\ui-5-axis-dispenser\debug\ui-5-axi.b12702ad.tlog\custombuild.write.1.tlog
d:\user\documents\visual studio 2013\projects\ui-5-axis-dispenser\ui-5-axis-dispenser\debug\ui-5-axi.b12702ad.tlog\link.command.1.tlog
d:\user\documents\visual studio 2013\projects\ui-5-axis-dispenser\ui-5-axis-dispenser\debug\ui-5-axi.b12702ad.tlog\link.read.1.tlog
d:\user\documents\visual studio 2013\projects\ui-5-axis-dispenser\ui-5-axis-dispenser\debug\ui-5-axi.b12702ad.tlog\link.write.1.tlog
d:\user\documents\visual studio 2013\projects\ui-5-axis-dispenser\ui-5-axis-dispenser\debug\ui-5-axi.b12702ad.tlog\metagen.write.1.tlog
