生成启动时间为 2018/5/8 18:52:41。
     1>项目“D:\USER\Desktop\Bullet3\src\Bullet3Dynamics\Bullet3Dynamics.vcxproj”在节点 3 上(Build 个目标)。
     1>CustomBuild:
         Building Custom Rule D:/USER/Desktop/bullet3-master/src/Bullet3Dynamics/CMakeLists.txt
         CMake does not need to re-run because D:/USER/Desktop/Bullet3/src/Bullet3Dynamics/CMakeFiles/generate.stamp is up-to-date.
       ClCompile:
         C:\Program Files (x86)\Microsoft Visual Studio 12.0\VC\bin\CL.exe /c /I"D:\USER\Desktop\bullet3-master\src" /Zi /nologo /W3 /WX- /Od /Ob0 /Oy- /D WIN32 /D _DEBUG /D USE_GRAPHICAL_BENCHMARK /D _CRT_SECURE_NO_WARNINGS /D _CRT_SECURE_NO_DEPRECATE /D _SCL_SECURE_NO_WARNINGS /D "CMAKE_INTDIR=\"Debug\"" /D _MBCS /GF /Gm- /EHsc /RTC1 /MTd /GS /Gy /arch:AVX /fp:fast /Zc:wchar_t /Zc:forScope /GR- /Fo"Bullet3Dynamics.dir\Debug\\" /Fd"Bullet3Dynamics.dir\Debug\vc120.pdb" /Gd /TP /wd4244 /wd4267 /analyze- /errorReport:prompt "D:\USER\Desktop\bullet3-master\src\Bullet3Dynamics\b3CpuRigidBodyPipeline.cpp" "D:\USER\Desktop\bullet3-master\src\Bullet3Dynamics\ConstraintSolver\b3FixedConstraint.cpp" "D:\USER\Desktop\bullet3-master\src\Bullet3Dynamics\ConstraintSolver\b3Generic6DofConstraint.cpp" "D:\USER\Desktop\bullet3-master\src\Bullet3Dynamics\ConstraintSolver\b3PgsJacobiSolver.cpp" "D:\USER\Desktop\bullet3-master\src\Bullet3Dynamics\ConstraintSolver\b3Point2PointConstraint.cpp" "D:\USER\Desktop\bullet3-master\src\Bullet3Dynamics\ConstraintSolver\b3TypedConstraint.cpp"
         b3CpuRigidBodyPipeline.cpp
         b3FixedConstraint.cpp
         b3Generic6DofConstraint.cpp
         b3PgsJacobiSolver.cpp
         b3Point2PointConstraint.cpp
         b3TypedConstraint.cpp
         正在生成代码...
       Lib:
         C:\Program Files (x86)\Microsoft Visual Studio 12.0\VC\bin\Lib.exe /OUT:"D:\USER\Desktop\Bullet3\lib\Debug\Bullet3Dynamics_Debug.lib" /NOLOGO   /machine:X86 Bullet3Dynamics.dir\Debug\b3CpuRigidBodyPipeline.obj
         Bullet3Dynamics.dir\Debug\b3FixedConstraint.obj
         Bullet3Dynamics.dir\Debug\b3Generic6DofConstraint.obj
         Bullet3Dynamics.dir\Debug\b3PgsJacobiSolver.obj
         Bullet3Dynamics.dir\Debug\b3Point2PointConstraint.obj
         Bullet3Dynamics.dir\Debug\b3TypedConstraint.obj
         Bullet3Dynamics.vcxproj -> D:\USER\Desktop\Bullet3\lib\Debug\Bullet3Dynamics_Debug.lib
     1>已完成生成项目“D:\USER\Desktop\Bullet3\src\Bullet3Dynamics\Bullet3Dynamics.vcxproj”(Build 个目标)的操作。

生成成功。

已用时间 00:00:06.69
