生成启动时间为 2018/5/8 18:52:04。
     1>项目“D:\USER\Desktop\Bullet3\ZERO_CHECK.vcxproj”在节点 2 上(Build 个目标)。
     1>CustomBuild:
         Checking Build System
         CMake does not need to re-run because D:/USER/Desktop/Bullet3/CMakeFiles/generate.stamp is up-to-date.
         CMake does not need to re-run because D:/USER/Desktop/Bullet3/examples/CMakeFiles/generate.stamp is up-to-date.
         CMake does not need to re-run because D:/USER/Desktop/Bullet3/Extras/CMakeFiles/generate.stamp is up-to-date.
         CMake does not need to re-run because D:/USER/Desktop/Bullet3/src/CMakeFiles/generate.stamp is up-to-date.
         CMake does not need to re-run because D:/USER/Desktop/Bullet3/test/CMakeFiles/generate.stamp is up-to-date.
         CMake does not need to re-run because D:/USER/Desktop/Bullet3/examples/HelloWorld/CMakeFiles/generate.stamp is up-to-date.
         CMake does not need to re-run because D:/USER/Desktop/Bullet3/examples/BasicDemo/CMakeFiles/generate.stamp is up-to-date.
         CMake does not need to re-run because D:/USER/Desktop/Bullet3/examples/ExampleBrowser/CMakeFiles/generate.stamp is up-to-date.
         CMake does not need to re-run because D:/USER/Desktop/Bullet3/examples/RobotSimulator/CMakeFiles/generate.stamp is up-to-date.
         CMake does not need to re-run because D:/USER/Desktop/Bullet3/examples/SharedMemory/CMakeFiles/generate.stamp is up-to-date.
         CMake does not need to re-run because D:/USER/Desktop/Bullet3/examples/ThirdPartyLibs/Gwen/CMakeFiles/generate.stamp is up-to-date.
         CMake does not need to re-run because D:/USER/Desktop/Bullet3/examples/ThirdPartyLibs/BussIK/CMakeFiles/generate.stamp is up-to-date.
         CMake does not need to re-run because D:/USER/Desktop/Bullet3/examples/ThirdPartyLibs/clsocket/CMakeFiles/generate.stamp is up-to-date.
         CMake does not need to re-run because D:/USER/Desktop/Bullet3/examples/OpenGLWindow/CMakeFiles/generate.stamp is up-to-date.
         CMake does not need to re-run because D:/USER/Desktop/Bullet3/examples/TwoJoint/CMakeFiles/generate.stamp is up-to-date.
         CMake does not need to re-run because D:/USER/Desktop/Bullet3/Extras/InverseDynamics/CMakeFiles/generate.stamp is up-to-date.
         CMake does not need to re-run because D:/USER/Desktop/Bullet3/Extras/BulletRobotics/CMakeFiles/generate.stamp is up-to-date.
         CMake does not need to re-run because D:/USER/Desktop/Bullet3/Extras/obj2sdf/CMakeFiles/generate.stamp is up-to-date.
         CMake does not need to re-run because D:/USER/Desktop/Bullet3/Extras/Serialize/CMakeFiles/generate.stamp is up-to-date.
         CMake does not need to re-run because D:/USER/Desktop/Bullet3/Extras/ConvexDecomposition/CMakeFiles/generate.stamp is up-to-date.
         CMake does not need to re-run because D:/USER/Desktop/Bullet3/Extras/HACD/CMakeFiles/generate.stamp is up-to-date.
         CMake does not need to re-run because D:/USER/Desktop/Bullet3/Extras/GIMPACTUtils/CMakeFiles/generate.stamp is up-to-date.
         CMake does not need to re-run because D:/USER/Desktop/Bullet3/Extras/Serialize/BulletFileLoader/CMakeFiles/generate.stamp is up-to-date.
         CMake does not need to re-run because D:/USER/Desktop/Bullet3/Extras/Serialize/BulletXmlWorldImporter/CMakeFiles/generate.stamp is up-to-date.
         CMake does not need to re-run because D:/USER/Desktop/Bullet3/Extras/Serialize/BulletWorldImporter/CMakeFiles/generate.stamp is up-to-date.
         CMake does not need to re-run because D:/USER/Desktop/Bullet3/src/Bullet3OpenCL/CMakeFiles/generate.stamp is up-to-date.
         CMake does not need to re-run because D:/USER/Desktop/Bullet3/src/Bullet3Serialize/Bullet2FileLoader/CMakeFiles/generate.stamp is up-to-date.
         CMake does not need to re-run because D:/USER/Desktop/Bullet3/src/Bullet3Dynamics/CMakeFiles/generate.stamp is up-to-date.
         CMake does not need to re-run because D:/USER/Desktop/Bullet3/src/Bullet3Collision/CMakeFiles/generate.stamp is up-to-date.
         CMake does not need to re-run because D:/USER/Desktop/Bullet3/src/Bullet3Geometry/CMakeFiles/generate.stamp is up-to-date.
         CMake does not need to re-run because D:/USER/Desktop/Bullet3/src/BulletInverseDynamics/CMakeFiles/generate.stamp is up-to-date.
         CMake does not need to re-run because D:/USER/Desktop/Bullet3/src/BulletSoftBody/CMakeFiles/generate.stamp is up-to-date.
         CMake does not need to re-run because D:/USER/Desktop/Bullet3/src/BulletCollision/CMakeFiles/generate.stamp is up-to-date.
         CMake does not need to re-run because D:/USER/Desktop/Bullet3/src/BulletDynamics/CMakeFiles/generate.stamp is up-to-date.
         CMake does not need to re-run because D:/USER/Desktop/Bullet3/src/LinearMath/CMakeFiles/generate.stamp is up-to-date.
         CMake does not need to re-run because D:/USER/Desktop/Bullet3/src/Bullet3Common/CMakeFiles/generate.stamp is up-to-date.
         CMake does not need to re-run because D:/USER/Desktop/Bullet3/test/InverseDynamics/CMakeFiles/generate.stamp is up-to-date.
         CMake does not need to re-run because D:/USER/Desktop/Bullet3/test/SharedMemory/CMakeFiles/generate.stamp is up-to-date.
         CMake does not need to re-run because D:/USER/Desktop/Bullet3/test/gtest-1.7.0/CMakeFiles/generate.stamp is up-to-date.
         CMake does not need to re-run because D:/USER/Desktop/Bullet3/test/collision/CMakeFiles/generate.stamp is up-to-date.
         CMake does not need to re-run because D:/USER/Desktop/Bullet3/test/BulletDynamics/CMakeFiles/generate.stamp is up-to-date.
         CMake does not need to re-run because D:/USER/Desktop/Bullet3/test/BulletDynamics/pendulum/CMakeFiles/generate.stamp is up-to-date.
     1>已完成生成项目“D:\USER\Desktop\Bullet3\ZERO_CHECK.vcxproj”(Build 个目标)的操作。

生成成功。

已用时间 00:00:00.53
