生成启动时间为 2018/5/8 18:57:34。
     1>项目“D:\USER\Desktop\Bullet3\examples\ThirdPartyLibs\Gwen\gwen.vcxproj”在节点 2 上(Build 个目标)。
     1>CustomBuild:
         Building Custom Rule D:/USER/Desktop/bullet3-master/examples/ThirdPartyLibs/Gwen/CMakeLists.txt
         CMake does not need to re-run because D:/USER/Desktop/Bullet3/examples/ThirdPartyLibs/Gwen/CMakeFiles/generate.stamp is up-to-date.
       ClCompile:
         C:\Program Files (x86)\Microsoft Visual Studio 12.0\VC\bin\CL.exe /c /I"D:\USER\Desktop\bullet3-master\src" /I"D:\USER\Desktop\bullet3-master\examples\ThirdPartyLibs" /I"D:\USER\Desktop\bullet3-master\examples\ThirdPartyLibs\glad" /nologo /W3 /WX- /O1 /Ob1 /Oy- /D WIN32 /D NDEBUG /D USE_GRAPHICAL_BENCHMARK /D _CRT_SECURE_NO_WARNINGS /D _CRT_SECURE_NO_DEPRECATE /D _SCL_SECURE_NO_WARNINGS /D GLEW_STATIC /D GWEN_COMPILE_STATIC /D _HAS_EXCEPTIONS=0 /D "CMAKE_INTDIR=\"MinSizeRel\"" /D _MBCS /GF /Gm- /EHsc /MT /GS /Gy /arch:AVX /fp:fast /Zc:wchar_t /Zc:forScope /GR- /Fo"gwen.dir\MinSizeRel\\" /Fd"gwen.dir\MinSizeRel\vc120.pdb" /Gd /TP /wd4244 /wd4267 /analyze- /errorReport:prompt "D:\USER\Desktop\bullet3-master\examples\ThirdPartyLibs\Gwen\Anim.cpp" "D:\USER\Desktop\bullet3-master\examples\ThirdPartyLibs\Gwen\BaseRender.cpp" "D:\USER\Desktop\bullet3-master\examples\ThirdPartyLibs\Gwen\DragAndDrop.cpp" "D:\USER\Desktop\bullet3-master\examples\ThirdPartyLibs\Gwen\Gwen.cpp" "D:\USER\Desktop\bullet3-master\examples\ThirdPartyLibs\Gwen\Hook.cpp" "D:\USER\Desktop\bullet3-master\examples\ThirdPartyLibs\Gwen\Skin.cpp" "D:\USER\Desktop\bullet3-master\examples\ThirdPartyLibs\Gwen\ToolTip.cpp" "D:\USER\Desktop\bullet3-master\examples\ThirdPartyLibs\Gwen\Utility.cpp" "D:\USER\Desktop\bullet3-master\examples\ThirdPartyLibs\Gwen\events.cpp" "D:\USER\Desktop\bullet3-master\examples\ThirdPartyLibs\Gwen\inputhandler.cpp" "D:\USER\Desktop\bullet3-master\examples\ThirdPartyLibs\Gwen\Controls\Base.cpp" "D:\USER\Desktop\bullet3-master\examples\ThirdPartyLibs\Gwen\Controls\Button.cpp" "D:\USER\Desktop\bullet3-master\examples\ThirdPartyLibs\Gwen\Controls\Canvas.cpp" "D:\USER\Desktop\bullet3-master\examples\ThirdPartyLibs\Gwen\Controls\CheckBox.cpp" "D:\USER\Desktop\bullet3-master\examples\ThirdPartyLibs\Gwen\Controls\ColorControls.cpp" "D:\USER\Desktop\bullet3-master\examples\ThirdPartyLibs\Gwen\Controls\ColorPicker.cpp" "D:\USER\Desktop\bullet3-master\examples\ThirdPartyLibs\Gwen\Controls\ComboBox.cpp" "D:\USER\Desktop\bullet3-master\examples\ThirdPartyLibs\Gwen\Controls\CrossSplitter.cpp" "D:\USER\Desktop\bullet3-master\examples\ThirdPartyLibs\Gwen\Controls\DockBase.cpp" "D:\USER\Desktop\bullet3-master\examples\ThirdPartyLibs\Gwen\Controls\DockedTabControl.cpp" "D:\USER\Desktop\bullet3-master\examples\ThirdPartyLibs\Gwen\Controls\Dragger.cpp" "D:\USER\Desktop\bullet3-master\examples\ThirdPartyLibs\Gwen\Controls\GroupBox.cpp" "D:\USER\Desktop\bullet3-master\examples\ThirdPartyLibs\Gwen\Controls\HSVColorPicker.cpp" "D:\USER\Desktop\bullet3-master\examples\ThirdPartyLibs\Gwen\Controls\HorizontalScrollBar.cpp" "D:\USER\Desktop\bullet3-master\examples\ThirdPartyLibs\Gwen\Controls\HorizontalSlider.cpp" "D:\USER\Desktop\bullet3-master\examples\ThirdPartyLibs\Gwen\Controls\ImagePanel.cpp" "D:\USER\Desktop\bullet3-master\examples\ThirdPartyLibs\Gwen\Controls\Label.cpp" "D:\USER\Desktop\bullet3-master\examples\ThirdPartyLibs\Gwen\Controls\LabelClickable.cpp" "D:\USER\Desktop\bullet3-master\examples\ThirdPartyLibs\Gwen\Controls\ListBox.cpp" "D:\USER\Desktop\bullet3-master\examples\ThirdPartyLibs\Gwen\Controls\Menu.cpp" "D:\USER\Desktop\bullet3-master\examples\ThirdPartyLibs\Gwen\Controls\MenuItem.cpp" "D:\USER\Desktop\bullet3-master\examples\ThirdPartyLibs\Gwen\Controls\MenuStrip.cpp" "D:\USER\Desktop\bullet3-master\examples\ThirdPartyLibs\Gwen\Controls\NumericUpDown.cpp" "D:\USER\Desktop\bullet3-master\examples\ThirdPartyLibs\Gwen\Controls\PanelListPanel.cpp" "D:\USER\Desktop\bullet3-master\examples\ThirdPartyLibs\Gwen\Controls\ProgressBar.cpp" "D:\USER\Desktop\bullet3-master\examples\ThirdPartyLibs\Gwen\Controls\Properties.cpp" "D:\USER\Desktop\bullet3-master\examples\ThirdPartyLibs\Gwen\Controls\RadioButton.cpp" "D:\USER\Desktop\bullet3-master\examples\ThirdPartyLibs\Gwen\Controls\RadioButtonController.cpp" "D:\USER\Desktop\bullet3-master\examples\ThirdPartyLibs\Gwen\Controls\ResizableControl.cpp" "D:\USER\Desktop\bullet3-master\examples\ThirdPartyLibs\Gwen\Controls\Resizer.cpp" "D:\USER\Desktop\bullet3-master\examples\ThirdPartyLibs\Gwen\Controls\RichLabel.cpp" "D:\USER\Desktop\bullet3-master\examples\ThirdPartyLibs\Gwen\Controls\ScrollBar.cpp" "D:\USER\Desktop\bullet3-master\examples\ThirdPartyLibs\Gwen\Controls\ScrollBarBar.cpp" "D:\USER\Desktop\bullet3-master\examples\ThirdPartyLibs\Gwen\Controls\ScrollBarButton.cpp" "D:\USER\Desktop\bullet3-master\examples\ThirdPartyLibs\Gwen\Controls\ScrollControl.cpp" "D:\USER\Desktop\bullet3-master\examples\ThirdPartyLibs\Gwen\Controls\Slider.cpp" "D:\USER\Desktop\bullet3-master\examples\ThirdPartyLibs\Gwen\Controls\SplitterBar.cpp" "D:\USER\Desktop\bullet3-master\examples\ThirdPartyLibs\Gwen\Controls\TabButton.cpp" "D:\USER\Desktop\bullet3-master\examples\ThirdPartyLibs\Gwen\Controls\TabControl.cpp" "D:\USER\Desktop\bullet3-master\examples\ThirdPartyLibs\Gwen\Controls\TabStrip.cpp" "D:\USER\Desktop\bullet3-master\examples\ThirdPartyLibs\Gwen\Controls\Text.cpp" "D:\USER\Desktop\bullet3-master\examples\ThirdPartyLibs\Gwen\Controls\TextBox.cpp" "D:\USER\Desktop\bullet3-master\examples\ThirdPartyLibs\Gwen\Controls\TextBoxNumeric.cpp" "D:\USER\Desktop\bullet3-master\examples\ThirdPartyLibs\Gwen\Controls\TreeControl.cpp" "D:\USER\Desktop\bullet3-master\examples\ThirdPartyLibs\Gwen\Controls\TreeNode.cpp" "D:\USER\Desktop\bullet3-master\examples\ThirdPartyLibs\Gwen\Controls\VerticalScrollBar.cpp" "D:\USER\Desktop\bullet3-master\examples\ThirdPartyLibs\Gwen\Controls\VerticalSlider.cpp" "D:\USER\Desktop\bullet3-master\examples\ThirdPartyLibs\Gwen\Controls\WindowControl.cpp" "D:\USER\Desktop\bullet3-master\examples\ThirdPartyLibs\Gwen\Controls\Dialog\FileOpen.cpp" "D:\USER\Desktop\bullet3-master\examples\ThirdPartyLibs\Gwen\Controls\Dialog\FileSave.cpp" "D:\USER\Desktop\bullet3-master\examples\ThirdPartyLibs\Gwen\Controls\Dialog\Query.cpp" "D:\USER\Desktop\bullet3-master\examples\ThirdPartyLibs\Gwen\Platforms\Null.cpp" "D:\USER\Desktop\bullet3-master\examples\ThirdPartyLibs\Gwen\Platforms\Windows.cpp" "D:\USER\Desktop\bullet3-master\examples\ThirdPartyLibs\Gwen\Renderers\OpenGL_DebugFont.cpp"
         Anim.cpp
         BaseRender.cpp
         DragAndDrop.cpp
         Gwen.cpp
         Hook.cpp
         Skin.cpp
         ToolTip.cpp
         Utility.cpp
         events.cpp
         inputhandler.cpp
         Base.cpp
         Button.cpp
         Canvas.cpp
         CheckBox.cpp
         ColorControls.cpp
         ColorPicker.cpp
         ComboBox.cpp
         CrossSplitter.cpp
         DockBase.cpp
         DockedTabControl.cpp
         正在生成代码...
         正在编译...
         Dragger.cpp
         GroupBox.cpp
         HSVColorPicker.cpp
         HorizontalScrollBar.cpp
         HorizontalSlider.cpp
         ImagePanel.cpp
         Label.cpp
         LabelClickable.cpp
         ListBox.cpp
         Menu.cpp
         MenuItem.cpp
         MenuStrip.cpp
         NumericUpDown.cpp
         PanelListPanel.cpp
         ProgressBar.cpp
         Properties.cpp
         RadioButton.cpp
         RadioButtonController.cpp
         ResizableControl.cpp
         Resizer.cpp
         正在生成代码...
         正在编译...
         RichLabel.cpp
         ScrollBar.cpp
         ScrollBarBar.cpp
         ScrollBarButton.cpp
         ScrollControl.cpp
         Slider.cpp
         SplitterBar.cpp
         TabButton.cpp
         TabControl.cpp
         TabStrip.cpp
         Text.cpp
         TextBox.cpp
         TextBoxNumeric.cpp
         TreeControl.cpp
         TreeNode.cpp
         VerticalScrollBar.cpp
         VerticalSlider.cpp
         WindowControl.cpp
         FileOpen.cpp
         FileSave.cpp
         正在生成代码...
         正在编译...
         Query.cpp
         Null.cpp
         Windows.cpp
         OpenGL_DebugFont.cpp
         正在生成代码...
       Lib:
         C:\Program Files (x86)\Microsoft Visual Studio 12.0\VC\bin\Lib.exe /OUT:"D:\USER\Desktop\Bullet3\lib\MinSizeRel\gwen_MinsizeRel.lib" /NOLOGO   /machine:X86 gwen.dir\MinSizeRel\Anim.obj
         gwen.dir\MinSizeRel\BaseRender.obj
         gwen.dir\MinSizeRel\DragAndDrop.obj
         gwen.dir\MinSizeRel\Gwen.obj
         gwen.dir\MinSizeRel\Hook.obj
         gwen.dir\MinSizeRel\Skin.obj
         gwen.dir\MinSizeRel\ToolTip.obj
         gwen.dir\MinSizeRel\Utility.obj
         gwen.dir\MinSizeRel\events.obj
         gwen.dir\MinSizeRel\inputhandler.obj
         gwen.dir\MinSizeRel\Base.obj
         gwen.dir\MinSizeRel\Button.obj
         gwen.dir\MinSizeRel\Canvas.obj
         gwen.dir\MinSizeRel\CheckBox.obj
         gwen.dir\MinSizeRel\ColorControls.obj
         gwen.dir\MinSizeRel\ColorPicker.obj
         gwen.dir\MinSizeRel\ComboBox.obj
         gwen.dir\MinSizeRel\CrossSplitter.obj
         gwen.dir\MinSizeRel\DockBase.obj
         gwen.dir\MinSizeRel\DockedTabControl.obj
         gwen.dir\MinSizeRel\Dragger.obj
         gwen.dir\MinSizeRel\GroupBox.obj
         gwen.dir\MinSizeRel\HSVColorPicker.obj
         gwen.dir\MinSizeRel\HorizontalScrollBar.obj
         gwen.dir\MinSizeRel\HorizontalSlider.obj
         gwen.dir\MinSizeRel\ImagePanel.obj
         gwen.dir\MinSizeRel\Label.obj
         gwen.dir\MinSizeRel\LabelClickable.obj
         gwen.dir\MinSizeRel\ListBox.obj
         gwen.dir\MinSizeRel\Menu.obj
         gwen.dir\MinSizeRel\MenuItem.obj
         gwen.dir\MinSizeRel\MenuStrip.obj
         gwen.dir\MinSizeRel\NumericUpDown.obj
         gwen.dir\MinSizeRel\PanelListPanel.obj
         gwen.dir\MinSizeRel\ProgressBar.obj
         gwen.dir\MinSizeRel\Properties.obj
         gwen.dir\MinSizeRel\RadioButton.obj
         gwen.dir\MinSizeRel\RadioButtonController.obj
         gwen.dir\MinSizeRel\ResizableControl.obj
         gwen.dir\MinSizeRel\Resizer.obj
         gwen.dir\MinSizeRel\RichLabel.obj
         gwen.dir\MinSizeRel\ScrollBar.obj
         gwen.dir\MinSizeRel\ScrollBarBar.obj
         gwen.dir\MinSizeRel\ScrollBarButton.obj
         gwen.dir\MinSizeRel\ScrollControl.obj
         gwen.dir\MinSizeRel\Slider.obj
         gwen.dir\MinSizeRel\SplitterBar.obj
         gwen.dir\MinSizeRel\TabButton.obj
         gwen.dir\MinSizeRel\TabControl.obj
         gwen.dir\MinSizeRel\TabStrip.obj
         gwen.dir\MinSizeRel\Text.obj
         gwen.dir\MinSizeRel\TextBox.obj
         gwen.dir\MinSizeRel\TextBoxNumeric.obj
         gwen.dir\MinSizeRel\TreeControl.obj
         gwen.dir\MinSizeRel\TreeNode.obj
         gwen.dir\MinSizeRel\VerticalScrollBar.obj
         gwen.dir\MinSizeRel\VerticalSlider.obj
         gwen.dir\MinSizeRel\WindowControl.obj
         gwen.dir\MinSizeRel\FileOpen.obj
         gwen.dir\MinSizeRel\FileSave.obj
         gwen.dir\MinSizeRel\Query.obj
         gwen.dir\MinSizeRel\Null.obj
         gwen.dir\MinSizeRel\Windows.obj
         gwen.dir\MinSizeRel\OpenGL_DebugFont.obj
     1>Null.obj : warning LNK4221: 此对象文件未定义任何之前未定义的公共符号，因此任何耗用此库的链接操作都不会使用此文件
     1>Query.obj : warning LNK4221: 此对象文件未定义任何之前未定义的公共符号，因此任何耗用此库的链接操作都不会使用此文件
     1>ImagePanel.obj : warning LNK4221: 此对象文件未定义任何之前未定义的公共符号，因此任何耗用此库的链接操作都不会使用此文件
         gwen.vcxproj -> D:\USER\Desktop\Bullet3\lib\MinSizeRel\gwen_MinsizeRel.lib
     1>已完成生成项目“D:\USER\Desktop\Bullet3\examples\ThirdPartyLibs\Gwen\gwen.vcxproj”(Build 个目标)的操作。

生成成功。

已用时间 00:01:01.51
