生成启动时间为 2018/5/15 18:04:54。
     1>项目“D:\USER\Documents\Visual Studio 2013\Projects\Bullet3\src\LinearMath\LinearMath.vcxproj”在节点 4 上(Build 个目标)。
     1>CustomBuild:
         Building Custom Rule D:/USER/Desktop/bullet3-master/src/LinearMath/CMakeLists.txt
         CMake does not need to re-run because D:/USER/Desktop/Bullet3/src/LinearMath/CMakeFiles/generate.stamp is up-to-date.
       ClCompile:
         C:\Program Files (x86)\Microsoft Visual Studio 12.0\VC\bin\CL.exe /c /I"D:\USER\Desktop\bullet3-master\src" /Zi /nologo /W3 /WX- /Od /Ob0 /Oy- /D WIN32 /D _DEBUG /D USE_GRAPHICAL_BENCHMARK /D _CRT_SECURE_NO_WARNINGS /D _CRT_SECURE_NO_DEPRECATE /D _SCL_SECURE_NO_WARNINGS /D "CMAKE_INTDIR=\"Debug\"" /D _MBCS /GF /Gm- /EHsc /RTC1 /MTd /GS /Gy /arch:AVX /fp:fast /Zc:wchar_t /Zc:forScope /GR- /Fo"LinearMath.dir\Debug\\" /Fd"LinearMath.dir\Debug\vc120.pdb" /Gd /TP /wd4244 /wd4267 /analyze- /errorReport:prompt "D:\USER\Desktop\bullet3-master\src\LinearMath\TaskScheduler\btTaskScheduler.cpp" "D:\USER\Desktop\bullet3-master\src\LinearMath\btAlignedAllocator.cpp" "D:\USER\Desktop\bullet3-master\src\LinearMath\btConvexHull.cpp" "D:\USER\Desktop\bullet3-master\src\LinearMath\btConvexHullComputer.cpp" "D:\USER\Desktop\bullet3-master\src\LinearMath\btGeometryUtil.cpp" "D:\USER\Desktop\bullet3-master\src\LinearMath\btPolarDecomposition.cpp" "D:\USER\Desktop\bullet3-master\src\LinearMath\btQuickprof.cpp" "D:\USER\Desktop\bullet3-master\src\LinearMath\btThreads.cpp" "D:\USER\Desktop\bullet3-master\src\LinearMath\btVector3.cpp"
         btTaskScheduler.cpp
         btAlignedAllocator.cpp
         btConvexHull.cpp
         btConvexHullComputer.cpp
         btGeometryUtil.cpp
         btPolarDecomposition.cpp
         btQuickprof.cpp
         btThreads.cpp
         btVector3.cpp
         正在生成代码...
       Lib:
         C:\Program Files (x86)\Microsoft Visual Studio 12.0\VC\bin\Lib.exe /OUT:"D:\USER\Desktop\Bullet3\lib\Debug\LinearMath_Debug.lib" /NOLOGO   /machine:X86 LinearMath.dir\Debug\btAlignedAllocator.obj
         LinearMath.dir\Debug\btConvexHull.obj
         LinearMath.dir\Debug\btConvexHullComputer.obj
         LinearMath.dir\Debug\btGeometryUtil.obj
         LinearMath.dir\Debug\btPolarDecomposition.obj
         LinearMath.dir\Debug\btQuickprof.obj
         LinearMath.dir\Debug\btSerializer.obj
         LinearMath.dir\Debug\btSerializer64.obj
         LinearMath.dir\Debug\btThreads.obj
         LinearMath.dir\Debug\btVector3.obj
         LinearMath.dir\Debug\btTaskScheduler.obj
         LinearMath.dir\Debug\btThreadSupportPosix.obj
         LinearMath.dir\Debug\btThreadSupportWin32.obj
         LinearMath.vcxproj -> D:\USER\Desktop\Bullet3\lib\Debug\LinearMath_Debug.lib
     1>已完成生成项目“D:\USER\Documents\Visual Studio 2013\Projects\Bullet3\src\LinearMath\LinearMath.vcxproj”(Build 个目标)的操作。

生成成功。

已用时间 00:00:02.07
