生成启动时间为 2018/5/8 18:58:36。
     1>项目“D:\USER\Desktop\Bullet3\examples\RobotSimulator\App_RobotSimulator.vcxproj”在节点 2 上(Build 个目标)。
     1>CustomBuild:
         Building Custom Rule D:/USER/Desktop/bullet3-master/examples/RobotSimulator/CMakeLists.txt
         CMake does not need to re-run because D:/USER/Desktop/Bullet3/examples/RobotSimulator/CMakeFiles/generate.stamp is up-to-date.
       ClCompile:
         C:\Program Files (x86)\Microsoft Visual Studio 12.0\VC\bin\CL.exe /c /I"D:\USER\Desktop\bullet3-master\src" /I"D:\USER\Desktop\bullet3-master\examples" /I"D:\USER\Desktop\bullet3-master\examples\ThirdPartyLibs" /I"D:\USER\Desktop\bullet3-master\examples\ThirdPartyLibs\enet\include" /I"D:\USER\Desktop\bullet3-master\examples\ThirdPartyLibs\clsocket\src" /I"D:\USER\Desktop\bullet3-master\btgui\OpenGLWindow\GlewWindows" /nologo /W3 /WX- /O1 /Ob1 /Oy- /D WIN32 /D NDEBUG /D B3_USE_ROBOTSIM_GUI /D USE_GRAPHICAL_BENCHMARK /D _CRT_SECURE_NO_WARNINGS /D _CRT_SECURE_NO_DEPRECATE /D _SCL_SECURE_NO_WARNINGS /D BT_ENABLE_CLSOCKET /D GLEW_STATIC /D "CMAKE_INTDIR=\"MinSizeRel\"" /D _MBCS /GF /Gm- /EHsc /MT /GS /Gy /arch:AVX /fp:fast /Zc:wchar_t /Zc:forScope /GR- /Fo"App_RobotSimulator.dir\MinSizeRel\\" /Fd"App_RobotSimulator.dir\MinSizeRel\vc120.pdb" /Gd /TP /wd4244 /wd4267 /analyze- /errorReport:prompt "D:\USER\Desktop\bullet3-master\examples\RobotSimulator\RobotSimulatorMain.cpp" "D:\USER\Desktop\bullet3-master\examples\RobotSimulator\b3RobotSimulatorClientAPI.cpp" "D:\USER\Desktop\bullet3-master\examples\RobotSimulator\b3RobotSimulatorClientAPI_NoGUI.cpp" "D:\USER\Desktop\bullet3-master\examples\RobotSimulator\MinitaurSetup.cpp" "D:\USER\Desktop\bullet3-master\examples\ExampleBrowser\InProcessExampleBrowser.cpp" "D:\USER\Desktop\bullet3-master\examples\SharedMemory\PhysicsServerExample.cpp" "D:\USER\Desktop\bullet3-master\examples\SharedMemory\PhysicsServerExampleBullet2.cpp" "D:\USER\Desktop\bullet3-master\examples\SharedMemory\SharedMemoryInProcessPhysicsC_API.cpp"
         RobotSimulatorMain.cpp
         b3RobotSimulatorClientAPI.cpp
         b3RobotSimulatorClientAPI_NoGUI.cpp
         MinitaurSetup.cpp
         InProcessExampleBrowser.cpp
         PhysicsServerExample.cpp
     1>D:\USER\Desktop\bullet3-master\examples\SharedMemory\PhysicsServerExample.cpp(870): warning C4316: “MultithreadedDebugDrawer”: 在堆上分配的对象可能不是对齐 16
     1>D:\USER\Desktop\bullet3-master\examples\SharedMemory\PhysicsServerExample.cpp(3229): warning C4316: “MultiThreadedOpenGLGuiHelper”: 在堆上分配的对象可能不是对齐 16
     1>D:\USER\Desktop\bullet3-master\examples\SharedMemory\PhysicsServerExample.cpp(3235): warning C4316: “PhysicsServerExample”: 在堆上分配的对象可能不是对齐 16
         PhysicsServerExampleBullet2.cpp
         SharedMemoryInProcessPhysicsC_API.cpp
         正在生成代码...
       Link:
         C:\Program Files (x86)\Microsoft Visual Studio 12.0\VC\bin\link.exe /ERRORREPORT:PROMPT /OUT:"D:\USER\Desktop\Bullet3\examples\RobotSimulator\MinSizeRel\App_RobotSimulator.exe" /INCREMENTAL:NO /NOLOGO kernel32.lib user32.lib gdi32.lib winspool.lib shell32.lib ole32.lib oleaut32.lib uuid.lib comdlg32.lib advapi32.lib opengl32.lib glu32.lib opengl32.lib glu32.lib ws2_32.lib ..\..\lib\MinSizeRel\BulletRobotics_MinsizeRel.lib ..\..\lib\MinSizeRel\BulletExampleBrowserLib_MinsizeRel.lib ..\..\lib\MinSizeRel\BulletFileLoader_MinsizeRel.lib ..\..\lib\MinSizeRel\BulletWorldImporter_MinsizeRel.lib ..\..\lib\MinSizeRel\BulletSoftBody_MinsizeRel.lib ..\..\lib\MinSizeRel\BulletDynamics_MinsizeRel.lib ..\..\lib\MinSizeRel\BulletCollision_MinsizeRel.lib ..\..\lib\MinSizeRel\BulletInverseDynamicsUtils_MinsizeRel.lib ..\..\lib\MinSizeRel\BulletInverseDynamics_MinsizeRel.lib ..\..\lib\MinSizeRel\LinearMath_MinsizeRel.lib ..\..\lib\MinSizeRel\OpenGLWindow_MinsizeRel.lib ..\..\lib\MinSizeRel\gwen_MinsizeRel.lib ..\..\lib\MinSizeRel\Bullet3Common_MinsizeRel.lib opengl32.lib glu32.lib /MANIFEST /MANIFESTUAC:"level='asInvoker' uiAccess='false'" /manifest:embed /PDB:"D:/USER/Desktop/Bullet3/examples/RobotSimulator/MinSizeRel/App_RobotSimulator.pdb" /SUBSYSTEM:CONSOLE /OPT:REF /OPT:ICF /TLBID:1 /DYNAMICBASE /NXCOMPAT /IMPLIB:"D:/USER/Desktop/Bullet3/examples/RobotSimulator/MinSizeRel/App_RobotSimulator.lib" /MACHINE:X86 /SAFESEH   /machine:X86 App_RobotSimulator.dir\MinSizeRel\RobotSimulatorMain.obj
         App_RobotSimulator.dir\MinSizeRel\b3RobotSimulatorClientAPI.obj
         App_RobotSimulator.dir\MinSizeRel\b3RobotSimulatorClientAPI_NoGUI.obj
         App_RobotSimulator.dir\MinSizeRel\MinitaurSetup.obj
         App_RobotSimulator.dir\MinSizeRel\InProcessExampleBrowser.obj
         App_RobotSimulator.dir\MinSizeRel\PhysicsServerExample.obj
         App_RobotSimulator.dir\MinSizeRel\PhysicsServerExampleBullet2.obj
         App_RobotSimulator.dir\MinSizeRel\SharedMemoryInProcessPhysicsC_API.obj
            正在创建库 D:/USER/Desktop/Bullet3/examples/RobotSimulator/MinSizeRel/App_RobotSimulator.lib 和对象 D:/USER/Desktop/Bullet3/examples/RobotSimulator/MinSizeRel/App_RobotSimulator.exp
         App_RobotSimulator.vcxproj -> D:\USER\Desktop\Bullet3\examples\RobotSimulator\MinSizeRel\App_RobotSimulator.exe
     1>已完成生成项目“D:\USER\Desktop\Bullet3\examples\RobotSimulator\App_RobotSimulator.vcxproj”(Build 个目标)的操作。

生成成功。

已用时间 00:00:07.57
