生成启动时间为 2018/5/8 19:07:49。
     1>项目“D:\USER\Desktop\Bullet3\examples\ThirdPartyLibs\clsocket\clsocket.vcxproj”在节点 3 上(Build 个目标)。
     1>CustomBuild:
         Building Custom Rule D:/USER/Desktop/bullet3-master/examples/ThirdPartyLibs/clsocket/CMakeLists.txt
         CMake does not need to re-run because D:/USER/Desktop/Bullet3/examples/ThirdPartyLibs/clsocket/CMakeFiles/generate.stamp is up-to-date.
       ClCompile:
         C:\Program Files (x86)\Microsoft Visual Studio 12.0\VC\bin\CL.exe /c /I"D:\USER\Desktop\bullet3-master\examples\ThirdPartyLibs\clsocket\src" /Zi /nologo /W3 /WX- /O2 /Ob1 /Oy- /D WIN32 /D NDEBUG /D USE_GRAPHICAL_BENCHMARK /D _CRT_SECURE_NO_WARNINGS /D _CRT_SECURE_NO_DEPRECATE /D _SCL_SECURE_NO_WARNINGS /D _WINSOCK_DEPRECATED_NO_WARNINGS /D "CMAKE_INTDIR=\"RelWithDebInfo\"" /D _MBCS /GF /Gm- /EHsc /MT /GS /Gy /arch:AVX /fp:fast /Zc:wchar_t /Zc:forScope /GR- /Fo"clsocket.dir\RelWithDebInfo\\" /Fd"clsocket.dir\RelWithDebInfo\vc120.pdb" /Gd /TP /wd4244 /wd4267 /analyze- /errorReport:prompt "D:\USER\Desktop\bullet3-master\examples\ThirdPartyLibs\clsocket\src\SimpleSocket.cpp" "D:\USER\Desktop\bullet3-master\examples\ThirdPartyLibs\clsocket\src\ActiveSocket.cpp" "D:\USER\Desktop\bullet3-master\examples\ThirdPartyLibs\clsocket\src\PassiveSocket.cpp"
         SimpleSocket.cpp
     1>D:\USER\Desktop\bullet3-master\examples\ThirdPartyLibs\clsocket\src\SimpleSocket.cpp(915): warning C4996: 'lseek': The POSIX name for this item is deprecated. Instead, use the ISO C++ conformant name: _lseek. See online help for details.
                 C:\Program Files (x86)\Microsoft Visual Studio 12.0\VC\include\io.h(334) : 参见“lseek”的声明
     1>D:\USER\Desktop\bullet3-master\examples\ThirdPartyLibs\clsocket\src\SimpleSocket.cpp(924): warning C4996: 'read': The POSIX name for this item is deprecated. Instead, use the ISO C++ conformant name: _read. See online help for details.
                 C:\Program Files (x86)\Microsoft Visual Studio 12.0\VC\include\io.h(337) : 参见“read”的声明
         ActiveSocket.cpp
         PassiveSocket.cpp
         正在生成代码...
       Lib:
         C:\Program Files (x86)\Microsoft Visual Studio 12.0\VC\bin\Lib.exe /OUT:"D:\USER\Desktop\Bullet3\lib\RelWithDebInfo\clsocket_RelWithDebugInfo.lib" /NOLOGO   /machine:X86 clsocket.dir\RelWithDebInfo\SimpleSocket.obj
         clsocket.dir\RelWithDebInfo\ActiveSocket.obj
         clsocket.dir\RelWithDebInfo\PassiveSocket.obj
         clsocket.vcxproj -> D:\USER\Desktop\Bullet3\lib\RelWithDebInfo\clsocket_RelWithDebugInfo.lib
     1>已完成生成项目“D:\USER\Desktop\Bullet3\examples\ThirdPartyLibs\clsocket\clsocket.vcxproj”(Build 个目标)的操作。

生成成功。

已用时间 00:00:01.74
