生成启动时间为 2018/5/8 19:04:19。
     1>项目“D:\USER\Desktop\Bullet3\src\BulletSoftBody\BulletSoftBody.vcxproj”在节点 3 上(Build 个目标)。
     1>CustomBuild:
         Building Custom Rule D:/USER/Desktop/bullet3-master/src/BulletSoftBody/CMakeLists.txt
         CMake does not need to re-run because D:/USER/Desktop/Bullet3/src/BulletSoftBody/CMakeFiles/generate.stamp is up-to-date.
       ClCompile:
         C:\Program Files (x86)\Microsoft Visual Studio 12.0\VC\bin\CL.exe /c /I"D:\USER\Desktop\bullet3-master\src" /Zi /nologo /W3 /WX- /O2 /Ob1 /Oy- /D WIN32 /D NDEBUG /D USE_GRAPHICAL_BENCHMARK /D _CRT_SECURE_NO_WARNINGS /D _CRT_SECURE_NO_DEPRECATE /D _SCL_SECURE_NO_WARNINGS /D "CMAKE_INTDIR=\"RelWithDebInfo\"" /D _MBCS /GF /Gm- /EHsc /MT /GS /Gy /arch:AVX /fp:fast /Zc:wchar_t /Zc:forScope /GR- /Fo"BulletSoftBody.dir\RelWithDebInfo\\" /Fd"BulletSoftBody.dir\RelWithDebInfo\vc120.pdb" /Gd /TP /wd4244 /wd4267 /analyze- /errorReport:prompt "D:\USER\Desktop\bullet3-master\src\BulletSoftBody\btSoftBody.cpp" "D:\USER\Desktop\bullet3-master\src\BulletSoftBody\btSoftBodyConcaveCollisionAlgorithm.cpp" "D:\USER\Desktop\bullet3-master\src\BulletSoftBody\btSoftBodyHelpers.cpp" "D:\USER\Desktop\bullet3-master\src\BulletSoftBody\btSoftBodyRigidBodyCollisionConfiguration.cpp" "D:\USER\Desktop\bullet3-master\src\BulletSoftBody\btSoftRigidCollisionAlgorithm.cpp" "D:\USER\Desktop\bullet3-master\src\BulletSoftBody\btSoftRigidDynamicsWorld.cpp" "D:\USER\Desktop\bullet3-master\src\BulletSoftBody\btSoftMultiBodyDynamicsWorld.cpp" "D:\USER\Desktop\bullet3-master\src\BulletSoftBody\btSoftSoftCollisionAlgorithm.cpp" "D:\USER\Desktop\bullet3-master\src\BulletSoftBody\btDefaultSoftBodySolver.cpp"
         btSoftBody.cpp
     1>D:\USER\Desktop\bullet3-master\src\BulletSoftBody\btSoftBody.cpp : warning C4819: 该文件包含不能在当前代码页(936)中表示的字符。请将该文件保存为 Unicode 格式以防止数据丢失
         btSoftBodyConcaveCollisionAlgorithm.cpp
         btSoftBodyHelpers.cpp
         btSoftBodyRigidBodyCollisionConfiguration.cpp
         btSoftRigidCollisionAlgorithm.cpp
         btSoftRigidDynamicsWorld.cpp
         btSoftMultiBodyDynamicsWorld.cpp
         btSoftSoftCollisionAlgorithm.cpp
         btDefaultSoftBodySolver.cpp
         正在生成代码...
       Lib:
         C:\Program Files (x86)\Microsoft Visual Studio 12.0\VC\bin\Lib.exe /OUT:"D:\USER\Desktop\Bullet3\lib\RelWithDebInfo\BulletSoftBody_RelWithDebugInfo.lib" /NOLOGO   /machine:X86 BulletSoftBody.dir\RelWithDebInfo\btSoftBody.obj
         BulletSoftBody.dir\RelWithDebInfo\btSoftBodyConcaveCollisionAlgorithm.obj
         BulletSoftBody.dir\RelWithDebInfo\btSoftBodyHelpers.obj
         BulletSoftBody.dir\RelWithDebInfo\btSoftBodyRigidBodyCollisionConfiguration.obj
         BulletSoftBody.dir\RelWithDebInfo\btSoftRigidCollisionAlgorithm.obj
         BulletSoftBody.dir\RelWithDebInfo\btSoftRigidDynamicsWorld.obj
         BulletSoftBody.dir\RelWithDebInfo\btSoftMultiBodyDynamicsWorld.obj
         BulletSoftBody.dir\RelWithDebInfo\btSoftSoftCollisionAlgorithm.obj
         BulletSoftBody.dir\RelWithDebInfo\btDefaultSoftBodySolver.obj
         BulletSoftBody.vcxproj -> D:\USER\Desktop\Bullet3\lib\RelWithDebInfo\BulletSoftBody_RelWithDebugInfo.lib
     1>已完成生成项目“D:\USER\Desktop\Bullet3\src\BulletSoftBody\BulletSoftBody.vcxproj”(Build 个目标)的操作。

生成成功。

已用时间 00:00:12.83
