生成启动时间为 2018/5/15 18:04:54。
     1>项目“D:\USER\Documents\Visual Studio 2013\Projects\Bullet3\src\BulletDynamics\BulletDynamics.vcxproj”在节点 3 上(Build 个目标)。
     1>CustomBuild:
         Building Custom Rule D:/USER/Desktop/bullet3-master/src/BulletDynamics/CMakeLists.txt
         CMake does not need to re-run because D:/USER/Desktop/Bullet3/src/BulletDynamics/CMakeFiles/generate.stamp is up-to-date.
       ClCompile:
         C:\Program Files (x86)\Microsoft Visual Studio 12.0\VC\bin\CL.exe /c /I"D:\USER\Desktop\bullet3-master\src" /Zi /nologo /W3 /WX- /Od /Ob0 /Oy- /D WIN32 /D _DEBUG /D USE_GRAPHICAL_BENCHMARK /D _CRT_SECURE_NO_WARNINGS /D _CRT_SECURE_NO_DEPRECATE /D _SCL_SECURE_NO_WARNINGS /D "CMAKE_INTDIR=\"Debug\"" /D _MBCS /GF /Gm- /EHsc /RTC1 /MTd /GS /Gy /arch:AVX /fp:fast /Zc:wchar_t /Zc:forScope /GR- /Fo"BulletDynamics.dir\Debug\\" /Fd"BulletDynamics.dir\Debug\vc120.pdb" /Gd /TP /wd4244 /wd4267 /analyze- /errorReport:prompt "D:\USER\Desktop\bullet3-master\src\BulletDynamics\Character\btKinematicCharacterController.cpp" "D:\USER\Desktop\bullet3-master\src\BulletDynamics\ConstraintSolver\btBatchedConstraints.cpp" "D:\USER\Desktop\bullet3-master\src\BulletDynamics\ConstraintSolver\btConeTwistConstraint.cpp" "D:\USER\Desktop\bullet3-master\src\BulletDynamics\ConstraintSolver\btContactConstraint.cpp" "D:\USER\Desktop\bullet3-master\src\BulletDynamics\ConstraintSolver\btFixedConstraint.cpp" "D:\USER\Desktop\bullet3-master\src\BulletDynamics\ConstraintSolver\btGearConstraint.cpp" "D:\USER\Desktop\bullet3-master\src\BulletDynamics\ConstraintSolver\btGeneric6DofConstraint.cpp" "D:\USER\Desktop\bullet3-master\src\BulletDynamics\ConstraintSolver\btGeneric6DofSpring2Constraint.cpp" "D:\USER\Desktop\bullet3-master\src\BulletDynamics\ConstraintSolver\btGeneric6DofSpringConstraint.cpp" "D:\USER\Desktop\bullet3-master\src\BulletDynamics\ConstraintSolver\btHinge2Constraint.cpp" "D:\USER\Desktop\bullet3-master\src\BulletDynamics\ConstraintSolver\btHingeConstraint.cpp" "D:\USER\Desktop\bullet3-master\src\BulletDynamics\ConstraintSolver\btNNCGConstraintSolver.cpp" "D:\USER\Desktop\bullet3-master\src\BulletDynamics\ConstraintSolver\btPoint2PointConstraint.cpp" "D:\USER\Desktop\bullet3-master\src\BulletDynamics\ConstraintSolver\btSequentialImpulseConstraintSolver.cpp" "D:\USER\Desktop\bullet3-master\src\BulletDynamics\ConstraintSolver\btSequentialImpulseConstraintSolverMt.cpp" "D:\USER\Desktop\bullet3-master\src\BulletDynamics\ConstraintSolver\btSliderConstraint.cpp" "D:\USER\Desktop\bullet3-master\src\BulletDynamics\ConstraintSolver\btSolve2LinearConstraint.cpp" "D:\USER\Desktop\bullet3-master\src\BulletDynamics\ConstraintSolver\btTypedConstraint.cpp" "D:\USER\Desktop\bullet3-master\src\BulletDynamics\ConstraintSolver\btUniversalConstraint.cpp" "D:\USER\Desktop\bullet3-master\src\BulletDynamics\Dynamics\btDiscreteDynamicsWorld.cpp" "D:\USER\Desktop\bullet3-master\src\BulletDynamics\Dynamics\btDiscreteDynamicsWorldMt.cpp" "D:\USER\Desktop\bullet3-master\src\BulletDynamics\Dynamics\btRigidBody.cpp" "D:\USER\Desktop\bullet3-master\src\BulletDynamics\Dynamics\btSimpleDynamicsWorld.cpp" "D:\USER\Desktop\bullet3-master\src\BulletDynamics\Dynamics\btSimulationIslandManagerMt.cpp" "D:\USER\Desktop\bullet3-master\src\BulletDynamics\Featherstone\btMultiBody.cpp" "D:\USER\Desktop\bullet3-master\src\BulletDynamics\Featherstone\btMultiBodyConstraint.cpp" "D:\USER\Desktop\bullet3-master\src\BulletDynamics\Featherstone\btMultiBodyConstraintSolver.cpp" "D:\USER\Desktop\bullet3-master\src\BulletDynamics\Featherstone\btMultiBodyDynamicsWorld.cpp" "D:\USER\Desktop\bullet3-master\src\BulletDynamics\Featherstone\btMultiBodyFixedConstraint.cpp" "D:\USER\Desktop\bullet3-master\src\BulletDynamics\Featherstone\btMultiBodyGearConstraint.cpp" "D:\USER\Desktop\bullet3-master\src\BulletDynamics\Featherstone\btMultiBodyJointLimitConstraint.cpp" "D:\USER\Desktop\bullet3-master\src\BulletDynamics\Featherstone\btMultiBodyJointMotor.cpp" "D:\USER\Desktop\bullet3-master\src\BulletDynamics\Featherstone\btMultiBodyPoint2Point.cpp" "D:\USER\Desktop\bullet3-master\src\BulletDynamics\Featherstone\btMultiBodySliderConstraint.cpp" "D:\USER\Desktop\bullet3-master\src\BulletDynamics\MLCPSolvers\btDantzigLCP.cpp" "D:\USER\Desktop\bullet3-master\src\BulletDynamics\MLCPSolvers\btLemkeAlgorithm.cpp" "D:\USER\Desktop\bullet3-master\src\BulletDynamics\MLCPSolvers\btMLCPSolver.cpp" "D:\USER\Desktop\bullet3-master\src\BulletDynamics\Vehicle\btRaycastVehicle.cpp" "D:\USER\Desktop\bullet3-master\src\BulletDynamics\Vehicle\btWheelInfo.cpp"
         btKinematicCharacterController.cpp
         btBatchedConstraints.cpp
     1>D:\USER\Desktop\bullet3-master\src\BulletDynamics\ConstraintSolver\btBatchedConstraints.cpp(896): warning C4018: “<”: 有符号/无符号不匹配
         btConeTwistConstraint.cpp
         btContactConstraint.cpp
         btFixedConstraint.cpp
         btGearConstraint.cpp
         btGeneric6DofConstraint.cpp
         btGeneric6DofSpring2Constraint.cpp
         btGeneric6DofSpringConstraint.cpp
         btHinge2Constraint.cpp
         btHingeConstraint.cpp
         btNNCGConstraintSolver.cpp
         btPoint2PointConstraint.cpp
         btSequentialImpulseConstraintSolver.cpp
         btSequentialImpulseConstraintSolverMt.cpp
         btSliderConstraint.cpp
         btSolve2LinearConstraint.cpp
         btTypedConstraint.cpp
         btUniversalConstraint.cpp
         btDiscreteDynamicsWorld.cpp
         正在生成代码...
         正在编译...
         btDiscreteDynamicsWorldMt.cpp
         btRigidBody.cpp
         btSimpleDynamicsWorld.cpp
         btSimulationIslandManagerMt.cpp
         btMultiBody.cpp
         btMultiBodyConstraint.cpp
         btMultiBodyConstraintSolver.cpp
         btMultiBodyDynamicsWorld.cpp
         btMultiBodyFixedConstraint.cpp
         btMultiBodyGearConstraint.cpp
         btMultiBodyJointLimitConstraint.cpp
         btMultiBodyJointMotor.cpp
         btMultiBodyPoint2Point.cpp
         btMultiBodySliderConstraint.cpp
         btDantzigLCP.cpp
         btLemkeAlgorithm.cpp
         btMLCPSolver.cpp
         btRaycastVehicle.cpp
         btWheelInfo.cpp
         正在生成代码...
       Lib:
         C:\Program Files (x86)\Microsoft Visual Studio 12.0\VC\bin\Lib.exe /OUT:"D:\USER\Desktop\Bullet3\lib\Debug\BulletDynamics_Debug.lib" /NOLOGO   /machine:X86 BulletDynamics.dir\Debug\btKinematicCharacterController.obj
         BulletDynamics.dir\Debug\btConeTwistConstraint.obj
         BulletDynamics.dir\Debug\btContactConstraint.obj
         BulletDynamics.dir\Debug\btFixedConstraint.obj
         BulletDynamics.dir\Debug\btGearConstraint.obj
         BulletDynamics.dir\Debug\btGeneric6DofConstraint.obj
         BulletDynamics.dir\Debug\btGeneric6DofSpringConstraint.obj
         BulletDynamics.dir\Debug\btGeneric6DofSpring2Constraint.obj
         BulletDynamics.dir\Debug\btHinge2Constraint.obj
         BulletDynamics.dir\Debug\btHingeConstraint.obj
         BulletDynamics.dir\Debug\btPoint2PointConstraint.obj
         BulletDynamics.dir\Debug\btSequentialImpulseConstraintSolver.obj
         BulletDynamics.dir\Debug\btSequentialImpulseConstraintSolverMt.obj
         BulletDynamics.dir\Debug\btBatchedConstraints.obj
         BulletDynamics.dir\Debug\btNNCGConstraintSolver.obj
         BulletDynamics.dir\Debug\btSliderConstraint.obj
         BulletDynamics.dir\Debug\btSolve2LinearConstraint.obj
         BulletDynamics.dir\Debug\btTypedConstraint.obj
         BulletDynamics.dir\Debug\btUniversalConstraint.obj
         BulletDynamics.dir\Debug\btDiscreteDynamicsWorld.obj
         BulletDynamics.dir\Debug\btDiscreteDynamicsWorldMt.obj
         BulletDynamics.dir\Debug\btSimulationIslandManagerMt.obj
         BulletDynamics.dir\Debug\btRigidBody.obj
         BulletDynamics.dir\Debug\btSimpleDynamicsWorld.obj
         BulletDynamics.dir\Debug\btRaycastVehicle.obj
         BulletDynamics.dir\Debug\btWheelInfo.obj
         BulletDynamics.dir\Debug\btMultiBody.obj
         BulletDynamics.dir\Debug\btMultiBodyConstraintSolver.obj
         BulletDynamics.dir\Debug\btMultiBodyDynamicsWorld.obj
         BulletDynamics.dir\Debug\btMultiBodyJointLimitConstraint.obj
         BulletDynamics.dir\Debug\btMultiBodyConstraint.obj
         BulletDynamics.dir\Debug\btMultiBodyPoint2Point.obj
         BulletDynamics.dir\Debug\btMultiBodyFixedConstraint.obj
         BulletDynamics.dir\Debug\btMultiBodySliderConstraint.obj
         BulletDynamics.dir\Debug\btMultiBodyJointMotor.obj
         BulletDynamics.dir\Debug\btMultiBodyGearConstraint.obj
         BulletDynamics.dir\Debug\btDantzigLCP.obj
         BulletDynamics.dir\Debug\btMLCPSolver.obj
         BulletDynamics.dir\Debug\btLemkeAlgorithm.obj
         BulletDynamics.vcxproj -> D:\USER\Desktop\Bullet3\lib\Debug\BulletDynamics_Debug.lib
     1>已完成生成项目“D:\USER\Documents\Visual Studio 2013\Projects\Bullet3\src\BulletDynamics\BulletDynamics.vcxproj”(Build 个目标)的操作。

生成成功。

已用时间 00:00:07.63
