生成启动时间为 2018/2/2 22:48:17。
     1>项目“D:\USER\Documents\Visual Studio 2013\Projects\GLUT-Tutorial\GLUT-Tutorial\GLUT-Tutorial.vcxproj”在节点 2 上(Build 个目标)。
     1>ClCompile:
         C:\Program Files (x86)\Microsoft Visual Studio 12.0\VC\bin\CL.exe /c /I.\Include /ZI /nologo /W3 /WX- /Od /Oy- /D WIN32 /D _DEBUG /D _CONSOLE /D _LIB /D _UNICODE /D UNICODE /Gm /EHsc /RTC1 /MDd /GS /fp:precise /Zc:wchar_t /Zc:forScope /Fo"Debug\\" /Fd"Debug\vc120.pdb" /Gd /TP /analyze- /errorReport:prompt main.cpp
         main.cpp
     1>d:\user\documents\visual studio 2013\projects\glut-tutorial\glut-tutorial\main.cpp(46): warning C4305: “参数”: 从“double”到“GLfloat”截断
     1>d:\user\documents\visual studio 2013\projects\glut-tutorial\glut-tutorial\main.cpp(54): warning C4305: “参数”: 从“double”到“GLfloat”截断
     1>d:\user\documents\visual studio 2013\projects\glut-tutorial\glut-tutorial\main.cpp(68): warning C4305: “参数”: 从“double”到“GLclampf”截断
     1>d:\user\documents\visual studio 2013\projects\glut-tutorial\glut-tutorial\main.cpp(89): warning C4244: “参数”: 从“double”转换到“GLfloat”，可能丢失数据
     1>d:\user\documents\visual studio 2013\projects\glut-tutorial\glut-tutorial\main.cpp(123): warning C4305: “+=”: 从“double”到“float”截断
       Link:
         C:\Program Files (x86)\Microsoft Visual Studio 12.0\VC\bin\link.exe /ERRORREPORT:PROMPT /OUT:"D:\USER\Documents\Visual Studio 2013\Projects\GLUT-Tutorial\Debug\GLUT-Tutorial.exe" /INCREMENTAL /NOLOGO /LIBPATH:.\Lib glew32.lib assimp.lib CORE_DB_Magick++_.lib CORE_RL_Magick++_.lib freeglut.lib glew32mx.lib glew32s.lib glew32mxs.lib kernel32.lib user32.lib gdi32.lib winspool.lib comdlg32.lib advapi32.lib shell32.lib ole32.lib oleaut32.lib uuid.lib odbc32.lib odbccp32.lib /MANIFEST /MANIFESTUAC:"level='asInvoker' uiAccess='false'" /manifest:embed /DEBUG /PDB:"D:\USER\Documents\Visual Studio 2013\Projects\GLUT-Tutorial\Debug\GLUT-Tutorial.pdb" /SUBSYSTEM:CONSOLE /TLBID:1 /DYNAMICBASE /NXCOMPAT /IMPLIB:"D:\USER\Documents\Visual Studio 2013\Projects\GLUT-Tutorial\Debug\GLUT-Tutorial.lib" /MACHINE:X86 Debug\main.obj
     1>main.obj : error LNK2019: 无法解析的外部符号 _glmUnitize，该符号在函数 _main 中被引用
     1>main.obj : error LNK2019: 无法解析的外部符号 _glmScale，该符号在函数 _main 中被引用
     1>main.obj : error LNK2019: 无法解析的外部符号 _glmDelete，该符号在函数 _main 中被引用
     1>main.obj : error LNK2019: 无法解析的外部符号 _glmReadOBJ，该符号在函数 _main 中被引用
     1>main.obj : error LNK2019: 无法解析的外部符号 _glmList，该符号在函数 _main 中被引用
     1>D:\USER\Documents\Visual Studio 2013\Projects\GLUT-Tutorial\Debug\GLUT-Tutorial.exe : fatal error LNK1120: 5 个无法解析的外部命令
     1>已完成生成项目“D:\USER\Documents\Visual Studio 2013\Projects\GLUT-Tutorial\GLUT-Tutorial\GLUT-Tutorial.vcxproj”(Build 个目标)的操作 - 失败。

生成失败。

已用时间 00:00:02.03
