生成启动时间为 2018/5/8 19:05:44。
     1>项目“D:\USER\Desktop\Bullet3\examples\TwoJoint\App_TwoJoint.vcxproj”在节点 4 上(Build 个目标)。
     1>CustomBuild:
         Building Custom Rule D:/USER/Desktop/bullet3-master/examples/TwoJoint/CMakeLists.txt
         CMake does not need to re-run because D:/USER/Desktop/Bullet3/examples/TwoJoint/CMakeFiles/generate.stamp is up-to-date.
       ClCompile:
         C:\Program Files (x86)\Microsoft Visual Studio 12.0\VC\bin\CL.exe /c /I"D:\USER\Desktop\bullet3-master\src" /I"D:\USER\Desktop\bullet3-master\examples" /I"D:\USER\Desktop\bullet3-master\examples\ThirdPartyLibs" /I"D:\USER\Desktop\bullet3-master\examples\ThirdPartyLibs\enet\include" /I"D:\USER\Desktop\bullet3-master\examples\ThirdPartyLibs\clsocket\src" /I"D:\USER\Desktop\bullet3-master\btgui\OpenGLWindow\GlewWindows" /Zi /nologo /W3 /WX- /O2 /Ob1 /Oy- /D WIN32 /D NDEBUG /D USE_GRAPHICAL_BENCHMARK /D _CRT_SECURE_NO_WARNINGS /D _CRT_SECURE_NO_DEPRECATE /D _SCL_SECURE_NO_WARNINGS /D BT_ENABLE_CLSOCKET /D BT_ENABLE_ENET /D GLEW_STATIC /D "CMAKE_INTDIR=\"RelWithDebInfo\"" /D _MBCS /GF /Gm- /EHsc /MT /GS /Gy /arch:AVX /fp:fast /Zc:wchar_t /Zc:forScope /GR- /Fo"App_TwoJoint.dir\RelWithDebInfo\\" /Fd"App_TwoJoint.dir\RelWithDebInfo\vc120.pdb" /Gd /TP /wd4244 /wd4267 /analyze- /errorReport:prompt "D:\USER\Desktop\bullet3-master\examples\TwoJoint\TwoJointMain.cpp" "D:\USER\Desktop\bullet3-master\examples\SharedMemory\IKTrajectoryHelper.cpp" "D:\USER\Desktop\bullet3-master\examples\ExampleBrowser\InProcessExampleBrowser.cpp" "D:\USER\Desktop\bullet3-master\examples\SharedMemory\plugins\tinyRendererPlugin\tinyRendererPlugin.cpp" "D:\USER\Desktop\bullet3-master\examples\SharedMemory\plugins\tinyRendererPlugin\TinyRendererVisualShapeConverter.cpp" "D:\USER\Desktop\bullet3-master\examples\OpenGLWindow\SimpleCamera.cpp" "D:\USER\Desktop\bullet3-master\examples\TinyRenderer\geometry.cpp" "D:\USER\Desktop\bullet3-master\examples\TinyRenderer\model.cpp" "D:\USER\Desktop\bullet3-master\examples\TinyRenderer\tgaimage.cpp" "D:\USER\Desktop\bullet3-master\examples\TinyRenderer\our_gl.cpp" "D:\USER\Desktop\bullet3-master\examples\TinyRenderer\TinyRenderer.cpp" "D:\USER\Desktop\bullet3-master\examples\SharedMemory\InProcessMemory.cpp" "D:\USER\Desktop\bullet3-master\examples\SharedMemory\PhysicsClient.cpp" "D:\USER\Desktop\bullet3-master\examples\SharedMemory\PhysicsServer.cpp" "D:\USER\Desktop\bullet3-master\examples\SharedMemory\PhysicsServerExample.cpp" "D:\USER\Desktop\bullet3-master\examples\SharedMemory\PhysicsServerExampleBullet2.cpp" "D:\USER\Desktop\bullet3-master\examples\SharedMemory\SharedMemoryInProcessPhysicsC_API.cpp" "D:\USER\Desktop\bullet3-master\examples\SharedMemory\PhysicsServerSharedMemory.cpp" "D:\USER\Desktop\bullet3-master\examples\SharedMemory\PhysicsDirect.cpp" "D:\USER\Desktop\bullet3-master\examples\SharedMemory\PhysicsDirectC_API.cpp" "D:\USER\Desktop\bullet3-master\examples\SharedMemory\PhysicsServerCommandProcessor.cpp" "D:\USER\Desktop\bullet3-master\examples\SharedMemory\b3PluginManager.cpp" "D:\USER\Desktop\bullet3-master\examples\SharedMemory\PhysicsClientSharedMemory.cpp" "D:\USER\Desktop\bullet3-master\examples\SharedMemory\PhysicsClientSharedMemory_C_API.cpp" "D:\USER\Desktop\bullet3-master\examples\SharedMemory\PhysicsClientC_API.cpp" "D:\USER\Desktop\bullet3-master\examples\SharedMemory\Win32SharedMemory.cpp" "D:\USER\Desktop\bullet3-master\examples\SharedMemory\PosixSharedMemory.cpp" "D:\USER\Desktop\bullet3-master\examples\Utils\b3ResourcePath.cpp" "D:\USER\Desktop\bullet3-master\examples\Utils\RobotLoggingUtil.cpp" "D:\USER\Desktop\bullet3-master\examples\ThirdPartyLibs\tinyxml2\tinyxml2.cpp" "D:\USER\Desktop\bullet3-master\examples\ThirdPartyLibs\Wavefront\tiny_obj_loader.cpp" "D:\USER\Desktop\bullet3-master\examples\ThirdPartyLibs\stb_image\stb_image.cpp" "D:\USER\Desktop\bullet3-master\examples\Importers\ImportColladaDemo\LoadMeshFromCollada.cpp" "D:\USER\Desktop\bullet3-master\examples\Importers\ImportObjDemo\LoadMeshFromObj.cpp" "D:\USER\Desktop\bullet3-master\examples\Importers\ImportObjDemo\Wavefront2GLInstanceGraphicsShape.cpp" "D:\USER\Desktop\bullet3-master\examples\Importers\ImportMJCFDemo\BulletMJCFImporter.cpp" "D:\USER\Desktop\bullet3-master\examples\Importers\ImportURDFDemo\BulletUrdfImporter.cpp" "D:\USER\Desktop\bullet3-master\examples\Importers\ImportURDFDemo\MyMultiBodyCreator.cpp" "D:\USER\Desktop\bullet3-master\examples\Importers\ImportURDFDemo\URDF2Bullet.cpp" "D:\USER\Desktop\bullet3-master\examples\Importers\ImportURDFDemo\UrdfParser.cpp" "D:\USER\Desktop\bullet3-master\examples\Importers\ImportURDFDemo\urdfStringSplit.cpp" "D:\USER\Desktop\bullet3-master\examples\Importers\ImportMeshUtility\b3ImportMeshUtility.cpp" "D:\USER\Desktop\bullet3-master\examples\MultiThreading\b3PosixThreadSupport.cpp" "D:\USER\Desktop\bullet3-master\examples\MultiThreading\b3Win32ThreadSupport.cpp" "D:\USER\Desktop\bullet3-master\examples\MultiThreading\b3ThreadSupportInterface.cpp" "D:\USER\Desktop\bullet3-master\examples\SharedMemory\PhysicsClientUDP.cpp" "D:\USER\Desktop\bullet3-master\examples\SharedMemory\PhysicsClientUDP_C_API.cpp" "D:\USER\Desktop\bullet3-master\examples\SharedMemory\PhysicsClientTCP.cpp" "D:\USER\Desktop\bullet3-master\examples\SharedMemory\PhysicsClientTCP_C_API.cpp" "D:\USER\Desktop\bullet3-master\examples\ThirdPartyLibs\clsocket\src\SimpleSocket.cpp" "D:\USER\Desktop\bullet3-master\examples\ThirdPartyLibs\clsocket\src\ActiveSocket.cpp" "D:\USER\Desktop\bullet3-master\examples\ThirdPartyLibs\clsocket\src\PassiveSocket.cpp"
         TwoJointMain.cpp
         IKTrajectoryHelper.cpp
         InProcessExampleBrowser.cpp
         tinyRendererPlugin.cpp
         TinyRendererVisualShapeConverter.cpp
     1>D:\USER\Desktop\bullet3-master\examples\SharedMemory\plugins\tinyRendererPlugin\TinyRendererVisualShapeConverter.cpp(128): warning C4316: “TinyRendererVisualShapeConverterInternalData”: 在堆上分配的对象可能不是对齐 16
     1>D:\USER\Desktop\bullet3-master\examples\SharedMemory\plugins\tinyRendererPlugin\TinyRendererVisualShapeConverter.cpp(634): warning C4316: “TinyRendererObjectArray”: 在堆上分配的对象可能不是对齐 16
     1>D:\USER\Desktop\bullet3-master\examples\SharedMemory\plugins\tinyRendererPlugin\TinyRendererVisualShapeConverter.cpp(666): warning C4316: “TinyRenderObjectData”: 在堆上分配的对象可能不是对齐 16
         SimpleCamera.cpp
         geometry.cpp
         model.cpp
         tgaimage.cpp
         our_gl.cpp
         TinyRenderer.cpp
         InProcessMemory.cpp
         PhysicsClient.cpp
         PhysicsServer.cpp
         PhysicsServerExample.cpp
     1>D:\USER\Desktop\bullet3-master\examples\SharedMemory\PhysicsServerExample.cpp(870): warning C4316: “MultithreadedDebugDrawer”: 在堆上分配的对象可能不是对齐 16
     1>D:\USER\Desktop\bullet3-master\examples\SharedMemory\PhysicsServerExample.cpp(3229): warning C4316: “MultiThreadedOpenGLGuiHelper”: 在堆上分配的对象可能不是对齐 16
     1>D:\USER\Desktop\bullet3-master\examples\SharedMemory\PhysicsServerExample.cpp(3235): warning C4316: “PhysicsServerExample”: 在堆上分配的对象可能不是对齐 16
         PhysicsServerExampleBullet2.cpp
         SharedMemoryInProcessPhysicsC_API.cpp
         PhysicsServerSharedMemory.cpp
         PhysicsDirect.cpp
         PhysicsDirectC_API.cpp
         正在生成代码...
         正在编译...
         PhysicsServerCommandProcessor.cpp
     1>D:\USER\Desktop\bullet3-master\examples\SharedMemory\PhysicsServerCommandProcessor.cpp(1689): warning C4316: “PhysicsServerCommandProcessorInternalData”: 在堆上分配的对象可能不是对齐 16
     1>D:\USER\Desktop\bullet3-master\examples\SharedMemory\PhysicsServerCommandProcessor.cpp(5939): warning C4018: “<”: 有符号/无符号不匹配
     1>D:\USER\Desktop\bullet3-master\examples\SharedMemory\PhysicsServerCommandProcessor.cpp(5943): warning C4018: “<”: 有符号/无符号不匹配
     1>D:\USER\Desktop\bullet3-master\examples\SharedMemory\PhysicsServerCommandProcessor.cpp(6007): warning C4316: “btMultiBodyJointFeedback”: 在堆上分配的对象可能不是对齐 16
         b3PluginManager.cpp
         PhysicsClientSharedMemory.cpp
         PhysicsClientSharedMemory_C_API.cpp
         PhysicsClientC_API.cpp
         Win32SharedMemory.cpp
         PosixSharedMemory.cpp
         b3ResourcePath.cpp
         RobotLoggingUtil.cpp
         tinyxml2.cpp
         tiny_obj_loader.cpp
     1>D:\USER\Desktop\bullet3-master\examples\ThirdPartyLibs\Wavefront\tiny_obj_loader.cpp(214): warning C4018: “<”: 有符号/无符号不匹配
         stb_image.cpp
         LoadMeshFromCollada.cpp
         LoadMeshFromObj.cpp
         Wavefront2GLInstanceGraphicsShape.cpp
     1>D:\USER\Desktop\bullet3-master\examples\Importers\ImportObjDemo\Wavefront2GLInstanceGraphicsShape.cpp(53): warning C4018: “<”: 有符号/无符号不匹配
     1>D:\USER\Desktop\bullet3-master\examples\Importers\ImportObjDemo\Wavefront2GLInstanceGraphicsShape.cpp(80): warning C4018: “<”: 有符号/无符号不匹配
     1>D:\USER\Desktop\bullet3-master\examples\Importers\ImportObjDemo\Wavefront2GLInstanceGraphicsShape.cpp(105): warning C4018: “<”: 有符号/无符号不匹配
         BulletMJCFImporter.cpp
     1>D:\USER\Desktop\bullet3-master\examples\Importers\ImportMJCFDemo\BulletMJCFImporter.cpp(427): warning C4316: “UrdfModel”: 在堆上分配的对象可能不是对齐 16
     1>D:\USER\Desktop\bullet3-master\examples\Importers\ImportMJCFDemo\BulletMJCFImporter.cpp(437): warning C4316: “UrdfModel”: 在堆上分配的对象可能不是对齐 16
     1>D:\USER\Desktop\bullet3-master\examples\Importers\ImportMJCFDemo\BulletMJCFImporter.cpp(440): warning C4316: “UrdfLink”: 在堆上分配的对象可能不是对齐 16
     1>D:\USER\Desktop\bullet3-master\examples\Importers\ImportMJCFDemo\BulletMJCFImporter.cpp(617): warning C4316: “UrdfJoint”: 在堆上分配的对象可能不是对齐 16
     1>D:\USER\Desktop\bullet3-master\examples\Importers\ImportMJCFDemo\BulletMJCFImporter.cpp(1084): warning C4316: “UrdfLink”: 在堆上分配的对象可能不是对齐 16
     1>D:\USER\Desktop\bullet3-master\examples\Importers\ImportMJCFDemo\BulletMJCFImporter.cpp(1286): warning C4316: “UrdfJoint”: 在堆上分配的对象可能不是对齐 16
         BulletUrdfImporter.cpp
         MyMultiBodyCreator.cpp
     1>D:\USER\Desktop\bullet3-master\examples\Importers\ImportURDFDemo\MyMultiBodyCreator.cpp(65): warning C4316: “GenericConstraintUserInfo”: 在堆上分配的对象可能不是对齐 16
     1>D:\USER\Desktop\bullet3-master\examples\Importers\ImportURDFDemo\MyMultiBodyCreator.cpp(148): warning C4316: “GenericConstraintUserInfo”: 在堆上分配的对象可能不是对齐 16
     1>D:\USER\Desktop\bullet3-master\examples\Importers\ImportURDFDemo\MyMultiBodyCreator.cpp(172): warning C4316: “GenericConstraintUserInfo”: 在堆上分配的对象可能不是对齐 16
         URDF2Bullet.cpp
         UrdfParser.cpp
     1>D:\USER\Desktop\bullet3-master\examples\Importers\ImportURDFDemo\UrdfParser.cpp(627): warning C4316: “UrdfMaterial”: 在堆上分配的对象可能不是对齐 16
     1>D:\USER\Desktop\bullet3-master\examples\Importers\ImportURDFDemo\UrdfParser.cpp(684): warning C4316: “UrdfMaterial”: 在堆上分配的对象可能不是对齐 16
     1>D:\USER\Desktop\bullet3-master\examples\Importers\ImportURDFDemo\UrdfParser.cpp(1533): warning C4316: “UrdfMaterial”: 在堆上分配的对象可能不是对齐 16
     1>D:\USER\Desktop\bullet3-master\examples\Importers\ImportURDFDemo\UrdfParser.cpp(1557): warning C4316: “UrdfLink”: 在堆上分配的对象可能不是对齐 16
     1>D:\USER\Desktop\bullet3-master\examples\Importers\ImportURDFDemo\UrdfParser.cpp(1606): warning C4316: “UrdfJoint”: 在堆上分配的对象可能不是对齐 16
     1>D:\USER\Desktop\bullet3-master\examples\Importers\ImportURDFDemo\UrdfParser.cpp(1696): warning C4316: “UrdfModel”: 在堆上分配的对象可能不是对齐 16
     1>D:\USER\Desktop\bullet3-master\examples\Importers\ImportURDFDemo\UrdfParser.cpp(1732): warning C4316: “UrdfMaterial”: 在堆上分配的对象可能不是对齐 16
     1>D:\USER\Desktop\bullet3-master\examples\Importers\ImportURDFDemo\UrdfParser.cpp(1756): warning C4316: “UrdfLink”: 在堆上分配的对象可能不是对齐 16
     1>D:\USER\Desktop\bullet3-master\examples\Importers\ImportURDFDemo\UrdfParser.cpp(1805): warning C4316: “UrdfJoint”: 在堆上分配的对象可能不是对齐 16
         正在生成代码...
         正在编译...
         urdfStringSplit.cpp
         b3ImportMeshUtility.cpp
     1>D:\USER\Desktop\bullet3-master\examples\Importers\ImportMeshUtility\b3ImportMeshUtility.cpp(84): warning C4018: “<”: 有符号/无符号不匹配
         b3PosixThreadSupport.cpp
         b3Win32ThreadSupport.cpp
         b3ThreadSupportInterface.cpp
         PhysicsClientUDP.cpp
         PhysicsClientUDP_C_API.cpp
         PhysicsClientTCP.cpp
         PhysicsClientTCP_C_API.cpp
         SimpleSocket.cpp
     1>d:\user\desktop\bullet3-master\examples\thirdpartylibs\clsocket\src\SimpleSocket.h(463): warning C4996: 'inet_ntoa': Use inet_ntop() or InetNtop() instead or define _WINSOCK_DEPRECATED_NO_WARNINGS to disable deprecated API warnings
                 C:\Program Files (x86)\Windows Kits\8.1\Include\um\winsock2.h(1868) : 参见“inet_ntoa”的声明
     1>d:\user\desktop\bullet3-master\examples\thirdpartylibs\clsocket\src\SimpleSocket.h(475): warning C4996: 'inet_ntoa': Use inet_ntop() or InetNtop() instead or define _WINSOCK_DEPRECATED_NO_WARNINGS to disable deprecated API warnings
                 C:\Program Files (x86)\Windows Kits\8.1\Include\um\winsock2.h(1868) : 参见“inet_ntoa”的声明
     1>D:\USER\Desktop\bullet3-master\examples\ThirdPartyLibs\clsocket\src\SimpleSocket.cpp(176): warning C4996: 'inet_addr': Use inet_pton() or InetPton() instead or define _WINSOCK_DEPRECATED_NO_WARNINGS to disable deprecated API warnings
                 C:\Program Files (x86)\Windows Kits\8.1\Include\um\winsock2.h(1850) : 参见“inet_addr”的声明
     1>D:\USER\Desktop\bullet3-master\examples\ThirdPartyLibs\clsocket\src\SimpleSocket.cpp(915): warning C4996: 'lseek': The POSIX name for this item is deprecated. Instead, use the ISO C++ conformant name: _lseek. See online help for details.
                 C:\Program Files (x86)\Microsoft Visual Studio 12.0\VC\include\io.h(334) : 参见“lseek”的声明
     1>D:\USER\Desktop\bullet3-master\examples\ThirdPartyLibs\clsocket\src\SimpleSocket.cpp(924): warning C4996: 'read': The POSIX name for this item is deprecated. Instead, use the ISO C++ conformant name: _read. See online help for details.
                 C:\Program Files (x86)\Microsoft Visual Studio 12.0\VC\include\io.h(337) : 参见“read”的声明
         ActiveSocket.cpp
     1>d:\user\desktop\bullet3-master\examples\thirdpartylibs\clsocket\src\SimpleSocket.h(463): warning C4996: 'inet_ntoa': Use inet_ntop() or InetNtop() instead or define _WINSOCK_DEPRECATED_NO_WARNINGS to disable deprecated API warnings
                 C:\Program Files (x86)\Windows Kits\8.1\Include\um\winsock2.h(1868) : 参见“inet_ntoa”的声明
     1>d:\user\desktop\bullet3-master\examples\thirdpartylibs\clsocket\src\SimpleSocket.h(475): warning C4996: 'inet_ntoa': Use inet_ntop() or InetNtop() instead or define _WINSOCK_DEPRECATED_NO_WARNINGS to disable deprecated API warnings
                 C:\Program Files (x86)\Windows Kits\8.1\Include\um\winsock2.h(1868) : 参见“inet_ntoa”的声明
     1>D:\USER\Desktop\bullet3-master\examples\ThirdPartyLibs\clsocket\src\ActiveSocket.cpp(65): warning C4996: 'gethostbyname': Use getaddrinfo() or GetAddrInfoW() instead or define _WINSOCK_DEPRECATED_NO_WARNINGS to disable deprecated API warnings
                 C:\Program Files (x86)\Windows Kits\8.1\Include\um\winsock2.h(2238) : 参见“gethostbyname”的声明
     1>D:\USER\Desktop\bullet3-master\examples\ThirdPartyLibs\clsocket\src\ActiveSocket.cpp(145): warning C4996: 'gethostbyname': Use getaddrinfo() or GetAddrInfoW() instead or define _WINSOCK_DEPRECATED_NO_WARNINGS to disable deprecated API warnings
                 C:\Program Files (x86)\Windows Kits\8.1\Include\um\winsock2.h(2238) : 参见“gethostbyname”的声明
     1>D:\USER\Desktop\bullet3-master\examples\ThirdPartyLibs\clsocket\src\ActiveSocket.cpp(203): warning C4996: 'gethostbyname': Use getaddrinfo() or GetAddrInfoW() instead or define _WINSOCK_DEPRECATED_NO_WARNINGS to disable deprecated API warnings
                 C:\Program Files (x86)\Windows Kits\8.1\Include\um\winsock2.h(2238) : 参见“gethostbyname”的声明
         PassiveSocket.cpp
     1>d:\user\desktop\bullet3-master\examples\thirdpartylibs\clsocket\src\SimpleSocket.h(463): warning C4996: 'inet_ntoa': Use inet_ntop() or InetNtop() instead or define _WINSOCK_DEPRECATED_NO_WARNINGS to disable deprecated API warnings
                 C:\Program Files (x86)\Windows Kits\8.1\Include\um\winsock2.h(1868) : 参见“inet_ntoa”的声明
     1>d:\user\desktop\bullet3-master\examples\thirdpartylibs\clsocket\src\SimpleSocket.h(475): warning C4996: 'inet_ntoa': Use inet_ntop() or InetNtop() instead or define _WINSOCK_DEPRECATED_NO_WARNINGS to disable deprecated API warnings
                 C:\Program Files (x86)\Windows Kits\8.1\Include\um\winsock2.h(1868) : 参见“inet_ntoa”的声明
     1>D:\USER\Desktop\bullet3-master\examples\ThirdPartyLibs\clsocket\src\PassiveSocket.cpp(82): warning C4996: 'inet_addr': Use inet_pton() or InetPton() instead or define _WINSOCK_DEPRECATED_NO_WARNINGS to disable deprecated API warnings
                 C:\Program Files (x86)\Windows Kits\8.1\Include\um\winsock2.h(1850) : 参见“inet_addr”的声明
     1>D:\USER\Desktop\bullet3-master\examples\ThirdPartyLibs\clsocket\src\PassiveSocket.cpp(96): warning C4996: 'inet_addr': Use inet_pton() or InetPton() instead or define _WINSOCK_DEPRECATED_NO_WARNINGS to disable deprecated API warnings
                 C:\Program Files (x86)\Windows Kits\8.1\Include\um\winsock2.h(1850) : 参见“inet_addr”的声明
     1>D:\USER\Desktop\bullet3-master\examples\ThirdPartyLibs\clsocket\src\PassiveSocket.cpp(169): warning C4996: 'inet_addr': Use inet_pton() or InetPton() instead or define _WINSOCK_DEPRECATED_NO_WARNINGS to disable deprecated API warnings
                 C:\Program Files (x86)\Windows Kits\8.1\Include\um\winsock2.h(1850) : 参见“inet_addr”的声明
         正在生成代码...
         C:\Program Files (x86)\Microsoft Visual Studio 12.0\VC\bin\CL.exe /c /I"D:\USER\Desktop\bullet3-master\src" /I"D:\USER\Desktop\bullet3-master\examples" /I"D:\USER\Desktop\bullet3-master\examples\ThirdPartyLibs" /I"D:\USER\Desktop\bullet3-master\examples\ThirdPartyLibs\enet\include" /I"D:\USER\Desktop\bullet3-master\examples\ThirdPartyLibs\clsocket\src" /I"D:\USER\Desktop\bullet3-master\btgui\OpenGLWindow\GlewWindows" /Zi /nologo /W3 /WX- /O2 /Ob1 /Oy- /D WIN32 /D NDEBUG /D USE_GRAPHICAL_BENCHMARK /D _CRT_SECURE_NO_WARNINGS /D _CRT_SECURE_NO_DEPRECATE /D _SCL_SECURE_NO_WARNINGS /D BT_ENABLE_CLSOCKET /D BT_ENABLE_ENET /D GLEW_STATIC /D "CMAKE_INTDIR=\"RelWithDebInfo\"" /D _MBCS /GF /Gm- /EHsc /MT /GS /Gy /arch:AVX /fp:fast /Zc:wchar_t /Zc:forScope /GR- /Fo"App_TwoJoint.dir\RelWithDebInfo\\" /Fd"App_TwoJoint.dir\RelWithDebInfo\vc120.pdb" /Gd /TC /wd4244 /wd4267 /analyze- /errorReport:prompt "D:\USER\Desktop\bullet3-master\examples\ThirdPartyLibs\enet\win32.c" "D:\USER\Desktop\bullet3-master\examples\ThirdPartyLibs\enet\unix.c" "D:\USER\Desktop\bullet3-master\examples\ThirdPartyLibs\enet\callbacks.c" "D:\USER\Desktop\bullet3-master\examples\ThirdPartyLibs\enet\compress.c" "D:\USER\Desktop\bullet3-master\examples\ThirdPartyLibs\enet\host.c" "D:\USER\Desktop\bullet3-master\examples\ThirdPartyLibs\enet\list.c" "D:\USER\Desktop\bullet3-master\examples\ThirdPartyLibs\enet\packet.c" "D:\USER\Desktop\bullet3-master\examples\ThirdPartyLibs\enet\peer.c" "D:\USER\Desktop\bullet3-master\examples\ThirdPartyLibs\enet\protocol.c"
         win32.c
         unix.c
         callbacks.c
         compress.c
     1>D:\USER\Desktop\bullet3-master\examples\ThirdPartyLibs\enet\compress.c(303): warning C4146: 一元负运算符应用于无符号类型，结果仍为无符号类型
     1>D:\USER\Desktop\bullet3-master\examples\ThirdPartyLibs\enet\compress.c(308): warning C4146: 一元负运算符应用于无符号类型，结果仍为无符号类型
     1>D:\USER\Desktop\bullet3-master\examples\ThirdPartyLibs\enet\compress.c(326): warning C4146: 一元负运算符应用于无符号类型，结果仍为无符号类型
     1>D:\USER\Desktop\bullet3-master\examples\ThirdPartyLibs\enet\compress.c(548): warning C4146: 一元负运算符应用于无符号类型，结果仍为无符号类型
     1>D:\USER\Desktop\bullet3-master\examples\ThirdPartyLibs\enet\compress.c(563): warning C4146: 一元负运算符应用于无符号类型，结果仍为无符号类型
     1>D:\USER\Desktop\bullet3-master\examples\ThirdPartyLibs\enet\compress.c(578): warning C4146: 一元负运算符应用于无符号类型，结果仍为无符号类型
     1>D:\USER\Desktop\bullet3-master\examples\ThirdPartyLibs\enet\compress.c(593): warning C4146: 一元负运算符应用于无符号类型，结果仍为无符号类型
         host.c
         list.c
         packet.c
         peer.c
         protocol.c
         正在生成代码...
       Link:
         C:\Program Files (x86)\Microsoft Visual Studio 12.0\VC\bin\link.exe /ERRORREPORT:PROMPT /OUT:"D:\USER\Desktop\Bullet3\examples\TwoJoint\RelWithDebInfo\App_TwoJoint.exe" /INCREMENTAL /NOLOGO kernel32.lib user32.lib gdi32.lib winspool.lib shell32.lib ole32.lib oleaut32.lib uuid.lib comdlg32.lib advapi32.lib opengl32.lib glu32.lib opengl32.lib glu32.lib ws2_32.lib ..\..\lib\RelWithDebInfo\BulletExampleBrowserLib_RelWithDebugInfo.lib ..\..\lib\RelWithDebInfo\BulletFileLoader_RelWithDebugInfo.lib ..\..\lib\RelWithDebInfo\BulletWorldImporter_RelWithDebugInfo.lib ..\..\lib\RelWithDebInfo\BulletSoftBody_RelWithDebugInfo.lib ..\..\lib\RelWithDebInfo\BulletDynamics_RelWithDebugInfo.lib ..\..\lib\RelWithDebInfo\BulletCollision_RelWithDebugInfo.lib ..\..\lib\RelWithDebInfo\BulletInverseDynamicsUtils_RelWithDebugInfo.lib ..\..\lib\RelWithDebInfo\BulletInverseDynamics_RelWithDebugInfo.lib ..\..\lib\RelWithDebInfo\LinearMath_RelWithDebugInfo.lib ..\..\lib\RelWithDebInfo\OpenGLWindow_RelWithDebugInfo.lib ..\..\lib\RelWithDebInfo\gwen_RelWithDebugInfo.lib ..\..\lib\RelWithDebInfo\BussIK_RelWithDebugInfo.lib ..\..\lib\RelWithDebInfo\Bullet3Common_RelWithDebugInfo.lib /MANIFEST /MANIFESTUAC:"level='asInvoker' uiAccess='false'" /manifest:embed /DEBUG /PDB:"D:/USER/Desktop/Bullet3/examples/TwoJoint/RelWithDebInfo/App_TwoJoint.pdb" /SUBSYSTEM:CONSOLE /OPT:REF /OPT:ICF /TLBID:1 /DYNAMICBASE /NXCOMPAT /IMPLIB:"D:/USER/Desktop/Bullet3/examples/TwoJoint/RelWithDebInfo/App_TwoJoint.lib" /MACHINE:X86 /SAFESEH   /machine:X86 App_TwoJoint.dir\RelWithDebInfo\TwoJointMain.obj
         App_TwoJoint.dir\RelWithDebInfo\IKTrajectoryHelper.obj
         App_TwoJoint.dir\RelWithDebInfo\InProcessExampleBrowser.obj
         App_TwoJoint.dir\RelWithDebInfo\tinyRendererPlugin.obj
         App_TwoJoint.dir\RelWithDebInfo\TinyRendererVisualShapeConverter.obj
         App_TwoJoint.dir\RelWithDebInfo\SimpleCamera.obj
         App_TwoJoint.dir\RelWithDebInfo\geometry.obj
         App_TwoJoint.dir\RelWithDebInfo\model.obj
         App_TwoJoint.dir\RelWithDebInfo\tgaimage.obj
         App_TwoJoint.dir\RelWithDebInfo\our_gl.obj
         App_TwoJoint.dir\RelWithDebInfo\TinyRenderer.obj
         App_TwoJoint.dir\RelWithDebInfo\InProcessMemory.obj
         App_TwoJoint.dir\RelWithDebInfo\PhysicsClient.obj
         App_TwoJoint.dir\RelWithDebInfo\PhysicsServer.obj
         App_TwoJoint.dir\RelWithDebInfo\PhysicsServerExample.obj
         App_TwoJoint.dir\RelWithDebInfo\PhysicsServerExampleBullet2.obj
         App_TwoJoint.dir\RelWithDebInfo\SharedMemoryInProcessPhysicsC_API.obj
         App_TwoJoint.dir\RelWithDebInfo\PhysicsServerSharedMemory.obj
         App_TwoJoint.dir\RelWithDebInfo\PhysicsDirect.obj
         App_TwoJoint.dir\RelWithDebInfo\PhysicsDirectC_API.obj
         App_TwoJoint.dir\RelWithDebInfo\PhysicsServerCommandProcessor.obj
         App_TwoJoint.dir\RelWithDebInfo\b3PluginManager.obj
         App_TwoJoint.dir\RelWithDebInfo\PhysicsClientSharedMemory.obj
         App_TwoJoint.dir\RelWithDebInfo\PhysicsClientSharedMemory_C_API.obj
         App_TwoJoint.dir\RelWithDebInfo\PhysicsClientC_API.obj
         App_TwoJoint.dir\RelWithDebInfo\Win32SharedMemory.obj
         App_TwoJoint.dir\RelWithDebInfo\PosixSharedMemory.obj
         App_TwoJoint.dir\RelWithDebInfo\b3ResourcePath.obj
         App_TwoJoint.dir\RelWithDebInfo\RobotLoggingUtil.obj
         App_TwoJoint.dir\RelWithDebInfo\tinyxml2.obj
         App_TwoJoint.dir\RelWithDebInfo\tiny_obj_loader.obj
         App_TwoJoint.dir\RelWithDebInfo\stb_image.obj
         App_TwoJoint.dir\RelWithDebInfo\LoadMeshFromCollada.obj
         App_TwoJoint.dir\RelWithDebInfo\LoadMeshFromObj.obj
         App_TwoJoint.dir\RelWithDebInfo\Wavefront2GLInstanceGraphicsShape.obj
         App_TwoJoint.dir\RelWithDebInfo\BulletMJCFImporter.obj
         App_TwoJoint.dir\RelWithDebInfo\BulletUrdfImporter.obj
         App_TwoJoint.dir\RelWithDebInfo\MyMultiBodyCreator.obj
         App_TwoJoint.dir\RelWithDebInfo\URDF2Bullet.obj
         App_TwoJoint.dir\RelWithDebInfo\UrdfParser.obj
         App_TwoJoint.dir\RelWithDebInfo\urdfStringSplit.obj
         App_TwoJoint.dir\RelWithDebInfo\b3ImportMeshUtility.obj
         App_TwoJoint.dir\RelWithDebInfo\b3PosixThreadSupport.obj
         App_TwoJoint.dir\RelWithDebInfo\b3Win32ThreadSupport.obj
         App_TwoJoint.dir\RelWithDebInfo\b3ThreadSupportInterface.obj
         App_TwoJoint.dir\RelWithDebInfo\PhysicsClientUDP.obj
         App_TwoJoint.dir\RelWithDebInfo\PhysicsClientUDP_C_API.obj
         App_TwoJoint.dir\RelWithDebInfo\win32.obj
         App_TwoJoint.dir\RelWithDebInfo\unix.obj
         App_TwoJoint.dir\RelWithDebInfo\callbacks.obj
         App_TwoJoint.dir\RelWithDebInfo\compress.obj
         App_TwoJoint.dir\RelWithDebInfo\host.obj
         App_TwoJoint.dir\RelWithDebInfo\list.obj
         App_TwoJoint.dir\RelWithDebInfo\packet.obj
         App_TwoJoint.dir\RelWithDebInfo\peer.obj
         App_TwoJoint.dir\RelWithDebInfo\protocol.obj
         App_TwoJoint.dir\RelWithDebInfo\PhysicsClientTCP.obj
         App_TwoJoint.dir\RelWithDebInfo\PhysicsClientTCP_C_API.obj
         App_TwoJoint.dir\RelWithDebInfo\SimpleSocket.obj
         App_TwoJoint.dir\RelWithDebInfo\ActiveSocket.obj
         App_TwoJoint.dir\RelWithDebInfo\PassiveSocket.obj
     1>LINK : warning LNK4075: 忽略“/INCREMENTAL”(由于“/OPT:ICF”规范)
            正在创建库 D:/USER/Desktop/Bullet3/examples/TwoJoint/RelWithDebInfo/App_TwoJoint.lib 和对象 D:/USER/Desktop/Bullet3/examples/TwoJoint/RelWithDebInfo/App_TwoJoint.exp
         App_TwoJoint.vcxproj -> D:\USER\Desktop\Bullet3\examples\TwoJoint\RelWithDebInfo\App_TwoJoint.exe
     1>已完成生成项目“D:\USER\Desktop\Bullet3\examples\TwoJoint\App_TwoJoint.vcxproj”(Build 个目标)的操作。

生成成功。

已用时间 00:02:21.32
