生成启动时间为 2018/5/8 18:57:38。
     1>项目“D:\USER\Desktop\Bullet3\src\Bullet3Collision\Bullet3Collision.vcxproj”在节点 3 上(Build 个目标)。
     1>CustomBuild:
         Building Custom Rule D:/USER/Desktop/bullet3-master/src/Bullet3Collision/CMakeLists.txt
         CMake does not need to re-run because D:/USER/Desktop/Bullet3/src/Bullet3Collision/CMakeFiles/generate.stamp is up-to-date.
       ClCompile:
         C:\Program Files (x86)\Microsoft Visual Studio 12.0\VC\bin\CL.exe /c /I"D:\USER\Desktop\bullet3-master\src" /nologo /W3 /WX- /O1 /Ob1 /Oy- /D WIN32 /D NDEBUG /D USE_GRAPHICAL_BENCHMARK /D _CRT_SECURE_NO_WARNINGS /D _CRT_SECURE_NO_DEPRECATE /D _SCL_SECURE_NO_WARNINGS /D "CMAKE_INTDIR=\"MinSizeRel\"" /D _MBCS /GF /Gm- /EHsc /MT /GS /Gy /arch:AVX /fp:fast /Zc:wchar_t /Zc:forScope /GR- /Fo"Bullet3Collision.dir\MinSizeRel\\" /Fd"Bullet3Collision.dir\MinSizeRel\vc120.pdb" /Gd /TP /wd4244 /wd4267 /analyze- /errorReport:prompt "D:\USER\Desktop\bullet3-master\src\Bullet3Collision\BroadPhaseCollision\b3DynamicBvh.cpp" "D:\USER\Desktop\bullet3-master\src\Bullet3Collision\BroadPhaseCollision\b3DynamicBvhBroadphase.cpp" "D:\USER\Desktop\bullet3-master\src\Bullet3Collision\BroadPhaseCollision\b3OverlappingPairCache.cpp" "D:\USER\Desktop\bullet3-master\src\Bullet3Collision\NarrowPhaseCollision\b3ConvexUtility.cpp" "D:\USER\Desktop\bullet3-master\src\Bullet3Collision\NarrowPhaseCollision\b3CpuNarrowPhase.cpp"
         b3DynamicBvh.cpp
         b3DynamicBvhBroadphase.cpp
         b3OverlappingPairCache.cpp
         b3ConvexUtility.cpp
         b3CpuNarrowPhase.cpp
         正在生成代码...
       Lib:
         C:\Program Files (x86)\Microsoft Visual Studio 12.0\VC\bin\Lib.exe /OUT:"D:\USER\Desktop\Bullet3\lib\MinSizeRel\Bullet3Collision_MinsizeRel.lib" /NOLOGO   /machine:X86 Bullet3Collision.dir\MinSizeRel\b3DynamicBvh.obj
         Bullet3Collision.dir\MinSizeRel\b3DynamicBvhBroadphase.obj
         Bullet3Collision.dir\MinSizeRel\b3OverlappingPairCache.obj
         Bullet3Collision.dir\MinSizeRel\b3ConvexUtility.obj
         Bullet3Collision.dir\MinSizeRel\b3CpuNarrowPhase.obj
         Bullet3Collision.vcxproj -> D:\USER\Desktop\Bullet3\lib\MinSizeRel\Bullet3Collision_MinsizeRel.lib
     1>已完成生成项目“D:\USER\Desktop\Bullet3\src\Bullet3Collision\Bullet3Collision.vcxproj”(Build 个目标)的操作。

生成成功。

已用时间 00:00:03.50
