生成启动时间为 2018/4/29 16:13:35。
     1>项目“D:\USER\Documents\Visual Studio 2013\Projects\5-Aixs Dispenser\5-Aixs Dispenser\5-Aixs Dispenser.vcxproj”在节点 2 上(Build 个目标)。
     1>ClCompile:
         C:\Program Files (x86)\Microsoft Visual Studio 12.0\VC\bin\CL.exe /c /IC:\portaudio\include /IC:\OpenCV300\opencv\build\include /IC:\OpenCV300\opencv\build\include\opencv /IC:\OpenCV300\opencv\build\include\opencv2 /I"C:\Program Files\Microsoft SDKs\Kinect\v2.0_1409\\inc" /AI"C:\Program Files (x86)\Reference Assemblies\Microsoft\Framework\.NETFramework\v4.0" /AI"C:\Program Files (x86)\Windows Kits\8.1\References\CommonConfiguration\Neutral" /Zi /clr /nologo /W3 /WX- /Od /Oy- /D WIN32 /D _DEBUG /D _CONSOLE /D _LIB /D _MBCS /EHa /MDd /GS /fp:precise /Zc:wchar_t /Zc:forScope /Fo"Debug\\" /Fd"Debug\vc120.pdb" /TP /FU"C:\Program Files (x86)\Reference Assemblies\Microsoft\Framework\.NETFramework\v4.0\mscorlib.dll" /analyze- /errorReport:prompt /clr:nostdlib main.cpp
         main.cpp
     1>C:\OpenCV300\opencv\build\include\opencv2/core/mat.hpp(1965): warning C4819: 该文件包含不能在当前代码页(936)中表示的字符。请将该文件保存为 Unicode 格式以防止数据丢失
     1>C:\OpenCV300\opencv\build\include\opencv2/core/persistence.hpp : warning C4819: 该文件包含不能在当前代码页(936)中表示的字符。请将该文件保存为 Unicode 格式以防止数据丢失
     1>C:\OpenCV300\opencv\build\include\opencv2/core/utility.hpp : warning C4819: 该文件包含不能在当前代码页(936)中表示的字符。请将该文件保存为 Unicode 格式以防止数据丢失
     1>d:\user\documents\visual studio 2013\projects\5-aixs dispenser\5-aixs dispenser\src/Scene.h(196): warning C4305: “初始化”: 从“double”到“float”截断
     1>d:\user\documents\visual studio 2013\projects\5-aixs dispenser\5-aixs dispenser\src/Scene.h(220): warning C4305: “初始化”: 从“double”到“float”截断
     1>d:\user\documents\visual studio 2013\projects\5-aixs dispenser\5-aixs dispenser\src/Scene.h(225): warning C4305: “初始化”: 从“double”到“float”截断
     1>d:\user\documents\visual studio 2013\projects\5-aixs dispenser\5-aixs dispenser\src/Scene.h(325): warning C4996: 'sprintf': This function or variable may be unsafe. Consider using sprintf_s instead. To disable deprecation, use _CRT_SECURE_NO_WARNINGS. See online help for details.
                 C:\Program Files (x86)\Microsoft Visual Studio 12.0\VC\include\stdio.h(356) : 参见“sprintf”的声明
     1>d:\user\documents\visual studio 2013\projects\5-aixs dispenser\5-aixs dispenser\src/Scene.h(414): warning C4244: “=”: 从“float”转换到“int”，可能丢失数据
     1>d:\user\documents\visual studio 2013\projects\5-aixs dispenser\5-aixs dispenser\src/dllmain.h(234): warning C4996: 'sprintf': This function or variable may be unsafe. Consider using sprintf_s instead. To disable deprecation, use _CRT_SECURE_NO_WARNINGS. See online help for details.
                 C:\Program Files (x86)\Microsoft Visual Studio 12.0\VC\include\stdio.h(356) : 参见“sprintf”的声明
     1>d:\user\documents\visual studio 2013\projects\5-aixs dispenser\5-aixs dispenser\src/dllmain.h(237): warning C4996: 'sprintf': This function or variable may be unsafe. Consider using sprintf_s instead. To disable deprecation, use _CRT_SECURE_NO_WARNINGS. See online help for details.
                 C:\Program Files (x86)\Microsoft Visual Studio 12.0\VC\include\stdio.h(356) : 参见“sprintf”的声明
     1>d:\user\documents\visual studio 2013\projects\5-aixs dispenser\5-aixs dispenser\src/dllmain.h(350): warning C4996: 'strcpy': This function or variable may be unsafe. Consider using strcpy_s instead. To disable deprecation, use _CRT_SECURE_NO_WARNINGS. See online help for details.
                 C:\Program Files (x86)\Microsoft Visual Studio 12.0\VC\include\string.h(112) : 参见“strcpy”的声明
     1>d:\user\documents\visual studio 2013\projects\5-aixs dispenser\5-aixs dispenser\src/dllmain.h(362): warning C4996: 'strcpy': This function or variable may be unsafe. Consider using strcpy_s instead. To disable deprecation, use _CRT_SECURE_NO_WARNINGS. See online help for details.
                 C:\Program Files (x86)\Microsoft Visual Studio 12.0\VC\include\string.h(112) : 参见“strcpy”的声明
     1>d:\user\documents\visual studio 2013\projects\5-aixs dispenser\5-aixs dispenser\src/dllmain.h(462): warning C4996: 'strcpy': This function or variable may be unsafe. Consider using strcpy_s instead. To disable deprecation, use _CRT_SECURE_NO_WARNINGS. See online help for details.
                 C:\Program Files (x86)\Microsoft Visual Studio 12.0\VC\include\string.h(112) : 参见“strcpy”的声明
     1>d:\user\documents\visual studio 2013\projects\5-aixs dispenser\5-aixs dispenser\src/dllmain.h(552): warning C4996: 'strcat': This function or variable may be unsafe. Consider using strcat_s instead. To disable deprecation, use _CRT_SECURE_NO_WARNINGS. See online help for details.
                 C:\Program Files (x86)\Microsoft Visual Studio 12.0\VC\include\string.h(118) : 参见“strcat”的声明
     1>d:\user\documents\visual studio 2013\projects\5-aixs dispenser\5-aixs dispenser\src/dllmain.h(554): warning C4996: 'strcat': This function or variable may be unsafe. Consider using strcat_s instead. To disable deprecation, use _CRT_SECURE_NO_WARNINGS. See online help for details.
                 C:\Program Files (x86)\Microsoft Visual Studio 12.0\VC\include\string.h(118) : 参见“strcat”的声明
     1>d:\user\documents\visual studio 2013\projects\5-aixs dispenser\5-aixs dispenser\src/dllmain.h(669): warning C4996: 'swprintf': swprintf has been changed to conform with the ISO C standard, adding an extra character count parameter. To use traditional Microsoft swprintf, set _CRT_NON_CONFORMING_SWPRINTFS.
                 C:\Program Files (x86)\Microsoft Visual Studio 12.0\VC\include\swprintf.inl(85) : 参见“swprintf”的声明
     1>d:\user\documents\visual studio 2013\projects\5-aixs dispenser\5-aixs dispenser\src/dllmain.h(693): warning C4996: 'sprintf': This function or variable may be unsafe. Consider using sprintf_s instead. To disable deprecation, use _CRT_SECURE_NO_WARNINGS. See online help for details.
                 C:\Program Files (x86)\Microsoft Visual Studio 12.0\VC\include\stdio.h(356) : 参见“sprintf”的声明
     1>d:\user\documents\visual studio 2013\projects\5-aixs dispenser\5-aixs dispenser\src/dllmain.h(904): warning C4996: 'strcpy': This function or variable may be unsafe. Consider using strcpy_s instead. To disable deprecation, use _CRT_SECURE_NO_WARNINGS. See online help for details.
                 C:\Program Files (x86)\Microsoft Visual Studio 12.0\VC\include\string.h(112) : 参见“strcpy”的声明
     1>d:\user\documents\visual studio 2013\projects\5-aixs dispenser\5-aixs dispenser\src/dllmain.h(942): warning C4996: 'strcpy': This function or variable may be unsafe. Consider using strcpy_s instead. To disable deprecation, use _CRT_SECURE_NO_WARNINGS. See online help for details.
                 C:\Program Files (x86)\Microsoft Visual Studio 12.0\VC\include\string.h(112) : 参见“strcpy”的声明
     1>d:\user\documents\visual studio 2013\projects\5-aixs dispenser\5-aixs dispenser\src/dllmain.h(944): warning C4996: 'strcpy': This function or variable may be unsafe. Consider using strcpy_s instead. To disable deprecation, use _CRT_SECURE_NO_WARNINGS. See online help for details.
                 C:\Program Files (x86)\Microsoft Visual Studio 12.0\VC\include\string.h(112) : 参见“strcpy”的声明
     1>d:\user\documents\visual studio 2013\projects\5-aixs dispenser\5-aixs dispenser\src/Declae.h(67): warning C4244: “=”: 从“float”转换到“uchar”，可能丢失数据
     1>d:\user\documents\visual studio 2013\projects\5-aixs dispenser\5-aixs dispenser\src/Declae.h(418): warning C4305: “=”: 从“double”到“float”截断
     1>d:\user\documents\visual studio 2013\projects\5-aixs dispenser\5-aixs dispenser\src/Declae.h(419): warning C4305: “=”: 从“double”到“float”截断
     1>d:\user\documents\visual studio 2013\projects\5-aixs dispenser\5-aixs dispenser\src/Declae.h(422): warning C4305: “=”: 从“double”到“float”截断
     1>d:\user\documents\visual studio 2013\projects\5-aixs dispenser\5-aixs dispenser\src/Declae.h(423): warning C4305: “=”: 从“double”到“float”截断
     1>d:\user\documents\visual studio 2013\projects\5-aixs dispenser\5-aixs dispenser\src/Declae.h(424): warning C4305: “=”: 从“double”到“float”截断
     1>d:\user\documents\visual studio 2013\projects\5-aixs dispenser\5-aixs dispenser\src/Declae.h(427): warning C4305: “=”: 从“double”到“float”截断
     1>d:\user\documents\visual studio 2013\projects\5-aixs dispenser\5-aixs dispenser\src/Declae.h(428): warning C4305: “=”: 从“double”到“float”截断
     1>d:\user\documents\visual studio 2013\projects\5-aixs dispenser\5-aixs dispenser\src/Declae.h(527): warning C4244: “=”: 从“double”转换到“float”，可能丢失数据
     1>d:\user\documents\visual studio 2013\projects\5-aixs dispenser\5-aixs dispenser\src/Declae.h(534): warning C4244: “=”: 从“double”转换到“float”，可能丢失数据
     1>d:\user\documents\visual studio 2013\projects\5-aixs dispenser\5-aixs dispenser\src/Declae.h(541): warning C4244: “=”: 从“double”转换到“float”，可能丢失数据
     1>d:\user\documents\visual studio 2013\projects\5-aixs dispenser\5-aixs dispenser\src/Declae.h(548): warning C4244: “=”: 从“double”转换到“float”，可能丢失数据
     1>d:\user\documents\visual studio 2013\projects\5-aixs dispenser\5-aixs dispenser\src/Declae.h(555): warning C4244: “=”: 从“double”转换到“float”，可能丢失数据
     1>d:\user\documents\visual studio 2013\projects\5-aixs dispenser\5-aixs dispenser\src/Declae.h(562): warning C4244: “=”: 从“double”转换到“float”，可能丢失数据
     1>d:\user\documents\visual studio 2013\projects\5-aixs dispenser\5-aixs dispenser\src/Declae.h(569): warning C4244: “=”: 从“double”转换到“float”，可能丢失数据
     1>d:\user\documents\visual studio 2013\projects\5-aixs dispenser\5-aixs dispenser\src/Declae.h(576): warning C4244: “=”: 从“double”转换到“float”，可能丢失数据
     1>d:\user\documents\visual studio 2013\projects\5-aixs dispenser\5-aixs dispenser\src/Declae.h(583): warning C4244: “=”: 从“double”转换到“float”，可能丢失数据
     1>d:\user\documents\visual studio 2013\projects\5-aixs dispenser\5-aixs dispenser\src/Declae.h(590): warning C4244: “=”: 从“double”转换到“float”，可能丢失数据
     1>d:\user\documents\visual studio 2013\projects\5-aixs dispenser\5-aixs dispenser\src/Declae.h(799): warning C4018: “<”: 有符号/无符号不匹配
     1>d:\user\documents\visual studio 2013\projects\5-aixs dispenser\5-aixs dispenser\src/Declae.h(898): warning C4018: “<”: 有符号/无符号不匹配
     1>d:\user\documents\visual studio 2013\projects\5-aixs dispenser\5-aixs dispenser\src/Declae.h(900): warning C4018: “<”: 有符号/无符号不匹配
     1>d:\user\documents\visual studio 2013\projects\5-aixs dispenser\5-aixs dispenser\src/Declae.h(1253): warning C4018: “<”: 有符号/无符号不匹配
     1>d:\user\documents\visual studio 2013\projects\5-aixs dispenser\5-aixs dispenser\src/Declae.h(1277): warning C4018: “<”: 有符号/无符号不匹配
     1>d:\user\documents\visual studio 2013\projects\5-aixs dispenser\5-aixs dispenser\src/Declae.h(1335): warning C4244: “参数”: 从“int”转换到“GLfloat”，可能丢失数据
     1>d:\user\documents\visual studio 2013\projects\5-aixs dispenser\5-aixs dispenser\src/Declae.h(1336): warning C4244: “参数”: 从“int”转换到“GLfloat”，可能丢失数据
     1>d:\user\documents\visual studio 2013\projects\5-aixs dispenser\5-aixs dispenser\src/Declae.h(1364): warning C4244: “参数”: 从“int”转换到“GLfloat”，可能丢失数据
     1>d:\user\documents\visual studio 2013\projects\5-aixs dispenser\5-aixs dispenser\src/Declae.h(1418): warning C4996: 'sprintf': This function or variable may be unsafe. Consider using sprintf_s instead. To disable deprecation, use _CRT_SECURE_NO_WARNINGS. See online help for details.
                 C:\Program Files (x86)\Microsoft Visual Studio 12.0\VC\include\stdio.h(356) : 参见“sprintf”的声明
     1>d:\user\documents\visual studio 2013\projects\5-aixs dispenser\5-aixs dispenser\src/Declae.h(1419): warning C4996: 'sprintf': This function or variable may be unsafe. Consider using sprintf_s instead. To disable deprecation, use _CRT_SECURE_NO_WARNINGS. See online help for details.
                 C:\Program Files (x86)\Microsoft Visual Studio 12.0\VC\include\stdio.h(356) : 参见“sprintf”的声明
     1>d:\user\documents\visual studio 2013\projects\5-aixs dispenser\5-aixs dispenser\src/Declae.h(1420): warning C4996: 'sprintf': This function or variable may be unsafe. Consider using sprintf_s instead. To disable deprecation, use _CRT_SECURE_NO_WARNINGS. See online help for details.
                 C:\Program Files (x86)\Microsoft Visual Studio 12.0\VC\include\stdio.h(356) : 参见“sprintf”的声明
     1>d:\user\documents\visual studio 2013\projects\5-aixs dispenser\5-aixs dispenser\src/Declae.h(1423): warning C4996: 'sprintf': This function or variable may be unsafe. Consider using sprintf_s instead. To disable deprecation, use _CRT_SECURE_NO_WARNINGS. See online help for details.
                 C:\Program Files (x86)\Microsoft Visual Studio 12.0\VC\include\stdio.h(356) : 参见“sprintf”的声明
     1>d:\user\documents\visual studio 2013\projects\5-aixs dispenser\5-aixs dispenser\src/Declae.h(1424): warning C4996: 'sprintf': This function or variable may be unsafe. Consider using sprintf_s instead. To disable deprecation, use _CRT_SECURE_NO_WARNINGS. See online help for details.
                 C:\Program Files (x86)\Microsoft Visual Studio 12.0\VC\include\stdio.h(356) : 参见“sprintf”的声明
     1>d:\user\documents\visual studio 2013\projects\5-aixs dispenser\5-aixs dispenser\src/Declae.h(1425): warning C4996: 'sprintf': This function or variable may be unsafe. Consider using sprintf_s instead. To disable deprecation, use _CRT_SECURE_NO_WARNINGS. See online help for details.
                 C:\Program Files (x86)\Microsoft Visual Studio 12.0\VC\include\stdio.h(356) : 参见“sprintf”的声明
     1>d:\user\documents\visual studio 2013\projects\5-aixs dispenser\5-aixs dispenser\src/Declae.h(1429): warning C4996: 'strcat': This function or variable may be unsafe. Consider using strcat_s instead. To disable deprecation, use _CRT_SECURE_NO_WARNINGS. See online help for details.
                 C:\Program Files (x86)\Microsoft Visual Studio 12.0\VC\include\string.h(118) : 参见“strcat”的声明
     1>d:\user\documents\visual studio 2013\projects\5-aixs dispenser\5-aixs dispenser\src/Declae.h(1430): warning C4996: 'strcat': This function or variable may be unsafe. Consider using strcat_s instead. To disable deprecation, use _CRT_SECURE_NO_WARNINGS. See online help for details.
                 C:\Program Files (x86)\Microsoft Visual Studio 12.0\VC\include\string.h(118) : 参见“strcat”的声明
     1>d:\user\documents\visual studio 2013\projects\5-aixs dispenser\5-aixs dispenser\src/Declae.h(1431): warning C4996: 'strcat': This function or variable may be unsafe. Consider using strcat_s instead. To disable deprecation, use _CRT_SECURE_NO_WARNINGS. See online help for details.
                 C:\Program Files (x86)\Microsoft Visual Studio 12.0\VC\include\string.h(118) : 参见“strcat”的声明
     1>d:\user\documents\visual studio 2013\projects\5-aixs dispenser\5-aixs dispenser\src/Declae.h(1413): warning C4101: “mybuffv”: 未引用的局部变量
     1>d:\user\documents\visual studio 2013\projects\5-aixs dispenser\5-aixs dispenser\src/Declae.h(1413): warning C4101: “mybuffu”: 未引用的局部变量
     1>d:\user\documents\visual studio 2013\projects\5-aixs dispenser\5-aixs dispenser\src/Declae.h(1531): warning C4996: 'sprintf': This function or variable may be unsafe. Consider using sprintf_s instead. To disable deprecation, use _CRT_SECURE_NO_WARNINGS. See online help for details.
                 C:\Program Files (x86)\Microsoft Visual Studio 12.0\VC\include\stdio.h(356) : 参见“sprintf”的声明
     1>d:\user\documents\visual studio 2013\projects\5-aixs dispenser\5-aixs dispenser\src/Declae.h(1532): warning C4996: 'sprintf': This function or variable may be unsafe. Consider using sprintf_s instead. To disable deprecation, use _CRT_SECURE_NO_WARNINGS. See online help for details.
                 C:\Program Files (x86)\Microsoft Visual Studio 12.0\VC\include\stdio.h(356) : 参见“sprintf”的声明
     1>d:\user\documents\visual studio 2013\projects\5-aixs dispenser\5-aixs dispenser\src/Declae.h(1535): warning C4996: 'strcat': This function or variable may be unsafe. Consider using strcat_s instead. To disable deprecation, use _CRT_SECURE_NO_WARNINGS. See online help for details.
                 C:\Program Files (x86)\Microsoft Visual Studio 12.0\VC\include\string.h(118) : 参见“strcat”的声明
     1>d:\user\documents\visual studio 2013\projects\5-aixs dispenser\5-aixs dispenser\src/Declae.h(1536): warning C4996: 'strcat': This function or variable may be unsafe. Consider using strcat_s instead. To disable deprecation, use _CRT_SECURE_NO_WARNINGS. See online help for details.
                 C:\Program Files (x86)\Microsoft Visual Studio 12.0\VC\include\string.h(118) : 参见“strcat”的声明
     1>d:\user\documents\visual studio 2013\projects\5-aixs dispenser\5-aixs dispenser\src/Declae.h(1552): warning C4996: 'sprintf': This function or variable may be unsafe. Consider using sprintf_s instead. To disable deprecation, use _CRT_SECURE_NO_WARNINGS. See online help for details.
                 C:\Program Files (x86)\Microsoft Visual Studio 12.0\VC\include\stdio.h(356) : 参见“sprintf”的声明
     1>d:\user\documents\visual studio 2013\projects\5-aixs dispenser\5-aixs dispenser\src/Declae.h(1553): warning C4996: 'sprintf': This function or variable may be unsafe. Consider using sprintf_s instead. To disable deprecation, use _CRT_SECURE_NO_WARNINGS. See online help for details.
                 C:\Program Files (x86)\Microsoft Visual Studio 12.0\VC\include\stdio.h(356) : 参见“sprintf”的声明
     1>d:\user\documents\visual studio 2013\projects\5-aixs dispenser\5-aixs dispenser\src/Declae.h(1556): warning C4996: 'strcat': This function or variable may be unsafe. Consider using strcat_s instead. To disable deprecation, use _CRT_SECURE_NO_WARNINGS. See online help for details.
                 C:\Program Files (x86)\Microsoft Visual Studio 12.0\VC\include\string.h(118) : 参见“strcat”的声明
     1>d:\user\documents\visual studio 2013\projects\5-aixs dispenser\5-aixs dispenser\src/Declae.h(1557): warning C4996: 'strcat': This function or variable may be unsafe. Consider using strcat_s instead. To disable deprecation, use _CRT_SECURE_NO_WARNINGS. See online help for details.
                 C:\Program Files (x86)\Microsoft Visual Studio 12.0\VC\include\string.h(118) : 参见“strcat”的声明
     1>d:\user\documents\visual studio 2013\projects\5-aixs dispenser\5-aixs dispenser\src/Declae.h(1572): warning C4996: 'sprintf': This function or variable may be unsafe. Consider using sprintf_s instead. To disable deprecation, use _CRT_SECURE_NO_WARNINGS. See online help for details.
                 C:\Program Files (x86)\Microsoft Visual Studio 12.0\VC\include\stdio.h(356) : 参见“sprintf”的声明
     1>d:\user\documents\visual studio 2013\projects\5-aixs dispenser\5-aixs dispenser\src/Declae.h(1574): warning C4996: 'strcat': This function or variable may be unsafe. Consider using strcat_s instead. To disable deprecation, use _CRT_SECURE_NO_WARNINGS. See online help for details.
                 C:\Program Files (x86)\Microsoft Visual Studio 12.0\VC\include\string.h(118) : 参见“strcat”的声明
     1>d:\user\documents\visual studio 2013\projects\5-aixs dispenser\5-aixs dispenser\src/Declae.h(1606): warning C4996: 'sprintf': This function or variable may be unsafe. Consider using sprintf_s instead. To disable deprecation, use _CRT_SECURE_NO_WARNINGS. See online help for details.
                 C:\Program Files (x86)\Microsoft Visual Studio 12.0\VC\include\stdio.h(356) : 参见“sprintf”的声明
     1>d:\user\documents\visual studio 2013\projects\5-aixs dispenser\5-aixs dispenser\src/Declae.h(1607): warning C4996: 'strcat': This function or variable may be unsafe. Consider using strcat_s instead. To disable deprecation, use _CRT_SECURE_NO_WARNINGS. See online help for details.
                 C:\Program Files (x86)\Microsoft Visual Studio 12.0\VC\include\string.h(118) : 参见“strcat”的声明
     1>d:\user\documents\visual studio 2013\projects\5-aixs dispenser\5-aixs dispenser\src/Declae.h(1624): warning C4996: 'sprintf': This function or variable may be unsafe. Consider using sprintf_s instead. To disable deprecation, use _CRT_SECURE_NO_WARNINGS. See online help for details.
                 C:\Program Files (x86)\Microsoft Visual Studio 12.0\VC\include\stdio.h(356) : 参见“sprintf”的声明
     1>d:\user\documents\visual studio 2013\projects\5-aixs dispenser\5-aixs dispenser\src/Declae.h(1625): warning C4996: 'strcat': This function or variable may be unsafe. Consider using strcat_s instead. To disable deprecation, use _CRT_SECURE_NO_WARNINGS. See online help for details.
                 C:\Program Files (x86)\Microsoft Visual Studio 12.0\VC\include\string.h(118) : 参见“strcat”的声明
     1>d:\user\documents\visual studio 2013\projects\5-aixs dispenser\5-aixs dispenser\src/Declae.h(1643): warning C4996: 'sprintf': This function or variable may be unsafe. Consider using sprintf_s instead. To disable deprecation, use _CRT_SECURE_NO_WARNINGS. See online help for details.
                 C:\Program Files (x86)\Microsoft Visual Studio 12.0\VC\include\stdio.h(356) : 参见“sprintf”的声明
     1>d:\user\documents\visual studio 2013\projects\5-aixs dispenser\5-aixs dispenser\src/Declae.h(1644): warning C4996: 'strcat': This function or variable may be unsafe. Consider using strcat_s instead. To disable deprecation, use _CRT_SECURE_NO_WARNINGS. See online help for details.
                 C:\Program Files (x86)\Microsoft Visual Studio 12.0\VC\include\string.h(118) : 参见“strcat”的声明
     1>d:\user\documents\visual studio 2013\projects\5-aixs dispenser\5-aixs dispenser\src/Declae.h(1661): warning C4996: 'sprintf': This function or variable may be unsafe. Consider using sprintf_s instead. To disable deprecation, use _CRT_SECURE_NO_WARNINGS. See online help for details.
                 C:\Program Files (x86)\Microsoft Visual Studio 12.0\VC\include\stdio.h(356) : 参见“sprintf”的声明
     1>d:\user\documents\visual studio 2013\projects\5-aixs dispenser\5-aixs dispenser\src/Declae.h(1662): warning C4996: 'strcat': This function or variable may be unsafe. Consider using strcat_s instead. To disable deprecation, use _CRT_SECURE_NO_WARNINGS. See online help for details.
                 C:\Program Files (x86)\Microsoft Visual Studio 12.0\VC\include\string.h(118) : 参见“strcat”的声明
     1>d:\user\documents\visual studio 2013\projects\5-aixs dispenser\5-aixs dispenser\src/Declae.h(1679): warning C4996: 'sprintf': This function or variable may be unsafe. Consider using sprintf_s instead. To disable deprecation, use _CRT_SECURE_NO_WARNINGS. See online help for details.
                 C:\Program Files (x86)\Microsoft Visual Studio 12.0\VC\include\stdio.h(356) : 参见“sprintf”的声明
     1>d:\user\documents\visual studio 2013\projects\5-aixs dispenser\5-aixs dispenser\src/Declae.h(1680): warning C4996: 'strcat': This function or variable may be unsafe. Consider using strcat_s instead. To disable deprecation, use _CRT_SECURE_NO_WARNINGS. See online help for details.
                 C:\Program Files (x86)\Microsoft Visual Studio 12.0\VC\include\string.h(118) : 参见“strcat”的声明
     1>d:\user\documents\visual studio 2013\projects\5-aixs dispenser\5-aixs dispenser\src/Declae.h(1746): warning C4244: “=”: 从“double”转换到“float”，可能丢失数据
     1>d:\user\documents\visual studio 2013\projects\5-aixs dispenser\5-aixs dispenser\src/Declae.h(1747): warning C4244: “=”: 从“double”转换到“float”，可能丢失数据
     1>d:\user\documents\visual studio 2013\projects\5-aixs dispenser\5-aixs dispenser\src/Declae.h(1748): warning C4244: “=”: 从“double”转换到“float”，可能丢失数据
     1>d:\user\documents\visual studio 2013\projects\5-aixs dispenser\5-aixs dispenser\src/Declae.h(1867): warning C4018: “<”: 有符号/无符号不匹配
     1>d:\user\documents\visual studio 2013\projects\5-aixs dispenser\5-aixs dispenser\src/Declae.h(1874): warning C4244: “=”: 从“double”转换到“float”，可能丢失数据
     1>d:\user\documents\visual studio 2013\projects\5-aixs dispenser\5-aixs dispenser\src/Declae.h(1875): warning C4244: “=”: 从“double”转换到“float”，可能丢失数据
     1>d:\user\documents\visual studio 2013\projects\5-aixs dispenser\5-aixs dispenser\src/Declae.h(1876): warning C4244: “=”: 从“double”转换到“float”，可能丢失数据
     1>d:\user\documents\visual studio 2013\projects\5-aixs dispenser\5-aixs dispenser\src/Declae.h(1878): warning C4244: “=”: 从“double”转换到“float”，可能丢失数据
     1>d:\user\documents\visual studio 2013\projects\5-aixs dispenser\5-aixs dispenser\src/Declae.h(1879): warning C4244: “=”: 从“double”转换到“float”，可能丢失数据
     1>d:\user\documents\visual studio 2013\projects\5-aixs dispenser\5-aixs dispenser\src/Declae.h(1880): warning C4244: “=”: 从“double”转换到“float”，可能丢失数据
     1>d:\user\documents\visual studio 2013\projects\5-aixs dispenser\5-aixs dispenser\src/Declae.h(1882): warning C4244: “=”: 从“double”转换到“float”，可能丢失数据
     1>d:\user\documents\visual studio 2013\projects\5-aixs dispenser\5-aixs dispenser\src/Declae.h(1883): warning C4244: “=”: 从“double”转换到“float”，可能丢失数据
     1>d:\user\documents\visual studio 2013\projects\5-aixs dispenser\5-aixs dispenser\src/Declae.h(1884): warning C4244: “=”: 从“double”转换到“float”，可能丢失数据
     1>d:\user\documents\visual studio 2013\projects\5-aixs dispenser\5-aixs dispenser\src/Declae.h(1932): warning C4800: “BOOL”: 将值强制为布尔值“true”或“false”(性能警告)
     1>d:\user\documents\visual studio 2013\projects\5-aixs dispenser\5-aixs dispenser\src/Declae.h(2290): warning C4244: “=”: 从“double”转换到“float”，可能丢失数据
     1>d:\user\documents\visual studio 2013\projects\5-aixs dispenser\5-aixs dispenser\src/Declae.h(2291): warning C4244: “=”: 从“double”转换到“float”，可能丢失数据
     1>d:\user\documents\visual studio 2013\projects\5-aixs dispenser\5-aixs dispenser\src/Declae.h(2292): warning C4244: “=”: 从“double”转换到“float”，可能丢失数据
     1>d:\user\documents\visual studio 2013\projects\5-aixs dispenser\5-aixs dispenser\src/Declae.h(2303): warning C4244: “=”: 从“double”转换到“float”，可能丢失数据
     1>d:\user\documents\visual studio 2013\projects\5-aixs dispenser\5-aixs dispenser\src/Declae.h(2304): warning C4244: “=”: 从“double”转换到“float”，可能丢失数据
     1>d:\user\documents\visual studio 2013\projects\5-aixs dispenser\5-aixs dispenser\src/Declae.h(2305): warning C4244: “=”: 从“double”转换到“float”，可能丢失数据
     1>d:\user\documents\visual studio 2013\projects\5-aixs dispenser\5-aixs dispenser\src/Declae.h(2311): warning C4244: “=”: 从“double”转换到“float”，可能丢失数据
     1>d:\user\documents\visual studio 2013\projects\5-aixs dispenser\5-aixs dispenser\src/Declae.h(2312): warning C4244: “=”: 从“double”转换到“float”，可能丢失数据
     1>d:\user\documents\visual studio 2013\projects\5-aixs dispenser\5-aixs dispenser\src/Declae.h(2313): warning C4244: “=”: 从“double”转换到“float”，可能丢失数据
     1>d:\user\documents\visual studio 2013\projects\5-aixs dispenser\5-aixs dispenser\Function.h(20): warning C4551: 缺少参数列表的函数调用
     1>d:\user\documents\visual studio 2013\projects\5-aixs dispenser\5-aixs dispenser\Function.h(282): warning C4804: “>”: 在操作中使用类型“bool”不安全
     1>d:\user\documents\visual studio 2013\projects\5-aixs dispenser\5-aixs dispenser\Function.h(360): warning C4018: “<”: 有符号/无符号不匹配
     1>d:\user\documents\visual studio 2013\projects\5-aixs dispenser\5-aixs dispenser\Function.h(371): warning C4244: “初始化”: 从“double”转换到“float”，可能丢失数据
     1>d:\user\documents\visual studio 2013\projects\5-aixs dispenser\5-aixs dispenser\Function.h(372): warning C4244: “初始化”: 从“double”转换到“float”，可能丢失数据
     1>d:\user\documents\visual studio 2013\projects\5-aixs dispenser\5-aixs dispenser\Function.h(438): warning C4244: “=”: 从“double”转换到“float”，可能丢失数据
     1>d:\user\documents\visual studio 2013\projects\5-aixs dispenser\5-aixs dispenser\Function.h(460): warning C4244: “=”: 从“double”转换到“float”，可能丢失数据
     1>d:\user\documents\visual studio 2013\projects\5-aixs dispenser\5-aixs dispenser\Function.h(550): warning C4804: “>”: 在操作中使用类型“bool”不安全
     1>d:\user\documents\visual studio 2013\projects\5-aixs dispenser\5-aixs dispenser\Function.h(924): warning C4244: “=”: 从“double”转换到“float”，可能丢失数据
     1>main.cpp(39): warning C4305: “参数”: 从“double”到“float”截断
     1>main.cpp(40): warning C4305: “参数”: 从“double”到“float”截断
     1>main.cpp(41): warning C4305: “参数”: 从“double”到“float”截断
     1>c:\opencv300\opencv\build\include\opencv2\core\cvstd.hpp(592): warning C4793: “cv::String::String”: 编译为本机的函数:
         	托管代码中发现一个不受支持的内部函数
     1>d:\user\documents\visual studio 2013\projects\5-aixs dispenser\5-aixs dispenser\function.h(262): warning C4700: 使用了未初始化的局部变量“sum_X”
     1>d:\user\documents\visual studio 2013\projects\5-aixs dispenser\5-aixs dispenser\function.h(263): warning C4700: 使用了未初始化的局部变量“sum_Y”
     1>d:\user\documents\visual studio 2013\projects\5-aixs dispenser\5-aixs dispenser\function.h(264): warning C4700: 使用了未初始化的局部变量“sum_Z”
     1>c:\opencv300\opencv\build\include\opencv2\core\mat.inl.hpp(381): warning C4793: “cv::Mat::Mat”: 编译为本机的函数:
         	托管代码中发现一个不受支持的内部函数
     1>d:\user\documents\visual studio 2013\projects\5-aixs dispenser\5-aixs dispenser\src\declae.h(1299): warning C4793: “glPrintf”: 编译为本机的函数:
         	/clr 下不支持 varargs
     1>d:\user\documents\visual studio 2013\projects\5-aixs dispenser\5-aixs dispenser\src\declae.h(1302): warning C4793: “glPrintf”: 编译为本机的函数:
         	托管代码中发现一个不受支持的内部函数
     1>d:\user\documents\visual studio 2013\projects\5-aixs dispenser\5-aixs dispenser\src\declae.h(1304): warning C4793: “glPrintf”: 编译为本机的函数:
         	托管代码中发现一个不受支持的内部函数
     1>d:\user\documents\visual studio 2013\projects\5-aixs dispenser\5-aixs dispenser\src\declae.h(2116): warning C4715: “KinectInit”: 不是所有的控件路径都返回值
     1>c:\opencv300\opencv\build\include\opencv2\core\mat.inl.hpp(666): warning C4793: “cv::Mat::release”: 编译为本机的函数:
         	托管代码中发现一个不受支持的内部函数
     1>c:\opencv300\opencv\build\include\opencv2\core\mat.inl.hpp(1703): warning C4793: “cv::SparseMat::addref”: 编译为本机的函数:
         	托管代码中发现一个不受支持的内部函数
     1>c:\opencv300\opencv\build\include\opencv2\core\mat.inl.hpp(3304): warning C4793: “cv::UMat::addref”: 编译为本机的函数:
         	托管代码中发现一个不受支持的内部函数
     1>c:\opencv300\opencv\build\include\opencv2\core\ptr.inl.hpp(67): warning C4793: “cv::detail::PtrOwner::incRef”: 编译为本机的函数:
         	托管代码中发现一个不受支持的内部函数
     1>c:\opencv300\opencv\build\include\opencv2\core\ptr.inl.hpp(72): warning C4793: “cv::detail::PtrOwner::decRef”: 编译为本机的函数:
         	托管代码中发现一个不受支持的内部函数
     1>c:\opencv300\opencv\build\include\opencv2\core\mat.inl.hpp(565): warning C4793: “cv::Mat::operator=”: 编译为本机的函数:
         	托管代码中发现一个不受支持的内部函数
       Link:
         C:\Program Files (x86)\Microsoft Visual Studio 12.0\VC\bin\link.exe /ERRORREPORT:PROMPT /OUT:"D:\USER\Documents\Visual Studio 2013\Projects\5-Aixs Dispenser\Debug\5-Aixs Dispenser.exe" /INCREMENTAL /NOLOGO /LIBPATH:"C:\Program Files\Microsoft SDKs\Kinect\v2.0_1409\\Lib\x86" /LIBPATH:C:\OpenCV300\opencv\build\x86\vc12\lib /LIBPATH:C:\portaudio\lib glut32.lib opencv_ts300d.lib opencv_world300d.lib kinect20.lib portaudio_x86.lib kernel32.lib user32.lib gdi32.lib winspool.lib comdlg32.lib advapi32.lib shell32.lib ole32.lib oleaut32.lib uuid.lib odbc32.lib odbccp32.lib /MANIFEST /MANIFESTUAC:"level='asInvoker' uiAccess='false'" /manifest:embed /DEBUG /PDB:"D:\USER\Documents\Visual Studio 2013\Projects\5-Aixs Dispenser\Debug\5-Aixs Dispenser.pdb" /ASSEMBLYDEBUG /SUBSYSTEM:CONSOLE /TLBID:1 /DYNAMICBASE /FIXED:NO /NXCOMPAT /MACHINE:X86 "Debug\5-Aixs Dispenser.res"
         Debug\glm.obj
         Debug\main.obj
         Debug\Mutex_Linux.obj
         Debug\Mutex_Win32.obj
         Debug\Semaphore_Linux.obj
         Debug\Semaphore_Win32.obj
         Debug\Socket.obj
         Debug\Thread_Linux.obj
         Debug\Thread_Win32.obj
         "Debug\.NETFramework,Version=v4.0.AssemblyAttributes.obj"
     1>opencv_ts300d.lib(ts.obj) : warning LNK4099: 未找到 PDB“opencv_ts300d.pdb”(使用“opencv_ts300d.lib(ts.obj)”或在“D:\USER\Documents\Visual Studio 2013\Projects\5-Aixs Dispenser\Debug\opencv_ts300d.pdb”中寻找)；正在链接对象，如同没有调试信息一样
     1>opencv_ts300d.lib(ts_gtest.obj) : warning LNK4099: 未找到 PDB“opencv_ts300d.pdb”(使用“opencv_ts300d.lib(ts_gtest.obj)”或在“D:\USER\Documents\Visual Studio 2013\Projects\5-Aixs Dispenser\Debug\opencv_ts300d.pdb”中寻找)；正在链接对象，如同没有调试信息一样
     1>opencv_ts300d.lib(ts_perf.obj) : warning LNK4099: 未找到 PDB“opencv_ts300d.pdb”(使用“opencv_ts300d.lib(ts_perf.obj)”或在“D:\USER\Documents\Visual Studio 2013\Projects\5-Aixs Dispenser\Debug\opencv_ts300d.pdb”中寻找)；正在链接对象，如同没有调试信息一样
     1>opencv_ts300d.lib(opencv_ts_pch.obj) : warning LNK4099: 未找到 PDB“opencv_ts300d.pdb”(使用“opencv_ts300d.lib(opencv_ts_pch.obj)”或在“D:\USER\Documents\Visual Studio 2013\Projects\5-Aixs Dispenser\Debug\opencv_ts300d.pdb”中寻找)；正在链接对象，如同没有调试信息一样
         5-Aixs Dispenser.vcxproj -> D:\USER\Documents\Visual Studio 2013\Projects\5-Aixs Dispenser\Debug\5-Aixs Dispenser.exe
     1>已完成生成项目“D:\USER\Documents\Visual Studio 2013\Projects\5-Aixs Dispenser\5-Aixs Dispenser\5-Aixs Dispenser.vcxproj”(Build 个目标)的操作。

生成成功。

已用时间 00:00:02.54
