生成启动时间为 2018/5/8 18:56:45。
     1>项目“D:\USER\Desktop\Bullet3\src\BulletDynamics\BulletDynamics.vcxproj”在节点 4 上(Build 个目标)。
     1>CustomBuild:
         Building Custom Rule D:/USER/Desktop/bullet3-master/src/BulletDynamics/CMakeLists.txt
         CMake does not need to re-run because D:/USER/Desktop/Bullet3/src/BulletDynamics/CMakeFiles/generate.stamp is up-to-date.
       ClCompile:
         C:\Program Files (x86)\Microsoft Visual Studio 12.0\VC\bin\CL.exe /c /I"D:\USER\Desktop\bullet3-master\src" /nologo /W3 /WX- /O1 /Ob1 /Oy- /D WIN32 /D NDEBUG /D USE_GRAPHICAL_BENCHMARK /D _CRT_SECURE_NO_WARNINGS /D _CRT_SECURE_NO_DEPRECATE /D _SCL_SECURE_NO_WARNINGS /D "CMAKE_INTDIR=\"MinSizeRel\"" /D _MBCS /GF /Gm- /EHsc /MT /GS /Gy /arch:AVX /fp:fast /Zc:wchar_t /Zc:forScope /GR- /Fo"BulletDynamics.dir\MinSizeRel\\" /Fd"BulletDynamics.dir\MinSizeRel\vc120.pdb" /Gd /TP /wd4244 /wd4267 /analyze- /errorReport:prompt "D:\USER\Desktop\bullet3-master\src\BulletDynamics\Character\btKinematicCharacterController.cpp" "D:\USER\Desktop\bullet3-master\src\BulletDynamics\ConstraintSolver\btConeTwistConstraint.cpp" "D:\USER\Desktop\bullet3-master\src\BulletDynamics\ConstraintSolver\btContactConstraint.cpp" "D:\USER\Desktop\bullet3-master\src\BulletDynamics\ConstraintSolver\btFixedConstraint.cpp" "D:\USER\Desktop\bullet3-master\src\BulletDynamics\ConstraintSolver\btGearConstraint.cpp" "D:\USER\Desktop\bullet3-master\src\BulletDynamics\ConstraintSolver\btGeneric6DofConstraint.cpp" "D:\USER\Desktop\bullet3-master\src\BulletDynamics\ConstraintSolver\btGeneric6DofSpringConstraint.cpp" "D:\USER\Desktop\bullet3-master\src\BulletDynamics\ConstraintSolver\btGeneric6DofSpring2Constraint.cpp" "D:\USER\Desktop\bullet3-master\src\BulletDynamics\ConstraintSolver\btHinge2Constraint.cpp" "D:\USER\Desktop\bullet3-master\src\BulletDynamics\ConstraintSolver\btHingeConstraint.cpp" "D:\USER\Desktop\bullet3-master\src\BulletDynamics\ConstraintSolver\btPoint2PointConstraint.cpp" "D:\USER\Desktop\bullet3-master\src\BulletDynamics\ConstraintSolver\btSequentialImpulseConstraintSolver.cpp" "D:\USER\Desktop\bullet3-master\src\BulletDynamics\ConstraintSolver\btSequentialImpulseConstraintSolverMt.cpp" "D:\USER\Desktop\bullet3-master\src\BulletDynamics\ConstraintSolver\btBatchedConstraints.cpp" "D:\USER\Desktop\bullet3-master\src\BulletDynamics\ConstraintSolver\btNNCGConstraintSolver.cpp" "D:\USER\Desktop\bullet3-master\src\BulletDynamics\ConstraintSolver\btSliderConstraint.cpp" "D:\USER\Desktop\bullet3-master\src\BulletDynamics\ConstraintSolver\btSolve2LinearConstraint.cpp" "D:\USER\Desktop\bullet3-master\src\BulletDynamics\ConstraintSolver\btTypedConstraint.cpp" "D:\USER\Desktop\bullet3-master\src\BulletDynamics\ConstraintSolver\btUniversalConstraint.cpp" "D:\USER\Desktop\bullet3-master\src\BulletDynamics\Dynamics\btDiscreteDynamicsWorld.cpp" "D:\USER\Desktop\bullet3-master\src\BulletDynamics\Dynamics\btDiscreteDynamicsWorldMt.cpp" "D:\USER\Desktop\bullet3-master\src\BulletDynamics\Dynamics\btSimulationIslandManagerMt.cpp" "D:\USER\Desktop\bullet3-master\src\BulletDynamics\Dynamics\btRigidBody.cpp" "D:\USER\Desktop\bullet3-master\src\BulletDynamics\Dynamics\btSimpleDynamicsWorld.cpp" "D:\USER\Desktop\bullet3-master\src\BulletDynamics\Vehicle\btRaycastVehicle.cpp" "D:\USER\Desktop\bullet3-master\src\BulletDynamics\Vehicle\btWheelInfo.cpp" "D:\USER\Desktop\bullet3-master\src\BulletDynamics\Featherstone\btMultiBody.cpp" "D:\USER\Desktop\bullet3-master\src\BulletDynamics\Featherstone\btMultiBodyConstraintSolver.cpp" "D:\USER\Desktop\bullet3-master\src\BulletDynamics\Featherstone\btMultiBodyDynamicsWorld.cpp" "D:\USER\Desktop\bullet3-master\src\BulletDynamics\Featherstone\btMultiBodyJointLimitConstraint.cpp" "D:\USER\Desktop\bullet3-master\src\BulletDynamics\Featherstone\btMultiBodyConstraint.cpp" "D:\USER\Desktop\bullet3-master\src\BulletDynamics\Featherstone\btMultiBodyPoint2Point.cpp" "D:\USER\Desktop\bullet3-master\src\BulletDynamics\Featherstone\btMultiBodyFixedConstraint.cpp" "D:\USER\Desktop\bullet3-master\src\BulletDynamics\Featherstone\btMultiBodySliderConstraint.cpp" "D:\USER\Desktop\bullet3-master\src\BulletDynamics\Featherstone\btMultiBodyJointMotor.cpp" "D:\USER\Desktop\bullet3-master\src\BulletDynamics\Featherstone\btMultiBodyGearConstraint.cpp" "D:\USER\Desktop\bullet3-master\src\BulletDynamics\MLCPSolvers\btDantzigLCP.cpp" "D:\USER\Desktop\bullet3-master\src\BulletDynamics\MLCPSolvers\btMLCPSolver.cpp" "D:\USER\Desktop\bullet3-master\src\BulletDynamics\MLCPSolvers\btLemkeAlgorithm.cpp"
         btKinematicCharacterController.cpp
         btConeTwistConstraint.cpp
         btContactConstraint.cpp
         btFixedConstraint.cpp
         btGearConstraint.cpp
         btGeneric6DofConstraint.cpp
         btGeneric6DofSpringConstraint.cpp
         btGeneric6DofSpring2Constraint.cpp
         btHinge2Constraint.cpp
         btHingeConstraint.cpp
         btPoint2PointConstraint.cpp
         btSequentialImpulseConstraintSolver.cpp
         btSequentialImpulseConstraintSolverMt.cpp
         btBatchedConstraints.cpp
     1>D:\USER\Desktop\bullet3-master\src\BulletDynamics\ConstraintSolver\btBatchedConstraints.cpp(896): warning C4018: “<”: 有符号/无符号不匹配
         btNNCGConstraintSolver.cpp
         btSliderConstraint.cpp
         btSolve2LinearConstraint.cpp
         btTypedConstraint.cpp
         btUniversalConstraint.cpp
         btDiscreteDynamicsWorld.cpp
         正在生成代码...
         正在编译...
         btDiscreteDynamicsWorldMt.cpp
         btSimulationIslandManagerMt.cpp
         btRigidBody.cpp
         btSimpleDynamicsWorld.cpp
         btRaycastVehicle.cpp
         btWheelInfo.cpp
         btMultiBody.cpp
         btMultiBodyConstraintSolver.cpp
         btMultiBodyDynamicsWorld.cpp
         btMultiBodyJointLimitConstraint.cpp
         btMultiBodyConstraint.cpp
         btMultiBodyPoint2Point.cpp
         btMultiBodyFixedConstraint.cpp
         btMultiBodySliderConstraint.cpp
         btMultiBodyJointMotor.cpp
         btMultiBodyGearConstraint.cpp
         btDantzigLCP.cpp
         btMLCPSolver.cpp
         btLemkeAlgorithm.cpp
         正在生成代码...
       Lib:
         C:\Program Files (x86)\Microsoft Visual Studio 12.0\VC\bin\Lib.exe /OUT:"D:\USER\Desktop\Bullet3\lib\MinSizeRel\BulletDynamics_MinsizeRel.lib" /NOLOGO   /machine:X86 BulletDynamics.dir\MinSizeRel\btKinematicCharacterController.obj
         BulletDynamics.dir\MinSizeRel\btConeTwistConstraint.obj
         BulletDynamics.dir\MinSizeRel\btContactConstraint.obj
         BulletDynamics.dir\MinSizeRel\btFixedConstraint.obj
         BulletDynamics.dir\MinSizeRel\btGearConstraint.obj
         BulletDynamics.dir\MinSizeRel\btGeneric6DofConstraint.obj
         BulletDynamics.dir\MinSizeRel\btGeneric6DofSpringConstraint.obj
         BulletDynamics.dir\MinSizeRel\btGeneric6DofSpring2Constraint.obj
         BulletDynamics.dir\MinSizeRel\btHinge2Constraint.obj
         BulletDynamics.dir\MinSizeRel\btHingeConstraint.obj
         BulletDynamics.dir\MinSizeRel\btPoint2PointConstraint.obj
         BulletDynamics.dir\MinSizeRel\btSequentialImpulseConstraintSolver.obj
         BulletDynamics.dir\MinSizeRel\btSequentialImpulseConstraintSolverMt.obj
         BulletDynamics.dir\MinSizeRel\btBatchedConstraints.obj
         BulletDynamics.dir\MinSizeRel\btNNCGConstraintSolver.obj
         BulletDynamics.dir\MinSizeRel\btSliderConstraint.obj
         BulletDynamics.dir\MinSizeRel\btSolve2LinearConstraint.obj
         BulletDynamics.dir\MinSizeRel\btTypedConstraint.obj
         BulletDynamics.dir\MinSizeRel\btUniversalConstraint.obj
         BulletDynamics.dir\MinSizeRel\btDiscreteDynamicsWorld.obj
         BulletDynamics.dir\MinSizeRel\btDiscreteDynamicsWorldMt.obj
         BulletDynamics.dir\MinSizeRel\btSimulationIslandManagerMt.obj
         BulletDynamics.dir\MinSizeRel\btRigidBody.obj
         BulletDynamics.dir\MinSizeRel\btSimpleDynamicsWorld.obj
         BulletDynamics.dir\MinSizeRel\btRaycastVehicle.obj
         BulletDynamics.dir\MinSizeRel\btWheelInfo.obj
         BulletDynamics.dir\MinSizeRel\btMultiBody.obj
         BulletDynamics.dir\MinSizeRel\btMultiBodyConstraintSolver.obj
         BulletDynamics.dir\MinSizeRel\btMultiBodyDynamicsWorld.obj
         BulletDynamics.dir\MinSizeRel\btMultiBodyJointLimitConstraint.obj
         BulletDynamics.dir\MinSizeRel\btMultiBodyConstraint.obj
         BulletDynamics.dir\MinSizeRel\btMultiBodyPoint2Point.obj
         BulletDynamics.dir\MinSizeRel\btMultiBodyFixedConstraint.obj
         BulletDynamics.dir\MinSizeRel\btMultiBodySliderConstraint.obj
         BulletDynamics.dir\MinSizeRel\btMultiBodyJointMotor.obj
         BulletDynamics.dir\MinSizeRel\btMultiBodyGearConstraint.obj
         BulletDynamics.dir\MinSizeRel\btDantzigLCP.obj
         BulletDynamics.dir\MinSizeRel\btMLCPSolver.obj
         BulletDynamics.dir\MinSizeRel\btLemkeAlgorithm.obj
         BulletDynamics.vcxproj -> D:\USER\Desktop\Bullet3\lib\MinSizeRel\BulletDynamics_MinsizeRel.lib
     1>已完成生成项目“D:\USER\Desktop\Bullet3\src\BulletDynamics\BulletDynamics.vcxproj”(Build 个目标)的操作。

生成成功。

已用时间 00:00:28.35
