生成启动时间为 2018/5/8 18:52:05。
     1>项目“D:\USER\Desktop\Bullet3\Extras\InverseDynamics\BulletInverseDynamicsUtils.vcxproj”在节点 2 上(Build 个目标)。
     1>CustomBuild:
         Building Custom Rule D:/USER/Desktop/bullet3-master/Extras/InverseDynamics/CMakeLists.txt
         CMake does not need to re-run because D:/USER/Desktop/Bullet3/Extras/InverseDynamics/CMakeFiles/generate.stamp is up-to-date.
       ClCompile:
         C:\Program Files (x86)\Microsoft Visual Studio 12.0\VC\bin\CL.exe /c /I"D:\USER\Desktop\bullet3-master\src" /Zi /nologo /W3 /WX- /Od /Ob0 /Oy- /D WIN32 /D _DEBUG /D USE_GRAPHICAL_BENCHMARK /D _CRT_SECURE_NO_WARNINGS /D _CRT_SECURE_NO_DEPRECATE /D _SCL_SECURE_NO_WARNINGS /D "CMAKE_INTDIR=\"Debug\"" /D _MBCS /GF /Gm- /EHsc /RTC1 /MTd /GS /Gy /arch:AVX /fp:fast /Zc:wchar_t /Zc:forScope /GR- /Fo"BulletInverseDynamicsUtils.dir\Debug\\" /Fd"BulletInverseDynamicsUtils.dir\Debug\vc120.pdb" /Gd /TP /wd4244 /wd4267 /analyze- /errorReport:prompt "D:\USER\Desktop\bullet3-master\Extras\InverseDynamics\CloneTreeCreator.cpp" "D:\USER\Desktop\bullet3-master\Extras\InverseDynamics\CoilCreator.cpp" "D:\USER\Desktop\bullet3-master\Extras\InverseDynamics\MultiBodyTreeCreator.cpp" "D:\USER\Desktop\bullet3-master\Extras\InverseDynamics\btMultiBodyTreeCreator.cpp" "D:\USER\Desktop\bullet3-master\Extras\InverseDynamics\DillCreator.cpp" "D:\USER\Desktop\bullet3-master\Extras\InverseDynamics\MultiBodyTreeDebugGraph.cpp" "D:\USER\Desktop\bullet3-master\Extras\InverseDynamics\invdyn_bullet_comparison.cpp" "D:\USER\Desktop\bullet3-master\Extras\InverseDynamics\IDRandomUtil.cpp" "D:\USER\Desktop\bullet3-master\Extras\InverseDynamics\RandomTreeCreator.cpp" "D:\USER\Desktop\bullet3-master\Extras\InverseDynamics\SimpleTreeCreator.cpp" "D:\USER\Desktop\bullet3-master\Extras\InverseDynamics\MultiBodyNameMap.cpp" "D:\USER\Desktop\bullet3-master\Extras\InverseDynamics\User2InternalIndex.cpp"
         CloneTreeCreator.cpp
         CoilCreator.cpp
     1>d:\user\desktop\bullet3-master\extras\inversedynamics\CoilCreator.hpp : warning C4819: 该文件包含不能在当前代码页(936)中表示的字符。请将该文件保存为 Unicode 格式以防止数据丢失
         MultiBodyTreeCreator.cpp
         btMultiBodyTreeCreator.cpp
         DillCreator.cpp
     1>d:\user\desktop\bullet3-master\extras\inversedynamics\DillCreator.hpp : warning C4819: 该文件包含不能在当前代码页(936)中表示的字符。请将该文件保存为 Unicode 格式以防止数据丢失
         MultiBodyTreeDebugGraph.cpp
         invdyn_bullet_comparison.cpp
         IDRandomUtil.cpp
         RandomTreeCreator.cpp
         SimpleTreeCreator.cpp
         MultiBodyNameMap.cpp
         User2InternalIndex.cpp
         正在生成代码...
       Lib:
         C:\Program Files (x86)\Microsoft Visual Studio 12.0\VC\bin\Lib.exe /OUT:"D:\USER\Desktop\Bullet3\lib\Debug\BulletInverseDynamicsUtils_Debug.lib" /NOLOGO   /machine:X86 BulletInverseDynamicsUtils.dir\Debug\CloneTreeCreator.obj
         BulletInverseDynamicsUtils.dir\Debug\CoilCreator.obj
         BulletInverseDynamicsUtils.dir\Debug\MultiBodyTreeCreator.obj
         BulletInverseDynamicsUtils.dir\Debug\btMultiBodyTreeCreator.obj
         BulletInverseDynamicsUtils.dir\Debug\DillCreator.obj
         BulletInverseDynamicsUtils.dir\Debug\MultiBodyTreeDebugGraph.obj
         BulletInverseDynamicsUtils.dir\Debug\invdyn_bullet_comparison.obj
         BulletInverseDynamicsUtils.dir\Debug\IDRandomUtil.obj
         BulletInverseDynamicsUtils.dir\Debug\RandomTreeCreator.obj
         BulletInverseDynamicsUtils.dir\Debug\SimpleTreeCreator.obj
         BulletInverseDynamicsUtils.dir\Debug\MultiBodyNameMap.obj
         BulletInverseDynamicsUtils.dir\Debug\User2InternalIndex.obj
         BulletInverseDynamicsUtils.vcxproj -> D:\USER\Desktop\Bullet3\lib\Debug\BulletInverseDynamicsUtils_Debug.lib
     1>已完成生成项目“D:\USER\Desktop\Bullet3\Extras\InverseDynamics\BulletInverseDynamicsUtils.vcxproj”(Build 个目标)的操作。

生成成功。

已用时间 00:00:35.33
