生成启动时间为 2018/5/8 19:04:39。
     1>项目“D:\USER\Desktop\Bullet3\examples\ThirdPartyLibs\BussIK\BussIK.vcxproj”在节点 5 上(Build 个目标)。
     1>CustomBuild:
         Building Custom Rule D:/USER/Desktop/bullet3-master/examples/ThirdPartyLibs/BussIK/CMakeLists.txt
         CMake does not need to re-run because D:/USER/Desktop/Bullet3/examples/ThirdPartyLibs/BussIK/CMakeFiles/generate.stamp is up-to-date.
       ClCompile:
         C:\Program Files (x86)\Microsoft Visual Studio 12.0\VC\bin\CL.exe /c /I"D:\USER\Desktop\bullet3-master\examples\ThirdPartyLibs\BussIK\." /Zi /nologo /W3 /WX- /O2 /Ob1 /Oy- /D WIN32 /D NDEBUG /D USE_GRAPHICAL_BENCHMARK /D _CRT_SECURE_NO_WARNINGS /D _CRT_SECURE_NO_DEPRECATE /D _SCL_SECURE_NO_WARNINGS /D "CMAKE_INTDIR=\"RelWithDebInfo\"" /D _MBCS /GF /Gm- /EHsc /MT /GS /Gy /arch:AVX /fp:fast /Zc:wchar_t /Zc:forScope /GR- /Fo"BussIK.dir\RelWithDebInfo\\" /Fd"BussIK.dir\RelWithDebInfo\vc120.pdb" /Gd /TP /wd4244 /wd4267 /analyze- /errorReport:prompt "D:\USER\Desktop\bullet3-master\examples\ThirdPartyLibs\BussIK\Jacobian.cpp" "D:\USER\Desktop\bullet3-master\examples\ThirdPartyLibs\BussIK\LinearR2.cpp" "D:\USER\Desktop\bullet3-master\examples\ThirdPartyLibs\BussIK\LinearR3.cpp" "D:\USER\Desktop\bullet3-master\examples\ThirdPartyLibs\BussIK\LinearR4.cpp" "D:\USER\Desktop\bullet3-master\examples\ThirdPartyLibs\BussIK\MatrixRmn.cpp" "D:\USER\Desktop\bullet3-master\examples\ThirdPartyLibs\BussIK\Misc.cpp" "D:\USER\Desktop\bullet3-master\examples\ThirdPartyLibs\BussIK\Node.cpp" "D:\USER\Desktop\bullet3-master\examples\ThirdPartyLibs\BussIK\Tree.cpp" "D:\USER\Desktop\bullet3-master\examples\ThirdPartyLibs\BussIK\VectorRn.cpp"
         Jacobian.cpp
         LinearR2.cpp
         LinearR3.cpp
         LinearR4.cpp
         MatrixRmn.cpp
         Misc.cpp
         Node.cpp
         Tree.cpp
         VectorRn.cpp
         正在生成代码...
       Lib:
         C:\Program Files (x86)\Microsoft Visual Studio 12.0\VC\bin\Lib.exe /OUT:"D:\USER\Desktop\Bullet3\lib\RelWithDebInfo\BussIK_RelWithDebugInfo.lib" /NOLOGO   /machine:X86 BussIK.dir\RelWithDebInfo\Jacobian.obj
         BussIK.dir\RelWithDebInfo\LinearR2.obj
         BussIK.dir\RelWithDebInfo\LinearR3.obj
         BussIK.dir\RelWithDebInfo\LinearR4.obj
         BussIK.dir\RelWithDebInfo\MatrixRmn.obj
         BussIK.dir\RelWithDebInfo\Misc.obj
         BussIK.dir\RelWithDebInfo\Node.obj
         BussIK.dir\RelWithDebInfo\Tree.obj
         BussIK.dir\RelWithDebInfo\VectorRn.obj
         BussIK.vcxproj -> D:\USER\Desktop\Bullet3\lib\RelWithDebInfo\BussIK_RelWithDebugInfo.lib
     1>已完成生成项目“D:\USER\Desktop\Bullet3\examples\ThirdPartyLibs\BussIK\BussIK.vcxproj”(Build 个目标)的操作。

生成成功。

已用时间 00:00:10.48
