生成启动时间为 2018/5/8 18:58:48。
     1>项目“D:\USER\Desktop\Bullet3\examples\ExampleBrowser\App_ExampleBrowser.vcxproj”在节点 4 上(Build 个目标)。
     1>CustomBuild:
         Building Custom Rule D:/USER/Desktop/bullet3-master/examples/ExampleBrowser/CMakeLists.txt
         CMake does not need to re-run because D:/USER/Desktop/Bullet3/examples/ExampleBrowser/CMakeFiles/generate.stamp is up-to-date.
       ClCompile:
         C:\Program Files (x86)\Microsoft Visual Studio 12.0\VC\bin\CL.exe /c /I"D:\USER\Desktop\bullet3-master\examples\ExampleBrowser\." /I"D:\USER\Desktop\bullet3-master\src" /I"D:\USER\Desktop\bullet3-master\examples\ThirdPartyLibs" /I"D:\USER\Desktop\bullet3-master\examples\ThirdPartyLibs\glad" /nologo /W3 /WX- /O1 /Ob1 /Oy- /D WIN32 /D NDEBUG /D USE_GRAPHICAL_BENCHMARK /D _CRT_SECURE_NO_WARNINGS /D _CRT_SECURE_NO_DEPRECATE /D _SCL_SECURE_NO_WARNINGS /D GLEW_STATIC /D "CMAKE_INTDIR=\"MinSizeRel\"" /D _MBCS /GF /Gm- /EHsc /MT /GS /Gy /arch:AVX /fp:fast /Zc:wchar_t /Zc:forScope /GR- /Fo"App_ExampleBrowser.dir\MinSizeRel\\" /Fd"App_ExampleBrowser.dir\MinSizeRel\vc120.pdb" /Gd /TP /wd4244 /wd4267 /analyze- /errorReport:prompt "D:\USER\Desktop\bullet3-master\examples\ExampleBrowser\main.cpp" "D:\USER\Desktop\bullet3-master\examples\ExampleBrowser\ExampleEntries.cpp" "D:\USER\Desktop\bullet3-master\examples\ExtendedTutorials\Chain.cpp" "D:\USER\Desktop\bullet3-master\examples\ExtendedTutorials\Bridge.cpp" "D:\USER\Desktop\bullet3-master\examples\ExtendedTutorials\RigidBodyFromObj.cpp" "D:\USER\Desktop\bullet3-master\examples\ExtendedTutorials\SimpleBox.cpp" "D:\USER\Desktop\bullet3-master\examples\ExtendedTutorials\MultipleBoxes.cpp" "D:\USER\Desktop\bullet3-master\examples\ExtendedTutorials\CompoundBoxes.cpp" "D:\USER\Desktop\bullet3-master\examples\ExtendedTutorials\SimpleCloth.cpp" "D:\USER\Desktop\bullet3-master\examples\ExtendedTutorials\SimpleJoint.cpp" "D:\USER\Desktop\bullet3-master\examples\ExtendedTutorials\NewtonsCradle.cpp" "D:\USER\Desktop\bullet3-master\examples\ExtendedTutorials\InclinedPlane.cpp" "D:\USER\Desktop\bullet3-master\examples\ExtendedTutorials\MultiPendulum.cpp" "D:\USER\Desktop\bullet3-master\examples\TinyRenderer\geometry.cpp" "D:\USER\Desktop\bullet3-master\examples\TinyRenderer\model.cpp" "D:\USER\Desktop\bullet3-master\examples\TinyRenderer\tgaimage.cpp" "D:\USER\Desktop\bullet3-master\examples\TinyRenderer\our_gl.cpp" "D:\USER\Desktop\bullet3-master\examples\TinyRenderer\TinyRenderer.cpp" "D:\USER\Desktop\bullet3-master\examples\SharedMemory\plugins\tinyRendererPlugin\tinyRendererPlugin.cpp" "D:\USER\Desktop\bullet3-master\examples\SharedMemory\plugins\tinyRendererPlugin\TinyRendererVisualShapeConverter.cpp" "D:\USER\Desktop\bullet3-master\examples\SharedMemory\IKTrajectoryHelper.cpp" "D:\USER\Desktop\bullet3-master\examples\SharedMemory\PhysicsServer.cpp" "D:\USER\Desktop\bullet3-master\examples\SharedMemory\PhysicsClientSharedMemory.cpp" "D:\USER\Desktop\bullet3-master\examples\SharedMemory\PhysicsClientSharedMemory_C_API.cpp" "D:\USER\Desktop\bullet3-master\examples\SharedMemory\PhysicsClient.cpp" "D:\USER\Desktop\bullet3-master\examples\SharedMemory\PhysicsClientC_API.cpp" "D:\USER\Desktop\bullet3-master\examples\SharedMemory\PhysicsServerExample.cpp" "D:\USER\Desktop\bullet3-master\examples\SharedMemory\PhysicsServerExampleBullet2.cpp" "D:\USER\Desktop\bullet3-master\examples\SharedMemory\PhysicsClientExample.cpp" "D:\USER\Desktop\bullet3-master\examples\SharedMemory\PosixSharedMemory.cpp" "D:\USER\Desktop\bullet3-master\examples\SharedMemory\Win32SharedMemory.cpp" "D:\USER\Desktop\bullet3-master\examples\SharedMemory\InProcessMemory.cpp" "D:\USER\Desktop\bullet3-master\examples\SharedMemory\PhysicsServerSharedMemory.cpp" "D:\USER\Desktop\bullet3-master\examples\SharedMemory\PhysicsDirect.cpp" "D:\USER\Desktop\bullet3-master\examples\SharedMemory\PhysicsDirectC_API.cpp" "D:\USER\Desktop\bullet3-master\examples\SharedMemory\SharedMemoryInProcessPhysicsC_API.cpp" "D:\USER\Desktop\bullet3-master\examples\SharedMemory\PhysicsLoopBack.cpp" "D:\USER\Desktop\bullet3-master\examples\SharedMemory\PhysicsLoopBackC_API.cpp" "D:\USER\Desktop\bullet3-master\examples\SharedMemory\PhysicsServerCommandProcessor.cpp" "D:\USER\Desktop\bullet3-master\examples\SharedMemory\b3PluginManager.cpp" "D:\USER\Desktop\bullet3-master\examples\RobotSimulator\b3RobotSimulatorClientAPI.cpp" "D:\USER\Desktop\bullet3-master\examples\RobotSimulator\b3RobotSimulatorClientAPI_NoGUI.cpp" "D:\USER\Desktop\bullet3-master\examples\BasicDemo\BasicExample.cpp" "D:\USER\Desktop\bullet3-master\examples\InverseDynamics\InverseDynamicsExample.cpp" "D:\USER\Desktop\bullet3-master\examples\InverseKinematics\InverseKinematicsExample.cpp" "D:\USER\Desktop\bullet3-master\examples\ForkLift\ForkLiftDemo.cpp" "D:\USER\Desktop\bullet3-master\examples\MultiThreadedDemo\MultiThreadedDemo.cpp" "D:\USER\Desktop\bullet3-master\examples\MultiThreadedDemo\CommonRigidBodyMTBase.cpp" "D:\USER\Desktop\bullet3-master\examples\Tutorial\Tutorial.cpp" "D:\USER\Desktop\bullet3-master\examples\Tutorial\Dof6ConstraintTutorial.cpp" "D:\USER\Desktop\bullet3-master\examples\Evolution\NN3DWalkers.cpp" "D:\USER\Desktop\bullet3-master\examples\ExtendedTutorials\NewtonsRopeCradle.cpp" "D:\USER\Desktop\bullet3-master\examples\Collision\CollisionSdkC_Api.cpp" "D:\USER\Desktop\bullet3-master\examples\Collision\CollisionTutorialBullet2.cpp" "D:\USER\Desktop\bullet3-master\examples\Collision\Internal\Bullet2CollisionSdk.cpp" "D:\USER\Desktop\bullet3-master\examples\Collision\Internal\RealTimeBullet3CollisionSdk.cpp" "D:\USER\Desktop\bullet3-master\examples\GyroscopicDemo\GyroscopicSetup.cpp" "D:\USER\Desktop\bullet3-master\examples\Planar2D\Planar2D.cpp" "D:\USER\Desktop\bullet3-master\examples\RollingFrictionDemo\RollingFrictionDemo.cpp" "D:\USER\Desktop\bullet3-master\examples\FractureDemo\FractureDemo.cpp" "D:\USER\Desktop\bullet3-master\examples\FractureDemo\btFractureBody.cpp" "D:\USER\Desktop\bullet3-master\examples\FractureDemo\btFractureDynamicsWorld.cpp" "D:\USER\Desktop\bullet3-master\examples\DynamicControlDemo\MotorDemo.cpp" "D:\USER\Desktop\bullet3-master\examples\MultiThreading\MultiThreadingExample.cpp" "D:\USER\Desktop\bullet3-master\examples\MultiThreading\b3PosixThreadSupport.cpp" "D:\USER\Desktop\bullet3-master\examples\MultiThreading\b3Win32ThreadSupport.cpp" "D:\USER\Desktop\bullet3-master\examples\MultiThreading\b3ThreadSupportInterface.cpp" "D:\USER\Desktop\bullet3-master\examples\RenderingExamples\TinyRendererSetup.cpp" "D:\USER\Desktop\bullet3-master\examples\RenderingExamples\TimeSeriesCanvas.cpp" "D:\USER\Desktop\bullet3-master\examples\RenderingExamples\TimeSeriesFontData.cpp" "D:\USER\Desktop\bullet3-master\examples\RenderingExamples\DynamicTexturedCubeDemo.cpp" "D:\USER\Desktop\bullet3-master\examples\RenderingExamples\TinyVRGui.cpp" "D:\USER\Desktop\bullet3-master\examples\RoboticsLearning\GripperGraspExample.cpp" "D:\USER\Desktop\bullet3-master\examples\RoboticsLearning\R2D2GraspExample.cpp" "D:\USER\Desktop\bullet3-master\examples\RoboticsLearning\KukaGraspExample.cpp" "D:\USER\Desktop\bullet3-master\examples\RenderingExamples\CoordinateSystemDemo.cpp" "D:\USER\Desktop\bullet3-master\examples\RenderingExamples\RaytracerSetup.cpp" "D:\USER\Desktop\bullet3-master\examples\RenderingExamples\RenderInstancingDemo.cpp" "D:\USER\Desktop\bullet3-master\examples\RenderingExamples\TimeSeriesExample.cpp" "D:\USER\Desktop\bullet3-master\examples\Benchmarks\BenchmarkDemo.cpp" "D:\USER\Desktop\bullet3-master\examples\Raycast\RaytestDemo.cpp" "D:\USER\Desktop\bullet3-master\examples\Importers\ImportBullet\SerializeSetup.cpp" "D:\USER\Desktop\bullet3-master\examples\Importers\ImportMeshUtility\b3ImportMeshUtility.cpp" "D:\USER\Desktop\bullet3-master\Extras\Serialize\BulletWorldImporter\btWorldImporter.cpp" "D:\USER\Desktop\bullet3-master\Extras\Serialize\BulletWorldImporter\btMultiBodyWorldImporter.cpp" "D:\USER\Desktop\bullet3-master\Extras\Serialize\BulletWorldImporter\btBulletWorldImporter.cpp" "D:\USER\Desktop\bullet3-master\Extras\Serialize\BulletFileLoader\bChunk.cpp" "D:\USER\Desktop\bullet3-master\Extras\Serialize\BulletFileLoader\bFile.cpp" "D:\USER\Desktop\bullet3-master\Extras\Serialize\BulletFileLoader\bDNA.cpp" "D:\USER\Desktop\bullet3-master\Extras\Serialize\BulletFileLoader\btBulletFile.cpp" "D:\USER\Desktop\bullet3-master\examples\Importers\ImportMJCFDemo\BulletMJCFImporter.cpp" "D:\USER\Desktop\bullet3-master\examples\Importers\ImportMJCFDemo\ImportMJCFSetup.cpp" "D:\USER\Desktop\bullet3-master\examples\Importers\ImportBsp\BspConverter.cpp" "D:\USER\Desktop\bullet3-master\examples\Importers\ImportBsp\BspLoader.cpp" "D:\USER\Desktop\bullet3-master\examples\Importers\ImportBsp\ImportBspExample.cpp" "D:\USER\Desktop\bullet3-master\examples\Importers\ImportColladaDemo\ImportColladaSetup.cpp" "D:\USER\Desktop\bullet3-master\examples\Importers\ImportColladaDemo\LoadMeshFromCollada.cpp" "D:\USER\Desktop\bullet3-master\examples\Importers\ImportObjDemo\ImportObjExample.cpp" "D:\USER\Desktop\bullet3-master\examples\Importers\ImportObjDemo\LoadMeshFromObj.cpp" "D:\USER\Desktop\bullet3-master\examples\Importers\ImportObjDemo\Wavefront2GLInstanceGraphicsShape.cpp" "D:\USER\Desktop\bullet3-master\examples\Importers\ImportSTLDemo\ImportSTLSetup.cpp" "D:\USER\Desktop\bullet3-master\examples\Importers\ImportSDFDemo\ImportSDFSetup.cpp" "D:\USER\Desktop\bullet3-master\examples\Importers\ImportURDFDemo\ImportURDFSetup.cpp" "D:\USER\Desktop\bullet3-master\examples\Importers\ImportURDFDemo\URDF2Bullet.cpp" "D:\USER\Desktop\bullet3-master\examples\Importers\ImportURDFDemo\MyMultiBodyCreator.cpp" "D:\USER\Desktop\bullet3-master\examples\Importers\ImportURDFDemo\UrdfParser.cpp" "D:\USER\Desktop\bullet3-master\examples\Utils\RobotLoggingUtil.cpp" "D:\USER\Desktop\bullet3-master\examples\Importers\ImportURDFDemo\urdfStringSplit.cpp" "D:\USER\Desktop\bullet3-master\examples\Importers\ImportURDFDemo\BulletUrdfImporter.cpp" "D:\USER\Desktop\bullet3-master\examples\VoronoiFracture\VoronoiFractureDemo.cpp" "D:\USER\Desktop\bullet3-master\examples\VoronoiFracture\btConvexConvexMprAlgorithm.cpp" "D:\USER\Desktop\bullet3-master\examples\Vehicles\Hinge2Vehicle.cpp" "D:\USER\Desktop\bullet3-master\examples\MultiBody\Pendulum.cpp" "D:\USER\Desktop\bullet3-master\examples\MultiBody\MultiBodySoftContact.cpp" "D:\USER\Desktop\bullet3-master\examples\MultiBody\TestJointTorqueSetup.cpp" "D:\USER\Desktop\bullet3-master\examples\MultiBody\InvertedPendulumPDControl.cpp" "D:\USER\Desktop\bullet3-master\examples\MultiBody\MultiBodyConstraintFeedback.cpp" "D:\USER\Desktop\bullet3-master\examples\MultiBody\MultiDofDemo.cpp" "D:\USER\Desktop\bullet3-master\examples\RigidBody\RigidBodySoftContact.cpp" "D:\USER\Desktop\bullet3-master\examples\Constraints\TestHingeTorque.cpp" "D:\USER\Desktop\bullet3-master\examples\Constraints\ConstraintDemo.cpp" "D:\USER\Desktop\bullet3-master\examples\Constraints\Dof6Spring2Setup.cpp" "D:\USER\Desktop\bullet3-master\examples\Constraints\ConstraintPhysicsSetup.cpp" "D:\USER\Desktop\bullet3-master\examples\ThirdPartyLibs\stb_image\stb_image.cpp" "D:\USER\Desktop\bullet3-master\examples\ThirdPartyLibs\Wavefront\tiny_obj_loader.cpp" "D:\USER\Desktop\bullet3-master\examples\ThirdPartyLibs\tinyxml2\tinyxml2.cpp" "D:\USER\Desktop\bullet3-master\examples\ExampleBrowser\InProcessExampleBrowser.cpp"
         main.cpp
         ExampleEntries.cpp
         Chain.cpp
     1>D:\USER\Desktop\bullet3-master\examples\ExtendedTutorials\Chain.cpp(133): warning C4316: “ChainExample”: 在堆上分配的对象可能不是对齐 16
         Bridge.cpp
     1>D:\USER\Desktop\bullet3-master\examples\ExtendedTutorials\Bridge.cpp(146): warning C4316: “BridgeExample”: 在堆上分配的对象可能不是对齐 16
         RigidBodyFromObj.cpp
     1>D:\USER\Desktop\bullet3-master\examples\ExtendedTutorials\RigidBodyFromObj.cpp(161): warning C4316: “RigidBodyFromObjExample”: 在堆上分配的对象可能不是对齐 16
         SimpleBox.cpp
     1>D:\USER\Desktop\bullet3-master\examples\ExtendedTutorials\SimpleBox.cpp(114): warning C4316: “SimpleBoxExample”: 在堆上分配的对象可能不是对齐 16
         MultipleBoxes.cpp
     1>D:\USER\Desktop\bullet3-master\examples\ExtendedTutorials\MultipleBoxes.cpp(116): warning C4316: “MultipleBoxesExample”: 在堆上分配的对象可能不是对齐 16
         CompoundBoxes.cpp
     1>D:\USER\Desktop\bullet3-master\examples\ExtendedTutorials\CompoundBoxes.cpp(131): warning C4316: “CompoundBoxesExample”: 在堆上分配的对象可能不是对齐 16
         SimpleCloth.cpp
     1>D:\USER\Desktop\bullet3-master\examples\ExtendedTutorials\SimpleCloth.cpp(159): warning C4316: “SimpleClothExample”: 在堆上分配的对象可能不是对齐 16
         SimpleJoint.cpp
     1>D:\USER\Desktop\bullet3-master\examples\ExtendedTutorials\SimpleJoint.cpp(129): warning C4316: “SimpleJointExample”: 在堆上分配的对象可能不是对齐 16
         NewtonsCradle.cpp
     1>D:\USER\Desktop\bullet3-master\examples\ExtendedTutorials\NewtonsCradle.cpp(368): warning C4316: “NewtonsCradleExample”: 在堆上分配的对象可能不是对齐 16
         InclinedPlane.cpp
     1>D:\USER\Desktop\bullet3-master\examples\ExtendedTutorials\InclinedPlane.cpp(386): warning C4316: “InclinedPlaneExample”: 在堆上分配的对象可能不是对齐 16
         MultiPendulum.cpp
     1>D:\USER\Desktop\bullet3-master\examples\ExtendedTutorials\MultiPendulum.cpp(424): warning C4316: “MultiPendulumExample”: 在堆上分配的对象可能不是对齐 16
         geometry.cpp
         model.cpp
         tgaimage.cpp
         our_gl.cpp
         TinyRenderer.cpp
         tinyRendererPlugin.cpp
         TinyRendererVisualShapeConverter.cpp
     1>D:\USER\Desktop\bullet3-master\examples\SharedMemory\plugins\tinyRendererPlugin\TinyRendererVisualShapeConverter.cpp(128): warning C4316: “TinyRendererVisualShapeConverterInternalData”: 在堆上分配的对象可能不是对齐 16
     1>D:\USER\Desktop\bullet3-master\examples\SharedMemory\plugins\tinyRendererPlugin\TinyRendererVisualShapeConverter.cpp(634): warning C4316: “TinyRendererObjectArray”: 在堆上分配的对象可能不是对齐 16
     1>D:\USER\Desktop\bullet3-master\examples\SharedMemory\plugins\tinyRendererPlugin\TinyRendererVisualShapeConverter.cpp(666): warning C4316: “TinyRenderObjectData”: 在堆上分配的对象可能不是对齐 16
         正在生成代码...
         正在编译...
         IKTrajectoryHelper.cpp
         PhysicsServer.cpp
         PhysicsClientSharedMemory.cpp
         PhysicsClientSharedMemory_C_API.cpp
         PhysicsClient.cpp
         PhysicsClientC_API.cpp
         PhysicsServerExample.cpp
     1>D:\USER\Desktop\bullet3-master\examples\SharedMemory\PhysicsServerExample.cpp(870): warning C4316: “MultithreadedDebugDrawer”: 在堆上分配的对象可能不是对齐 16
     1>D:\USER\Desktop\bullet3-master\examples\SharedMemory\PhysicsServerExample.cpp(3229): warning C4316: “MultiThreadedOpenGLGuiHelper”: 在堆上分配的对象可能不是对齐 16
     1>D:\USER\Desktop\bullet3-master\examples\SharedMemory\PhysicsServerExample.cpp(3235): warning C4316: “PhysicsServerExample”: 在堆上分配的对象可能不是对齐 16
         PhysicsServerExampleBullet2.cpp
         PhysicsClientExample.cpp
         PosixSharedMemory.cpp
         Win32SharedMemory.cpp
         InProcessMemory.cpp
         PhysicsServerSharedMemory.cpp
         PhysicsDirect.cpp
         PhysicsDirectC_API.cpp
         SharedMemoryInProcessPhysicsC_API.cpp
         PhysicsLoopBack.cpp
         PhysicsLoopBackC_API.cpp
         PhysicsServerCommandProcessor.cpp
     1>D:\USER\Desktop\bullet3-master\examples\SharedMemory\PhysicsServerCommandProcessor.cpp(1689): warning C4316: “PhysicsServerCommandProcessorInternalData”: 在堆上分配的对象可能不是对齐 16
     1>D:\USER\Desktop\bullet3-master\examples\SharedMemory\PhysicsServerCommandProcessor.cpp(5939): warning C4018: “<”: 有符号/无符号不匹配
     1>D:\USER\Desktop\bullet3-master\examples\SharedMemory\PhysicsServerCommandProcessor.cpp(5943): warning C4018: “<”: 有符号/无符号不匹配
     1>D:\USER\Desktop\bullet3-master\examples\SharedMemory\PhysicsServerCommandProcessor.cpp(6007): warning C4316: “btMultiBodyJointFeedback”: 在堆上分配的对象可能不是对齐 16
         b3PluginManager.cpp
         正在生成代码...
         正在编译...
         b3RobotSimulatorClientAPI.cpp
         b3RobotSimulatorClientAPI_NoGUI.cpp
         BasicExample.cpp
     1>D:\USER\Desktop\bullet3-master\examples\BasicDemo\BasicExample.cpp(143): warning C4316: “BasicExample”: 在堆上分配的对象可能不是对齐 16
         InverseDynamicsExample.cpp
     1>D:\USER\Desktop\bullet3-master\examples\InverseDynamics\InverseDynamicsExample.cpp(365): warning C4316: “InverseDynamicsExample”: 在堆上分配的对象可能不是对齐 16
         InverseKinematicsExample.cpp
         ForkLiftDemo.cpp
     1>D:\USER\Desktop\bullet3-master\examples\ForkLift\ForkLiftDemo.cpp(1213): warning C4316: “ForkLiftDemo”: 在堆上分配的对象可能不是对齐 16
         MultiThreadedDemo.cpp
         CommonRigidBodyMTBase.cpp
         Tutorial.cpp
         Dof6ConstraintTutorial.cpp
     1>D:\USER\Desktop\bullet3-master\examples\Tutorial\Dof6ConstraintTutorial.cpp(533): warning C4316: “Dof6ConstraintTutorial”: 在堆上分配的对象可能不是对齐 16
         NN3DWalkers.cpp
     1>d:\user\desktop\bullet3-master\examples\evolution\NN3DWalkersTimeWarpBase.h(792): warning C4018: “>”: 有符号/无符号不匹配
     1>d:\user\desktop\bullet3-master\examples\evolution\NN3DWalkersTimeWarpBase.h(809): warning C4018: “>”: 有符号/无符号不匹配
     1>D:\USER\Desktop\bullet3-master\examples\Evolution\NN3DWalkers.cpp(705): warning C4316: “NNWalker”: 在堆上分配的对象可能不是对齐 16
     1>D:\USER\Desktop\bullet3-master\examples\Evolution\NN3DWalkers.cpp(790): warning C4316: “NN3DWalkersExample”: 在堆上分配的对象可能不是对齐 16
         NewtonsRopeCradle.cpp
     1>D:\USER\Desktop\bullet3-master\examples\ExtendedTutorials\NewtonsRopeCradle.cpp(374): warning C4316: “NewtonsRopeCradleExample”: 在堆上分配的对象可能不是对齐 16
         CollisionSdkC_Api.cpp
         CollisionTutorialBullet2.cpp
         Bullet2CollisionSdk.cpp
         RealTimeBullet3CollisionSdk.cpp
         GyroscopicSetup.cpp
     1>D:\USER\Desktop\bullet3-master\examples\GyroscopicDemo\GyroscopicSetup.cpp(137): warning C4316: “GyroscopicSetup”: 在堆上分配的对象可能不是对齐 16
         Planar2D.cpp
     1>D:\USER\Desktop\bullet3-master\examples\Planar2D\Planar2D.cpp(337): warning C4316: “Planar2D”: 在堆上分配的对象可能不是对齐 16
         RollingFrictionDemo.cpp
     1>D:\USER\Desktop\bullet3-master\examples\RollingFrictionDemo\RollingFrictionDemo.cpp(292): warning C4316: “RollingFrictionDemo”: 在堆上分配的对象可能不是对齐 16
         FractureDemo.cpp
     1>D:\USER\Desktop\bullet3-master\examples\FractureDemo\FractureDemo.cpp(408): warning C4316: “FractureDemo”: 在堆上分配的对象可能不是对齐 16
         正在生成代码...
         正在编译...
         btFractureBody.cpp
         btFractureDynamicsWorld.cpp
         MotorDemo.cpp
     1>D:\USER\Desktop\bullet3-master\examples\DynamicControlDemo\MotorDemo.cpp(449): warning C4316: “MotorDemo”: 在堆上分配的对象可能不是对齐 16
         MultiThreadingExample.cpp
         b3PosixThreadSupport.cpp
         b3Win32ThreadSupport.cpp
         b3ThreadSupportInterface.cpp
         TinyRendererSetup.cpp
     1>D:\USER\Desktop\bullet3-master\examples\RenderingExamples\TinyRendererSetup.cpp(155): warning C4316: “TinyRendererSetupInternalData”: 在堆上分配的对象可能不是对齐 16
     1>D:\USER\Desktop\bullet3-master\examples\RenderingExamples\TinyRendererSetup.cpp(198): warning C4316: “TinyRenderObjectData”: 在堆上分配的对象可能不是对齐 16
         TimeSeriesCanvas.cpp
         TimeSeriesFontData.cpp
         DynamicTexturedCubeDemo.cpp
         TinyVRGui.cpp
         GripperGraspExample.cpp
     1>D:\USER\Desktop\bullet3-master\examples\RoboticsLearning\GripperGraspExample.cpp(634): warning C4316: “GripperGraspExample”: 在堆上分配的对象可能不是对齐 16
         R2D2GraspExample.cpp
         KukaGraspExample.cpp
     1>D:\USER\Desktop\bullet3-master\examples\RoboticsLearning\KukaGraspExample.cpp(302): warning C4316: “KukaGraspExample”: 在堆上分配的对象可能不是对齐 16
         CoordinateSystemDemo.cpp
         RaytracerSetup.cpp
     1>D:\USER\Desktop\bullet3-master\examples\RenderingExamples\RaytracerSetup.cpp(125): warning C4316: “RaytracerInternalData”: 在堆上分配的对象可能不是对齐 16
         RenderInstancingDemo.cpp
         TimeSeriesExample.cpp
         BenchmarkDemo.cpp
     1>D:\USER\Desktop\bullet3-master\examples\Benchmarks\BenchmarkDemo.cpp(1316): warning C4316: “BenchmarkDemo”: 在堆上分配的对象可能不是对齐 16
         正在生成代码...
         正在编译...
         RaytestDemo.cpp
     1>D:\USER\Desktop\bullet3-master\examples\Raycast\RaytestDemo.cpp(331): warning C4316: “RaytestDemo”: 在堆上分配的对象可能不是对齐 16
         SerializeSetup.cpp
     1>D:\USER\Desktop\bullet3-master\examples\Importers\ImportBullet\SerializeSetup.cpp(113): warning C4316: “SerializeSetup”: 在堆上分配的对象可能不是对齐 16
         b3ImportMeshUtility.cpp
     1>D:\USER\Desktop\bullet3-master\examples\Importers\ImportMeshUtility\b3ImportMeshUtility.cpp(84): warning C4018: “<”: 有符号/无符号不匹配
         btWorldImporter.cpp
     1>D:\USER\Desktop\bullet3-master\Extras\Serialize\BulletWorldImporter\btWorldImporter.cpp(1005): warning C4800: “char”: 将值强制为布尔值“true”或“false”(性能警告)
     1>D:\USER\Desktop\bullet3-master\Extras\Serialize\BulletWorldImporter\btWorldImporter.cpp(1325): warning C4800: “char”: 将值强制为布尔值“true”或“false”(性能警告)
         btMultiBodyWorldImporter.cpp
         btBulletWorldImporter.cpp
         bChunk.cpp
         bFile.cpp
         bDNA.cpp
         btBulletFile.cpp
         BulletMJCFImporter.cpp
     1>D:\USER\Desktop\bullet3-master\examples\Importers\ImportMJCFDemo\BulletMJCFImporter.cpp(427): warning C4316: “UrdfModel”: 在堆上分配的对象可能不是对齐 16
     1>D:\USER\Desktop\bullet3-master\examples\Importers\ImportMJCFDemo\BulletMJCFImporter.cpp(437): warning C4316: “UrdfModel”: 在堆上分配的对象可能不是对齐 16
     1>D:\USER\Desktop\bullet3-master\examples\Importers\ImportMJCFDemo\BulletMJCFImporter.cpp(440): warning C4316: “UrdfLink”: 在堆上分配的对象可能不是对齐 16
     1>D:\USER\Desktop\bullet3-master\examples\Importers\ImportMJCFDemo\BulletMJCFImporter.cpp(617): warning C4316: “UrdfJoint”: 在堆上分配的对象可能不是对齐 16
     1>D:\USER\Desktop\bullet3-master\examples\Importers\ImportMJCFDemo\BulletMJCFImporter.cpp(1084): warning C4316: “UrdfLink”: 在堆上分配的对象可能不是对齐 16
     1>D:\USER\Desktop\bullet3-master\examples\Importers\ImportMJCFDemo\BulletMJCFImporter.cpp(1286): warning C4316: “UrdfJoint”: 在堆上分配的对象可能不是对齐 16
         ImportMJCFSetup.cpp
     1>D:\USER\Desktop\bullet3-master\examples\Importers\ImportMJCFDemo\ImportMJCFSetup.cpp(397): warning C4316: “ImportMJCFSetup”: 在堆上分配的对象可能不是对齐 16
         BspConverter.cpp
         BspLoader.cpp
         ImportBspExample.cpp
     1>D:\USER\Desktop\bullet3-master\examples\Importers\ImportBsp\ImportBspExample.cpp(290): warning C4316: “BspDemo”: 在堆上分配的对象可能不是对齐 16
         ImportColladaSetup.cpp
     1>D:\USER\Desktop\bullet3-master\examples\Importers\ImportColladaDemo\ImportColladaSetup.cpp(212): warning C4316: “ImportColladaSetup”: 在堆上分配的对象可能不是对齐 16
         LoadMeshFromCollada.cpp
         ImportObjExample.cpp
     1>D:\USER\Desktop\bullet3-master\examples\Importers\ImportObjDemo\ImportObjExample.cpp(118): warning C4316: “ImportObjSetup”: 在堆上分配的对象可能不是对齐 16
         LoadMeshFromObj.cpp
         Wavefront2GLInstanceGraphicsShape.cpp
     1>D:\USER\Desktop\bullet3-master\examples\Importers\ImportObjDemo\Wavefront2GLInstanceGraphicsShape.cpp(53): warning C4018: “<”: 有符号/无符号不匹配
     1>D:\USER\Desktop\bullet3-master\examples\Importers\ImportObjDemo\Wavefront2GLInstanceGraphicsShape.cpp(80): warning C4018: “<”: 有符号/无符号不匹配
     1>D:\USER\Desktop\bullet3-master\examples\Importers\ImportObjDemo\Wavefront2GLInstanceGraphicsShape.cpp(105): warning C4018: “<”: 有符号/无符号不匹配
         正在生成代码...
         正在编译...
         ImportSTLSetup.cpp
     1>D:\USER\Desktop\bullet3-master\examples\Importers\ImportSTLDemo\ImportSTLSetup.cpp(102): warning C4316: “ImportSTLSetup”: 在堆上分配的对象可能不是对齐 16
         ImportSDFSetup.cpp
     1>D:\USER\Desktop\bullet3-master\examples\Importers\ImportSDFDemo\ImportSDFSetup.cpp(338): warning C4316: “ImportSDFSetup”: 在堆上分配的对象可能不是对齐 16
         ImportURDFSetup.cpp
     1>D:\USER\Desktop\bullet3-master\examples\Importers\ImportURDFDemo\ImportURDFSetup.cpp(410): warning C4316: “ImportUrdfSetup”: 在堆上分配的对象可能不是对齐 16
         URDF2Bullet.cpp
         MyMultiBodyCreator.cpp
     1>D:\USER\Desktop\bullet3-master\examples\Importers\ImportURDFDemo\MyMultiBodyCreator.cpp(65): warning C4316: “GenericConstraintUserInfo”: 在堆上分配的对象可能不是对齐 16
     1>D:\USER\Desktop\bullet3-master\examples\Importers\ImportURDFDemo\MyMultiBodyCreator.cpp(148): warning C4316: “GenericConstraintUserInfo”: 在堆上分配的对象可能不是对齐 16
     1>D:\USER\Desktop\bullet3-master\examples\Importers\ImportURDFDemo\MyMultiBodyCreator.cpp(172): warning C4316: “GenericConstraintUserInfo”: 在堆上分配的对象可能不是对齐 16
         UrdfParser.cpp
     1>D:\USER\Desktop\bullet3-master\examples\Importers\ImportURDFDemo\UrdfParser.cpp(627): warning C4316: “UrdfMaterial”: 在堆上分配的对象可能不是对齐 16
     1>D:\USER\Desktop\bullet3-master\examples\Importers\ImportURDFDemo\UrdfParser.cpp(684): warning C4316: “UrdfMaterial”: 在堆上分配的对象可能不是对齐 16
     1>D:\USER\Desktop\bullet3-master\examples\Importers\ImportURDFDemo\UrdfParser.cpp(1533): warning C4316: “UrdfMaterial”: 在堆上分配的对象可能不是对齐 16
     1>D:\USER\Desktop\bullet3-master\examples\Importers\ImportURDFDemo\UrdfParser.cpp(1557): warning C4316: “UrdfLink”: 在堆上分配的对象可能不是对齐 16
     1>D:\USER\Desktop\bullet3-master\examples\Importers\ImportURDFDemo\UrdfParser.cpp(1606): warning C4316: “UrdfJoint”: 在堆上分配的对象可能不是对齐 16
     1>D:\USER\Desktop\bullet3-master\examples\Importers\ImportURDFDemo\UrdfParser.cpp(1696): warning C4316: “UrdfModel”: 在堆上分配的对象可能不是对齐 16
     1>D:\USER\Desktop\bullet3-master\examples\Importers\ImportURDFDemo\UrdfParser.cpp(1732): warning C4316: “UrdfMaterial”: 在堆上分配的对象可能不是对齐 16
     1>D:\USER\Desktop\bullet3-master\examples\Importers\ImportURDFDemo\UrdfParser.cpp(1756): warning C4316: “UrdfLink”: 在堆上分配的对象可能不是对齐 16
     1>D:\USER\Desktop\bullet3-master\examples\Importers\ImportURDFDemo\UrdfParser.cpp(1805): warning C4316: “UrdfJoint”: 在堆上分配的对象可能不是对齐 16
         RobotLoggingUtil.cpp
         urdfStringSplit.cpp
         BulletUrdfImporter.cpp
         VoronoiFractureDemo.cpp
     1>D:\USER\Desktop\bullet3-master\examples\VoronoiFracture\VoronoiFractureDemo.cpp(829): warning C4316: “VoronoiFractureDemo”: 在堆上分配的对象可能不是对齐 16
         btConvexConvexMprAlgorithm.cpp
         Hinge2Vehicle.cpp
     1>D:\USER\Desktop\bullet3-master\examples\Vehicles\Hinge2Vehicle.cpp(1177): warning C4316: “Hinge2Vehicle”: 在堆上分配的对象可能不是对齐 16
         Pendulum.cpp
     1>D:\USER\Desktop\bullet3-master\examples\MultiBody\Pendulum.cpp(225): warning C4316: “Pendulum”: 在堆上分配的对象可能不是对齐 16
         MultiBodySoftContact.cpp
     1>D:\USER\Desktop\bullet3-master\examples\MultiBody\MultiBodySoftContact.cpp(172): warning C4316: “MultiBodySoftContact”: 在堆上分配的对象可能不是对齐 16
         TestJointTorqueSetup.cpp
     1>D:\USER\Desktop\bullet3-master\examples\MultiBody\TestJointTorqueSetup.cpp(221): warning C4316: “btMultiBodyJointFeedback”: 在堆上分配的对象可能不是对齐 16
     1>D:\USER\Desktop\bullet3-master\examples\MultiBody\TestJointTorqueSetup.cpp(433): warning C4316: “TestJointTorqueSetup”: 在堆上分配的对象可能不是对齐 16
         InvertedPendulumPDControl.cpp
     1>D:\USER\Desktop\bullet3-master\examples\MultiBody\InvertedPendulumPDControl.cpp(363): warning C4316: “btMultiBodyJointFeedback”: 在堆上分配的对象可能不是对齐 16
     1>D:\USER\Desktop\bullet3-master\examples\MultiBody\InvertedPendulumPDControl.cpp(464): warning C4316: “InvertedPendulumPDControl”: 在堆上分配的对象可能不是对齐 16
         MultiBodyConstraintFeedback.cpp
     1>D:\USER\Desktop\bullet3-master\examples\MultiBody\MultiBodyConstraintFeedback.cpp(217): warning C4316: “btMultiBodyJointFeedback”: 在堆上分配的对象可能不是对齐 16
     1>D:\USER\Desktop\bullet3-master\examples\MultiBody\MultiBodyConstraintFeedback.cpp(430): warning C4316: “MultiBodyConstraintFeedbackSetup”: 在堆上分配的对象可能不是对齐 16
         MultiDofDemo.cpp
     1>D:\USER\Desktop\bullet3-master\examples\MultiBody\MultiDofDemo.cpp(448): warning C4316: “MultiDofDemo”: 在堆上分配的对象可能不是对齐 16
         RigidBodySoftContact.cpp
     1>D:\USER\Desktop\bullet3-master\examples\RigidBody\RigidBodySoftContact.cpp(188): warning C4316: “RigidBodySoftContact”: 在堆上分配的对象可能不是对齐 16
         TestHingeTorque.cpp
     1>D:\USER\Desktop\bullet3-master\examples\Constraints\TestHingeTorque.cpp(240): warning C4316: “TestHingeTorque”: 在堆上分配的对象可能不是对齐 16
         正在生成代码...
         正在编译...
         ConstraintDemo.cpp
     1>D:\USER\Desktop\bullet3-master\examples\Constraints\ConstraintDemo.cpp(887): warning C4316: “AllConstraintDemo”: 在堆上分配的对象可能不是对齐 16
         Dof6Spring2Setup.cpp
     1>D:\USER\Desktop\bullet3-master\examples\Constraints\Dof6Spring2Setup.cpp(500): warning C4316: “Dof6Spring2Setup”: 在堆上分配的对象可能不是对齐 16
         ConstraintPhysicsSetup.cpp
     1>D:\USER\Desktop\bullet3-master\examples\Constraints\ConstraintPhysicsSetup.cpp(160): warning C4316: “ConstraintPhysicsSetup”: 在堆上分配的对象可能不是对齐 16
         stb_image.cpp
         tiny_obj_loader.cpp
     1>D:\USER\Desktop\bullet3-master\examples\ThirdPartyLibs\Wavefront\tiny_obj_loader.cpp(214): warning C4018: “<”: 有符号/无符号不匹配
         tinyxml2.cpp
         InProcessExampleBrowser.cpp
         正在生成代码...
       ResourceCompile:
         C:\Program Files (x86)\Windows Kits\8.1\bin\x86\rc.exe /D WIN32 /D NDEBUG /D USE_GRAPHICAL_BENCHMARK /D _CRT_SECURE_NO_WARNINGS /D _CRT_SECURE_NO_DEPRECATE /D _SCL_SECURE_NO_WARNINGS /D GLEW_STATIC /D "CMAKE_INTDIR=\\\"MinSizeRel\\\"" /l"0x0409" /I"D:\USER\Desktop\bullet3-master\examples\ExampleBrowser\." /I"D:\USER\Desktop\bullet3-master\src" /I"D:\USER\Desktop\bullet3-master\examples\ThirdPartyLibs" /I"D:\USER\Desktop\bullet3-master\examples\ThirdPartyLibs\glad" /nologo /fo"App_ExampleBrowser.dir\MinSizeRel\bullet.res" D:\USER\Desktop\bullet3-master\build3\bullet.rc 
       Link:
         C:\Program Files (x86)\Microsoft Visual Studio 12.0\VC\bin\link.exe /ERRORREPORT:PROMPT /OUT:"D:\USER\Desktop\Bullet3\examples\ExampleBrowser\MinSizeRel\App_ExampleBrowser.exe" /INCREMENTAL:NO /NOLOGO kernel32.lib user32.lib gdi32.lib winspool.lib shell32.lib ole32.lib oleaut32.lib uuid.lib comdlg32.lib advapi32.lib ..\..\lib\MinSizeRel\BulletExampleBrowserLib_MinsizeRel.lib ..\..\lib\MinSizeRel\Bullet3Common_MinsizeRel.lib ..\..\lib\MinSizeRel\BulletSoftBody_MinsizeRel.lib ..\..\lib\MinSizeRel\BulletDynamics_MinsizeRel.lib ..\..\lib\MinSizeRel\BulletCollision_MinsizeRel.lib ..\..\lib\MinSizeRel\BulletInverseDynamicsUtils_MinsizeRel.lib ..\..\lib\MinSizeRel\BulletInverseDynamics_MinsizeRel.lib ..\..\lib\MinSizeRel\LinearMath_MinsizeRel.lib ..\..\lib\MinSizeRel\OpenGLWindow_MinsizeRel.lib ..\..\lib\MinSizeRel\gwen_MinsizeRel.lib ..\..\lib\MinSizeRel\BussIK_MinsizeRel.lib opengl32.lib glu32.lib /MANIFEST /MANIFESTUAC:"level='asInvoker' uiAccess='false'" /manifest:embed /PDB:"D:/USER/Desktop/Bullet3/examples/ExampleBrowser/MinSizeRel/App_ExampleBrowser.pdb" /SUBSYSTEM:CONSOLE /OPT:REF /OPT:ICF /TLBID:1 /DYNAMICBASE /NXCOMPAT /IMPLIB:"D:/USER/Desktop/Bullet3/examples/ExampleBrowser/MinSizeRel/App_ExampleBrowser.lib" /MACHINE:X86 /SAFESEH   /machine:X86 App_ExampleBrowser.dir\MinSizeRel\bullet.res
         App_ExampleBrowser.dir\MinSizeRel\main.obj
         App_ExampleBrowser.dir\MinSizeRel\ExampleEntries.obj
         App_ExampleBrowser.dir\MinSizeRel\Chain.obj
         App_ExampleBrowser.dir\MinSizeRel\Bridge.obj
         App_ExampleBrowser.dir\MinSizeRel\RigidBodyFromObj.obj
         App_ExampleBrowser.dir\MinSizeRel\SimpleBox.obj
         App_ExampleBrowser.dir\MinSizeRel\MultipleBoxes.obj
         App_ExampleBrowser.dir\MinSizeRel\CompoundBoxes.obj
         App_ExampleBrowser.dir\MinSizeRel\SimpleCloth.obj
         App_ExampleBrowser.dir\MinSizeRel\SimpleJoint.obj
         App_ExampleBrowser.dir\MinSizeRel\NewtonsCradle.obj
         App_ExampleBrowser.dir\MinSizeRel\InclinedPlane.obj
         App_ExampleBrowser.dir\MinSizeRel\MultiPendulum.obj
         App_ExampleBrowser.dir\MinSizeRel\geometry.obj
         App_ExampleBrowser.dir\MinSizeRel\model.obj
         App_ExampleBrowser.dir\MinSizeRel\tgaimage.obj
         App_ExampleBrowser.dir\MinSizeRel\our_gl.obj
         App_ExampleBrowser.dir\MinSizeRel\TinyRenderer.obj
         App_ExampleBrowser.dir\MinSizeRel\tinyRendererPlugin.obj
         App_ExampleBrowser.dir\MinSizeRel\TinyRendererVisualShapeConverter.obj
         App_ExampleBrowser.dir\MinSizeRel\IKTrajectoryHelper.obj
         App_ExampleBrowser.dir\MinSizeRel\PhysicsServer.obj
         App_ExampleBrowser.dir\MinSizeRel\PhysicsClientSharedMemory.obj
         App_ExampleBrowser.dir\MinSizeRel\PhysicsClientSharedMemory_C_API.obj
         App_ExampleBrowser.dir\MinSizeRel\PhysicsClient.obj
         App_ExampleBrowser.dir\MinSizeRel\PhysicsClientC_API.obj
         App_ExampleBrowser.dir\MinSizeRel\PhysicsServerExample.obj
         App_ExampleBrowser.dir\MinSizeRel\PhysicsServerExampleBullet2.obj
         App_ExampleBrowser.dir\MinSizeRel\PhysicsClientExample.obj
         App_ExampleBrowser.dir\MinSizeRel\PosixSharedMemory.obj
         App_ExampleBrowser.dir\MinSizeRel\Win32SharedMemory.obj
         App_ExampleBrowser.dir\MinSizeRel\InProcessMemory.obj
         App_ExampleBrowser.dir\MinSizeRel\PhysicsServerSharedMemory.obj
         App_ExampleBrowser.dir\MinSizeRel\PhysicsDirect.obj
         App_ExampleBrowser.dir\MinSizeRel\PhysicsDirectC_API.obj
         App_ExampleBrowser.dir\MinSizeRel\SharedMemoryInProcessPhysicsC_API.obj
         App_ExampleBrowser.dir\MinSizeRel\PhysicsLoopBack.obj
         App_ExampleBrowser.dir\MinSizeRel\PhysicsLoopBackC_API.obj
         App_ExampleBrowser.dir\MinSizeRel\PhysicsServerCommandProcessor.obj
         App_ExampleBrowser.dir\MinSizeRel\b3PluginManager.obj
         App_ExampleBrowser.dir\MinSizeRel\b3RobotSimulatorClientAPI.obj
         App_ExampleBrowser.dir\MinSizeRel\b3RobotSimulatorClientAPI_NoGUI.obj
         App_ExampleBrowser.dir\MinSizeRel\BasicExample.obj
         App_ExampleBrowser.dir\MinSizeRel\InverseDynamicsExample.obj
         App_ExampleBrowser.dir\MinSizeRel\InverseKinematicsExample.obj
         App_ExampleBrowser.dir\MinSizeRel\ForkLiftDemo.obj
         App_ExampleBrowser.dir\MinSizeRel\MultiThreadedDemo.obj
         App_ExampleBrowser.dir\MinSizeRel\CommonRigidBodyMTBase.obj
         App_ExampleBrowser.dir\MinSizeRel\Tutorial.obj
         App_ExampleBrowser.dir\MinSizeRel\Dof6ConstraintTutorial.obj
         App_ExampleBrowser.dir\MinSizeRel\NN3DWalkers.obj
         App_ExampleBrowser.dir\MinSizeRel\NewtonsRopeCradle.obj
         App_ExampleBrowser.dir\MinSizeRel\CollisionSdkC_Api.obj
         App_ExampleBrowser.dir\MinSizeRel\CollisionTutorialBullet2.obj
         App_ExampleBrowser.dir\MinSizeRel\Bullet2CollisionSdk.obj
         App_ExampleBrowser.dir\MinSizeRel\RealTimeBullet3CollisionSdk.obj
         App_ExampleBrowser.dir\MinSizeRel\GyroscopicSetup.obj
         App_ExampleBrowser.dir\MinSizeRel\Planar2D.obj
         App_ExampleBrowser.dir\MinSizeRel\RollingFrictionDemo.obj
         App_ExampleBrowser.dir\MinSizeRel\FractureDemo.obj
         App_ExampleBrowser.dir\MinSizeRel\btFractureBody.obj
         App_ExampleBrowser.dir\MinSizeRel\btFractureDynamicsWorld.obj
         App_ExampleBrowser.dir\MinSizeRel\MotorDemo.obj
         App_ExampleBrowser.dir\MinSizeRel\MultiThreadingExample.obj
         App_ExampleBrowser.dir\MinSizeRel\b3PosixThreadSupport.obj
         App_ExampleBrowser.dir\MinSizeRel\b3Win32ThreadSupport.obj
         App_ExampleBrowser.dir\MinSizeRel\b3ThreadSupportInterface.obj
         App_ExampleBrowser.dir\MinSizeRel\TinyRendererSetup.obj
         App_ExampleBrowser.dir\MinSizeRel\TimeSeriesCanvas.obj
         App_ExampleBrowser.dir\MinSizeRel\TimeSeriesFontData.obj
         App_ExampleBrowser.dir\MinSizeRel\DynamicTexturedCubeDemo.obj
         App_ExampleBrowser.dir\MinSizeRel\TinyVRGui.obj
         App_ExampleBrowser.dir\MinSizeRel\GripperGraspExample.obj
         App_ExampleBrowser.dir\MinSizeRel\R2D2GraspExample.obj
         App_ExampleBrowser.dir\MinSizeRel\KukaGraspExample.obj
         App_ExampleBrowser.dir\MinSizeRel\CoordinateSystemDemo.obj
         App_ExampleBrowser.dir\MinSizeRel\RaytracerSetup.obj
         App_ExampleBrowser.dir\MinSizeRel\RenderInstancingDemo.obj
         App_ExampleBrowser.dir\MinSizeRel\TimeSeriesExample.obj
         App_ExampleBrowser.dir\MinSizeRel\BenchmarkDemo.obj
         App_ExampleBrowser.dir\MinSizeRel\RaytestDemo.obj
         App_ExampleBrowser.dir\MinSizeRel\SerializeSetup.obj
         App_ExampleBrowser.dir\MinSizeRel\b3ImportMeshUtility.obj
         App_ExampleBrowser.dir\MinSizeRel\btWorldImporter.obj
         App_ExampleBrowser.dir\MinSizeRel\btMultiBodyWorldImporter.obj
         App_ExampleBrowser.dir\MinSizeRel\btBulletWorldImporter.obj
         App_ExampleBrowser.dir\MinSizeRel\bChunk.obj
         App_ExampleBrowser.dir\MinSizeRel\bFile.obj
         App_ExampleBrowser.dir\MinSizeRel\bDNA.obj
         App_ExampleBrowser.dir\MinSizeRel\btBulletFile.obj
         App_ExampleBrowser.dir\MinSizeRel\BulletMJCFImporter.obj
         App_ExampleBrowser.dir\MinSizeRel\ImportMJCFSetup.obj
         App_ExampleBrowser.dir\MinSizeRel\BspConverter.obj
         App_ExampleBrowser.dir\MinSizeRel\BspLoader.obj
         App_ExampleBrowser.dir\MinSizeRel\ImportBspExample.obj
         App_ExampleBrowser.dir\MinSizeRel\ImportColladaSetup.obj
         App_ExampleBrowser.dir\MinSizeRel\LoadMeshFromCollada.obj
         App_ExampleBrowser.dir\MinSizeRel\ImportObjExample.obj
         App_ExampleBrowser.dir\MinSizeRel\LoadMeshFromObj.obj
         App_ExampleBrowser.dir\MinSizeRel\Wavefront2GLInstanceGraphicsShape.obj
         App_ExampleBrowser.dir\MinSizeRel\ImportSTLSetup.obj
         App_ExampleBrowser.dir\MinSizeRel\ImportSDFSetup.obj
         App_ExampleBrowser.dir\MinSizeRel\ImportURDFSetup.obj
         App_ExampleBrowser.dir\MinSizeRel\URDF2Bullet.obj
         App_ExampleBrowser.dir\MinSizeRel\MyMultiBodyCreator.obj
         App_ExampleBrowser.dir\MinSizeRel\UrdfParser.obj
         App_ExampleBrowser.dir\MinSizeRel\RobotLoggingUtil.obj
         App_ExampleBrowser.dir\MinSizeRel\urdfStringSplit.obj
         App_ExampleBrowser.dir\MinSizeRel\BulletUrdfImporter.obj
         App_ExampleBrowser.dir\MinSizeRel\VoronoiFractureDemo.obj
         App_ExampleBrowser.dir\MinSizeRel\btConvexConvexMprAlgorithm.obj
         App_ExampleBrowser.dir\MinSizeRel\Hinge2Vehicle.obj
         App_ExampleBrowser.dir\MinSizeRel\Pendulum.obj
         App_ExampleBrowser.dir\MinSizeRel\MultiBodySoftContact.obj
         App_ExampleBrowser.dir\MinSizeRel\TestJointTorqueSetup.obj
         App_ExampleBrowser.dir\MinSizeRel\InvertedPendulumPDControl.obj
         App_ExampleBrowser.dir\MinSizeRel\MultiBodyConstraintFeedback.obj
         App_ExampleBrowser.dir\MinSizeRel\MultiDofDemo.obj
         App_ExampleBrowser.dir\MinSizeRel\RigidBodySoftContact.obj
         App_ExampleBrowser.dir\MinSizeRel\TestHingeTorque.obj
         App_ExampleBrowser.dir\MinSizeRel\ConstraintDemo.obj
         App_ExampleBrowser.dir\MinSizeRel\Dof6Spring2Setup.obj
         App_ExampleBrowser.dir\MinSizeRel\ConstraintPhysicsSetup.obj
         App_ExampleBrowser.dir\MinSizeRel\stb_image.obj
         App_ExampleBrowser.dir\MinSizeRel\tiny_obj_loader.obj
         App_ExampleBrowser.dir\MinSizeRel\tinyxml2.obj
         App_ExampleBrowser.dir\MinSizeRel\InProcessExampleBrowser.obj
            正在创建库 D:/USER/Desktop/Bullet3/examples/ExampleBrowser/MinSizeRel/App_ExampleBrowser.lib 和对象 D:/USER/Desktop/Bullet3/examples/ExampleBrowser/MinSizeRel/App_ExampleBrowser.exp
         App_ExampleBrowser.vcxproj -> D:\USER\Desktop\Bullet3\examples\ExampleBrowser\MinSizeRel\App_ExampleBrowser.exe
       PostBuildEvent:
         setlocal
         "C:\Program Files\CMake\bin\cmake.exe" -E copy_directory D:/USER/Desktop/bullet3-master/data D:/USER/Desktop/Bullet3/data
         if %errorlevel% neq 0 goto :cmEnd
         :cmEnd
         endlocal & call :cmErrorLevel %errorlevel% & goto :cmDone
         :cmErrorLevel
         exit /b %1
         :cmDone
         if %errorlevel% neq 0 goto :VCEnd
         :VCEnd
     1>已完成生成项目“D:\USER\Desktop\Bullet3\examples\ExampleBrowser\App_ExampleBrowser.vcxproj”(Build 个目标)的操作。

生成成功。

已用时间 00:01:41.93
