生成启动时间为 2018/1/23 20:56:20。
     1>项目“d:\USER\documents\visual studio 2013\Projects\UI\UI\UI.vcxproj”在节点 2 上(Build 个目标)。
     1>CustomBuild:
         Moc'ing ui.h...
         Uic'ing ui.ui...
         Rcc'ing ui.qrc...
     1>RCC : warning : No resources in 'd:\USER\documents\visual studio 2013\Projects\UI\UI\ui.qrc'.
         
     1>C:\Program Files (x86)\MSBuild\Microsoft.Cpp\v4.0\V120\Microsoft.CppBuild.targets(935,5): warning MSB8027: Two or more files with the name of moc_ui.cpp will produce outputs to the same location. This can lead to an incorrect build result.  The files involved are GeneratedFiles\Debug\moc_ui.cpp, GeneratedFiles\Release\moc_ui.cpp.
       ClCompile:
         C:\Program Files (x86)\Microsoft Visual Studio 12.0\VC\bin\CL.exe /c /I.\GeneratedFiles /I. /IC:\Qt\Qt5.6.0\5.6\msvc2013\include /I.\GeneratedFiles\Release /IC:\Qt\Qt5.6.0\5.6\msvc2013\include\QtCore /IC:\Qt\Qt5.6.0\5.6\msvc2013\include\QtGui /IC:\Qt\Qt5.6.0\5.6\msvc2013\include\QtOpenGL /IC:\Qt\Qt5.6.0\5.6\msvc2013\include\QtWidgets /nologo /W1 /WX- /O2 /Oy- /D UNICODE /D WIN32 /D WIN64 /D QT_DLL /D QT_NO_DEBUG /D NDEBUG /D QT_CORE_LIB /D QT_GUI_LIB /D QT_OPENGL_LIB /D QT_WIDGETS_LIB /Gm- /EHsc /MD /GS /fp:precise /Zc:wchar_t /Zc:forScope /Fo"Release\\" /Fd"Release\vc120.pdb" /Gd /TP /analyze- /errorReport:prompt GeneratedFiles\qrc_ui.cpp
         qrc_ui.cpp
         C:\Program Files (x86)\Microsoft Visual Studio 12.0\VC\bin\CL.exe /c /I.\GeneratedFiles /I. /IC:\Qt\Qt5.6.0\5.6\msvc2013\include /I.\GeneratedFiles\Release /IC:\Qt\Qt5.6.0\5.6\msvc2013\include\QtCore /IC:\Qt\Qt5.6.0\5.6\msvc2013\include\QtGui /IC:\Qt\Qt5.6.0\5.6\msvc2013\include\QtOpenGL /IC:\Qt\Qt5.6.0\5.6\msvc2013\include\QtWidgets /nologo /W1 /WX- /O2 /Oy- /D UNICODE /D WIN32 /D WIN64 /D QT_DLL /D QT_NO_DEBUG /D NDEBUG /D QT_CORE_LIB /D QT_GUI_LIB /D QT_OPENGL_LIB /D QT_WIDGETS_LIB /Gm- /EHsc /MD /GS /fp:precise /Zc:wchar_t /Zc:forScope /Fo"Release\\" /Fd"Release\vc120.pdb" /Gd /TP /analyze- /errorReport:prompt GeneratedFiles\Release\moc_ui.cpp main.cpp ui.cpp
         moc_ui.cpp
         main.cpp
         ui.cpp
         正在生成代码...
       Link:
         C:\Program Files (x86)\Microsoft Visual Studio 12.0\VC\bin\link.exe /ERRORREPORT:PROMPT /OUT:"d:\USER\documents\visual studio 2013\Projects\UI\Win32\Release\\UI.exe" /NOLOGO /LIBPATH:C:\Qt\Qt5.6.0\5.6\msvc2013\lib qtmain.lib Qt5Core.lib Qt5Gui.lib Qt5OpenGL.lib opengl32.lib glu32.lib Qt5Widgets.lib kernel32.lib user32.lib gdi32.lib winspool.lib comdlg32.lib advapi32.lib shell32.lib ole32.lib oleaut32.lib uuid.lib odbc32.lib odbccp32.lib /MANIFEST /MANIFESTUAC:"level='asInvoker' uiAccess='false'" /manifest:embed /PDB:"d:\USER\documents\visual studio 2013\Projects\UI\Win32\Release\UI.pdb" /SUBSYSTEM:WINDOWS /TLBID:1 /DYNAMICBASE /NXCOMPAT /IMPLIB:"d:\USER\documents\visual studio 2013\Projects\UI\Win32\Release\UI.lib" /MACHINE:X86 /SAFESEH Release\qrc_ui.obj
         Release\moc_ui.obj
         Release\main.obj
         Release\ui.obj
         UI.vcxproj -> d:\USER\documents\visual studio 2013\Projects\UI\Win32\Release\UI.exe
     1>已完成生成项目“d:\USER\documents\visual studio 2013\Projects\UI\UI\UI.vcxproj”(Build 个目标)的操作。

生成成功。

已用时间 00:00:02.81
