生成启动时间为 2018/5/8 18:56:56。
     1>项目“D:\USER\Desktop\Bullet3\examples\ExampleBrowser\BulletExampleBrowserLib.vcxproj”在节点 3 上(Build 个目标)。
     1>CustomBuild:
         Building Custom Rule D:/USER/Desktop/bullet3-master/examples/ExampleBrowser/CMakeLists.txt
         CMake does not need to re-run because D:/USER/Desktop/Bullet3/examples/ExampleBrowser/CMakeFiles/generate.stamp is up-to-date.
       ClCompile:
         C:\Program Files (x86)\Microsoft Visual Studio 12.0\VC\bin\CL.exe /c /I"D:\USER\Desktop\bullet3-master\examples\ExampleBrowser\." /I"D:\USER\Desktop\bullet3-master\src" /I"D:\USER\Desktop\bullet3-master\examples\ThirdPartyLibs" /I"D:\USER\Desktop\bullet3-master\examples\ThirdPartyLibs\glad" /nologo /W3 /WX- /O1 /Ob1 /Oy- /D WIN32 /D NDEBUG /D USE_GRAPHICAL_BENCHMARK /D _CRT_SECURE_NO_WARNINGS /D _CRT_SECURE_NO_DEPRECATE /D _SCL_SECURE_NO_WARNINGS /D GLEW_STATIC /D "CMAKE_INTDIR=\"MinSizeRel\"" /D _MBCS /GF /Gm- /EHsc /MT /GS /Gy /arch:AVX /fp:fast /Zc:wchar_t /Zc:forScope /GR- /Fo"BulletExampleBrowserLib.dir\MinSizeRel\\" /Fd"BulletExampleBrowserLib.dir\MinSizeRel\vc120.pdb" /Gd /TP /wd4244 /wd4267 /analyze- /errorReport:prompt "D:\USER\Desktop\bullet3-master\examples\ExampleBrowser\OpenGLExampleBrowser.cpp" "D:\USER\Desktop\bullet3-master\examples\ExampleBrowser\OpenGLGuiHelper.cpp" "D:\USER\Desktop\bullet3-master\examples\ExampleBrowser\GL_ShapeDrawer.cpp" "D:\USER\Desktop\bullet3-master\examples\ExampleBrowser\CollisionShape2TriangleMesh.cpp" "D:\USER\Desktop\bullet3-master\examples\Utils\b3Clock.cpp" "D:\USER\Desktop\bullet3-master\examples\Utils\ChromeTraceUtil.cpp" "D:\USER\Desktop\bullet3-master\examples\Utils\b3ResourcePath.cpp" "D:\USER\Desktop\bullet3-master\examples\ExampleBrowser\GwenGUISupport\GraphingTexture.cpp" "D:\USER\Desktop\bullet3-master\examples\ExampleBrowser\GwenGUISupport\GwenParameterInterface.cpp" "D:\USER\Desktop\bullet3-master\examples\ExampleBrowser\GwenGUISupport\GwenProfileWindow.cpp" "D:\USER\Desktop\bullet3-master\examples\ExampleBrowser\GwenGUISupport\GwenTextureWindow.cpp" "D:\USER\Desktop\bullet3-master\examples\ExampleBrowser\GwenGUISupport\gwenUserInterface.cpp"
         OpenGLExampleBrowser.cpp
     1>d:\user\desktop\bullet3-master\examples\openglwindow\TwFonts.h : warning C4819: 该文件包含不能在当前代码页(936)中表示的字符。请将该文件保存为 Unicode 格式以防止数据丢失
         OpenGLGuiHelper.cpp
     1>D:\USER\Desktop\bullet3-master\examples\ExampleBrowser\OpenGLGuiHelper.cpp(1038): warning C4800: “int”: 将值强制为布尔值“true”或“false”(性能警告)
     1>D:\USER\Desktop\bullet3-master\examples\ExampleBrowser\OpenGLGuiHelper.cpp(1330): warning C4101: “j”: 未引用的局部变量
         GL_ShapeDrawer.cpp
         CollisionShape2TriangleMesh.cpp
         b3Clock.cpp
         ChromeTraceUtil.cpp
         b3ResourcePath.cpp
         GraphingTexture.cpp
         GwenParameterInterface.cpp
     1>d:\user\desktop\bullet3-master\examples\openglwindow\TwFonts.h : warning C4819: 该文件包含不能在当前代码页(936)中表示的字符。请将该文件保存为 Unicode 格式以防止数据丢失
         GwenProfileWindow.cpp
     1>d:\user\desktop\bullet3-master\examples\openglwindow\TwFonts.h : warning C4819: 该文件包含不能在当前代码页(936)中表示的字符。请将该文件保存为 Unicode 格式以防止数据丢失
         GwenTextureWindow.cpp
     1>d:\user\desktop\bullet3-master\examples\openglwindow\TwFonts.h : warning C4819: 该文件包含不能在当前代码页(936)中表示的字符。请将该文件保存为 Unicode 格式以防止数据丢失
         gwenUserInterface.cpp
     1>d:\user\desktop\bullet3-master\examples\openglwindow\TwFonts.h : warning C4819: 该文件包含不能在当前代码页(936)中表示的字符。请将该文件保存为 Unicode 格式以防止数据丢失
     1>D:\USER\Desktop\bullet3-master\examples\ExampleBrowser\GwenGUISupport\gwenUserInterface.cpp(652): warning C4800: “int”: 将值强制为布尔值“true”或“false”(性能警告)
         正在生成代码...
       Lib:
         C:\Program Files (x86)\Microsoft Visual Studio 12.0\VC\bin\Lib.exe /OUT:"D:\USER\Desktop\Bullet3\lib\MinSizeRel\BulletExampleBrowserLib_MinsizeRel.lib" /NOLOGO   /machine:X86 BulletExampleBrowserLib.dir\MinSizeRel\OpenGLExampleBrowser.obj
         BulletExampleBrowserLib.dir\MinSizeRel\OpenGLGuiHelper.obj
         BulletExampleBrowserLib.dir\MinSizeRel\GL_ShapeDrawer.obj
         BulletExampleBrowserLib.dir\MinSizeRel\CollisionShape2TriangleMesh.obj
         BulletExampleBrowserLib.dir\MinSizeRel\b3Clock.obj
         BulletExampleBrowserLib.dir\MinSizeRel\ChromeTraceUtil.obj
         BulletExampleBrowserLib.dir\MinSizeRel\b3ResourcePath.obj
         BulletExampleBrowserLib.dir\MinSizeRel\GraphingTexture.obj
         BulletExampleBrowserLib.dir\MinSizeRel\GwenParameterInterface.obj
         BulletExampleBrowserLib.dir\MinSizeRel\GwenProfileWindow.obj
         BulletExampleBrowserLib.dir\MinSizeRel\GwenTextureWindow.obj
         BulletExampleBrowserLib.dir\MinSizeRel\gwenUserInterface.obj
         BulletExampleBrowserLib.vcxproj -> D:\USER\Desktop\Bullet3\lib\MinSizeRel\BulletExampleBrowserLib_MinsizeRel.lib
     1>已完成生成项目“D:\USER\Desktop\Bullet3\examples\ExampleBrowser\BulletExampleBrowserLib.vcxproj”(Build 个目标)的操作。

生成成功。

已用时间 00:00:16.03
