已經開始建置於 2017/5/18 18:00:37。
     1>節點 2 (Build 目標) 上的專案 "d:\USER\documents\visual studio 2013\Projects\HW2_A051724\HW2_A051724\HW2_A051724.vcxproj"。
     1>ClCompile:
         C:\Program Files (x86)\Microsoft Visual Studio 12.0\VC\bin\CL.exe /c /I"d:\USER\documents\visual studio 2013\Projects\HW2_A051724\packages\OpenCV.2.4.11\build\native\../../build/native/include/" /ZI /nologo /W3 /WX- /Od /Oy- /D HAS_OPENCV /D WIN32 /D _DEBUG /D _CONSOLE /D _LIB /D _UNICODE /D UNICODE /Gm /EHsc /RTC1 /MDd /GS /fp:precise /Zc:wchar_t /Zc:forScope /Fo"Debug\\" /Fd"Debug\vc120.pdb" /Gd /TP /analyze- /errorReport:prompt main.cpp
         main.cpp
     1>d:\user\documents\visual studio 2013\projects\hw2_a051724\hw2_a051724\main.cpp(103): warning C4244: '引數' : 將 'double' 轉換為 'int'，由於類型不同，可能導致資料遺失
     1>d:\user\documents\visual studio 2013\projects\hw2_a051724\hw2_a051724\main.cpp(104): warning C4244: '引數' : 將 'double' 轉換為 'int'，由於類型不同，可能導致資料遺失
     1>d:\user\documents\visual studio 2013\projects\hw2_a051724\hw2_a051724\main.cpp(128): warning C4244: '引數' : 將 'double' 轉換為 'int'，由於類型不同，可能導致資料遺失
     1>d:\user\documents\visual studio 2013\projects\hw2_a051724\hw2_a051724\main.cpp(129): warning C4244: '引數' : 將 'double' 轉換為 'int'，由於類型不同，可能導致資料遺失
     1>d:\user\documents\visual studio 2013\projects\hw2_a051724\hw2_a051724\main.cpp(151): warning C4244: 'return' : 將 'double' 轉換為 'float'，由於類型不同，可能導致資料遺失
     1>d:\user\documents\visual studio 2013\projects\hw2_a051724\hw2_a051724\main.cpp(433): warning C4244: '=' : 將 'int' 轉換為 'float'，由於類型不同，可能導致資料遺失
     1>d:\user\documents\visual studio 2013\projects\hw2_a051724\hw2_a051724\main.cpp(448): warning C4244: '=' : 將 'int' 轉換為 'float'，由於類型不同，可能導致資料遺失
     1>d:\user\documents\visual studio 2013\projects\hw2_a051724\hw2_a051724\main.cpp(510): warning C4244: '引數' : 將 'float' 轉換為 'unsigned int'，由於類型不同，可能導致資料遺失
     1>d:\user\documents\visual studio 2013\projects\hw2_a051724\hw2_a051724\main.cpp(511): warning C4244: '引數' : 將 'float' 轉換為 'unsigned int'，由於類型不同，可能導致資料遺失
     1>d:\user\documents\visual studio 2013\projects\hw2_a051724\hw2_a051724\main.cpp(535): warning C4244: '引數' : 將 'float' 轉換為 'unsigned int'，由於類型不同，可能導致資料遺失
     1>d:\user\documents\visual studio 2013\projects\hw2_a051724\hw2_a051724\main.cpp(537): warning C4244: '引數' : 將 'float' 轉換為 'unsigned int'，由於類型不同，可能導致資料遺失
     1>d:\user\documents\visual studio 2013\projects\hw2_a051724\hw2_a051724\main.cpp(571): warning C4244: '=' : 將 'int' 轉換為 'float'，由於類型不同，可能導致資料遺失
     1>d:\user\documents\visual studio 2013\projects\hw2_a051724\hw2_a051724\main.cpp(572): warning C4244: '=' : 將 'int' 轉換為 'float'，由於類型不同，可能導致資料遺失
     1>d:\user\documents\visual studio 2013\projects\hw2_a051724\hw2_a051724\main.cpp(580): warning C4244: '=' : 將 'float' 轉換為 'uchar'，由於類型不同，可能導致資料遺失
     1>d:\user\documents\visual studio 2013\projects\hw2_a051724\hw2_a051724\main.cpp(581): warning C4244: '=' : 將 'float' 轉換為 'uchar'，由於類型不同，可能導致資料遺失
     1>d:\user\documents\visual studio 2013\projects\hw2_a051724\hw2_a051724\main.cpp(582): warning C4244: '=' : 將 'float' 轉換為 'uchar'，由於類型不同，可能導致資料遺失
     1>d:\user\documents\visual studio 2013\projects\hw2_a051724\hw2_a051724\main.cpp(605): warning C4244: '=' : 將 'int' 轉換為 'float'，由於類型不同，可能導致資料遺失
     1>d:\user\documents\visual studio 2013\projects\hw2_a051724\hw2_a051724\main.cpp(606): warning C4244: '=' : 將 'int' 轉換為 'float'，由於類型不同，可能導致資料遺失
       Link:
         C:\Program Files (x86)\Microsoft Visual Studio 12.0\VC\bin\link.exe /ERRORREPORT:PROMPT /OUT:"d:\user\documents\visual studio 2013\Projects\HW2_A051724\Debug\HW2_A051724.exe" /INCREMENTAL /NOLOGO "d:\USER\documents\visual studio 2013\Projects\HW2_A051724\packages\OpenCV.2.4.11\build\native\../../build/native/lib/Win32/v120/Debug/opencv_videostab2411d.lib" "d:\USER\documents\visual studio 2013\Projects\HW2_A051724\packages\OpenCV.2.4.11\build\native\../../build/native/lib/Win32/v120/Debug/opencv_video2411d.lib" "d:\USER\documents\visual studio 2013\Projects\HW2_A051724\packages\OpenCV.2.4.11\build\native\../../build/native/lib/Win32/v120/Debug/opencv_ts2411d.lib" "d:\USER\documents\visual studio 2013\Projects\HW2_A051724\packages\OpenCV.2.4.11\build\native\../../build/native/lib/Win32/v120/Debug/opencv_superres2411d.lib" "d:\USER\documents\visual studio 2013\Projects\HW2_A051724\packages\OpenCV.2.4.11\build\native\../../build/native/lib/Win32/v120/Debug/opencv_stitching2411d.lib" "d:\USER\documents\visual studio 2013\Projects\HW2_A051724\packages\OpenCV.2.4.11\build\native\../../build/native/lib/Win32/v120/Debug/opencv_photo2411d.lib" "d:\USER\documents\visual studio 2013\Projects\HW2_A051724\packages\OpenCV.2.4.11\build\native\../../build/native/lib/Win32/v120/Debug/opencv_ocl2411d.lib" "d:\USER\documents\visual studio 2013\Projects\HW2_A051724\packages\OpenCV.2.4.11\build\native\../../build/native/lib/Win32/v120/Debug/opencv_objdetect2411d.lib" "d:\USER\documents\visual studio 2013\Projects\HW2_A051724\packages\OpenCV.2.4.11\build\native\../../build/native/lib/Win32/v120/Debug/opencv_nonfree2411d.lib" "d:\USER\documents\visual studio 2013\Projects\HW2_A051724\packages\OpenCV.2.4.11\build\native\../../build/native/lib/Win32/v120/Debug/opencv_ml2411d.lib" "d:\USER\documents\visual studio 2013\Projects\HW2_A051724\packages\OpenCV.2.4.11\build\native\../../build/native/lib/Win32/v120/Debug/opencv_legacy2411d.lib" "d:\USER\documents\visual studio 2013\Projects\HW2_A051724\packages\OpenCV.2.4.11\build\native\../../build/native/lib/Win32/v120/Debug/opencv_imgproc2411d.lib" "d:\USER\documents\visual studio 2013\Projects\HW2_A051724\packages\OpenCV.2.4.11\build\native\../../build/native/lib/Win32/v120/Debug/opencv_highgui2411d.lib" "d:\USER\documents\visual studio 2013\Projects\HW2_A051724\packages\OpenCV.2.4.11\build\native\../../build/native/lib/Win32/v120/Debug/opencv_gpu2411d.lib" "d:\USER\documents\visual studio 2013\Projects\HW2_A051724\packages\OpenCV.2.4.11\build\native\../../build/native/lib/Win32/v120/Debug/opencv_flann2411d.lib" "d:\USER\documents\visual studio 2013\Projects\HW2_A051724\packages\OpenCV.2.4.11\build\native\../../build/native/lib/Win32/v120/Debug/opencv_features2d2411d.lib" "d:\USER\documents\visual studio 2013\Projects\HW2_A051724\packages\OpenCV.2.4.11\build\native\../../build/native/lib/Win32/v120/Debug/opencv_core2411d.lib" "d:\USER\documents\visual studio 2013\Projects\HW2_A051724\packages\OpenCV.2.4.11\build\native\../../build/native/lib/Win32/v120/Debug/opencv_contrib2411d.lib" "d:\USER\documents\visual studio 2013\Projects\HW2_A051724\packages\OpenCV.2.4.11\build\native\../../build/native/lib/Win32/v120/Debug/opencv_calib3d2411d.lib" kernel32.lib user32.lib gdi32.lib winspool.lib comdlg32.lib advapi32.lib shell32.lib ole32.lib oleaut32.lib uuid.lib odbc32.lib odbccp32.lib /MANIFEST /MANIFESTUAC:"level='asInvoker' uiAccess='false'" /manifest:embed /DEBUG /PDB:"d:\user\documents\visual studio 2013\Projects\HW2_A051724\Debug\HW2_A051724.pdb" /SUBSYSTEM:CONSOLE /TLBID:1 /DYNAMICBASE /NXCOMPAT /IMPLIB:"d:\user\documents\visual studio 2013\Projects\HW2_A051724\Debug\HW2_A051724.lib" /MACHINE:X86 Debug\main.obj
         HW2_A051724.vcxproj -> d:\user\documents\visual studio 2013\Projects\HW2_A051724\Debug\HW2_A051724.exe
     1>專案 "d:\USER\documents\visual studio 2013\Projects\HW2_A051724\HW2_A051724\HW2_A051724.vcxproj" (Build 目標) 建置完成。

建置成功。

經過時間 00:00:01.23
