生成启动时间为 2018/5/8 19:05:29。
     1>项目“D:\USER\Desktop\Bullet3\Extras\ConvexDecomposition\ConvexDecomposition.vcxproj”在节点 3 上(Build 个目标)。
     1>CustomBuild:
         Building Custom Rule D:/USER/Desktop/bullet3-master/Extras/ConvexDecomposition/CMakeLists.txt
         CMake does not need to re-run because D:/USER/Desktop/Bullet3/Extras/ConvexDecomposition/CMakeFiles/generate.stamp is up-to-date.
       ClCompile:
         C:\Program Files (x86)\Microsoft Visual Studio 12.0\VC\bin\CL.exe /c /I"D:\USER\Desktop\bullet3-master\Extras\ConvexDecomposition" /I"D:\USER\Desktop\bullet3-master\src" /Zi /nologo /W3 /WX- /O2 /Ob1 /Oy- /D WIN32 /D NDEBUG /D USE_GRAPHICAL_BENCHMARK /D _CRT_SECURE_NO_WARNINGS /D _CRT_SECURE_NO_DEPRECATE /D _SCL_SECURE_NO_WARNINGS /D "CMAKE_INTDIR=\"RelWithDebInfo\"" /D _MBCS /GF /Gm- /EHsc /MT /GS /Gy /arch:AVX /fp:fast /Zc:wchar_t /Zc:forScope /GR- /Fo"ConvexDecomposition.dir\RelWithDebInfo\\" /Fd"ConvexDecomposition.dir\RelWithDebInfo\vc120.pdb" /Gd /TP /wd4244 /wd4267 /analyze- /errorReport:prompt "D:\USER\Desktop\bullet3-master\Extras\ConvexDecomposition\bestfitobb.cpp" "D:\USER\Desktop\bullet3-master\Extras\ConvexDecomposition\ConvexBuilder.cpp" "D:\USER\Desktop\bullet3-master\Extras\ConvexDecomposition\cd_wavefront.cpp" "D:\USER\Desktop\bullet3-master\Extras\ConvexDecomposition\fitsphere.cpp" "D:\USER\Desktop\bullet3-master\Extras\ConvexDecomposition\meshvolume.cpp" "D:\USER\Desktop\bullet3-master\Extras\ConvexDecomposition\raytri.cpp" "D:\USER\Desktop\bullet3-master\Extras\ConvexDecomposition\vlookup.cpp" "D:\USER\Desktop\bullet3-master\Extras\ConvexDecomposition\bestfit.cpp" "D:\USER\Desktop\bullet3-master\Extras\ConvexDecomposition\cd_hull.cpp" "D:\USER\Desktop\bullet3-master\Extras\ConvexDecomposition\ConvexDecomposition.cpp" "D:\USER\Desktop\bullet3-master\Extras\ConvexDecomposition\concavity.cpp" "D:\USER\Desktop\bullet3-master\Extras\ConvexDecomposition\float_math.cpp" "D:\USER\Desktop\bullet3-master\Extras\ConvexDecomposition\planetri.cpp" "D:\USER\Desktop\bullet3-master\Extras\ConvexDecomposition\splitplane.cpp"
         bestfitobb.cpp
         ConvexBuilder.cpp
         cd_wavefront.cpp
         fitsphere.cpp
         meshvolume.cpp
         raytri.cpp
         vlookup.cpp
         bestfit.cpp
         cd_hull.cpp
         ConvexDecomposition.cpp
         concavity.cpp
         float_math.cpp
         planetri.cpp
         splitplane.cpp
         正在生成代码...
       Lib:
         C:\Program Files (x86)\Microsoft Visual Studio 12.0\VC\bin\Lib.exe /OUT:"D:\USER\Desktop\Bullet3\lib\RelWithDebInfo\ConvexDecomposition_RelWithDebugInfo.lib" /NOLOGO   /machine:X86 ConvexDecomposition.dir\RelWithDebInfo\bestfitobb.obj
         ConvexDecomposition.dir\RelWithDebInfo\ConvexBuilder.obj
         ConvexDecomposition.dir\RelWithDebInfo\cd_wavefront.obj
         ConvexDecomposition.dir\RelWithDebInfo\fitsphere.obj
         ConvexDecomposition.dir\RelWithDebInfo\meshvolume.obj
         ConvexDecomposition.dir\RelWithDebInfo\raytri.obj
         ConvexDecomposition.dir\RelWithDebInfo\vlookup.obj
         ConvexDecomposition.dir\RelWithDebInfo\bestfit.obj
         ConvexDecomposition.dir\RelWithDebInfo\cd_hull.obj
         ConvexDecomposition.dir\RelWithDebInfo\ConvexDecomposition.obj
         ConvexDecomposition.dir\RelWithDebInfo\concavity.obj
         ConvexDecomposition.dir\RelWithDebInfo\float_math.obj
         ConvexDecomposition.dir\RelWithDebInfo\planetri.obj
         ConvexDecomposition.dir\RelWithDebInfo\splitplane.obj
         ConvexDecomposition.vcxproj -> D:\USER\Desktop\Bullet3\lib\RelWithDebInfo\ConvexDecomposition_RelWithDebugInfo.lib
     1>已完成生成项目“D:\USER\Desktop\Bullet3\Extras\ConvexDecomposition\ConvexDecomposition.vcxproj”(Build 个目标)的操作。

生成成功。

已用时间 00:00:02.52
