生成启动时间为 2018/2/24 21:46:39。
     1>项目“d:\USER\documents\visual studio 2013\Projects\OpenGLQt\OpenGLQt\OpenGLQt.vcxproj”在节点 2 上(Build 个目标)。
     1>CustomBuild:
         Moc'ing glwidget.h...
     1>C:\Program Files (x86)\MSBuild\Microsoft.Cpp\v4.0\V120\Microsoft.CppBuild.targets(935,5): warning MSB8027: Two or more files with the name of moc_glwidget.cpp will produce outputs to the same location. This can lead to an incorrect build result.  The files involved are GeneratedFiles\Debug\moc_glwidget.cpp, GeneratedFiles\Release\moc_glwidget.cpp.
     1>C:\Program Files (x86)\MSBuild\Microsoft.Cpp\v4.0\V120\Microsoft.CppBuild.targets(935,5): warning MSB8027: Two or more files with the name of moc_openglqt.cpp will produce outputs to the same location. This can lead to an incorrect build result.  The files involved are GeneratedFiles\Debug\moc_openglqt.cpp, GeneratedFiles\Release\moc_openglqt.cpp.
       ClCompile:
         C:\Program Files (x86)\Microsoft Visual Studio 12.0\VC\bin\CL.exe /c /I.\GeneratedFiles /I. /IC:\Qt\Qt5.6.0\5.6\msvc2013\include /I.\GeneratedFiles\Debug /IC:\Qt\Qt5.6.0\5.6\msvc2013\include\QtCore /IC:\Qt\Qt5.6.0\5.6\msvc2013\include\QtGui /IC:\Qt\Qt5.6.0\5.6\msvc2013\include\QtOpenGL /IC:\Qt\Qt5.6.0\5.6\msvc2013\include\QtWidgets /Zi /nologo /W1 /WX- /Od /Oy- /D UNICODE /D WIN32 /D WIN64 /D QT_DLL /D QT_CORE_LIB /D QT_GUI_LIB /D QT_OPENGL_LIB /D QT_WIDGETS_LIB /Gm- /EHsc /MDd /GS /fp:precise /Zc:wchar_t /Zc:forScope /Fo"Debug\\" /Fd"Debug\vc120.pdb" /Gd /TP /analyze- /errorReport:prompt GeneratedFiles\Debug\moc_glwidget.cpp GeneratedFiles\Debug\moc_openglqt.cpp glwidget.cpp main.cpp openglqt.cpp
         moc_glwidget.cpp
         moc_openglqt.cpp
     1>d:\USER\documents\visual studio 2013\Projects\OpenGLQt\OpenGLQt\GeneratedFiles\ui_openglqt.h(73): error C2061: 语法错误: 标识符“GLWidget”
         glwidget.cpp
     1>glwidget.cpp(36): warning C4553: “==”: 运算符不起任何作用；是否是有意使用“=”的?
     1>glwidget.cpp(49): error C2227: “->key”的左边必须指向类/结构/联合/泛型类型
     1>glwidget.cpp(68): fatal error C1075: 与左侧的 大括号“{”(位于“glwidget.cpp(48)”)匹配之前遇到文件结束
         main.cpp
     1>d:\USER\documents\visual studio 2013\Projects\OpenGLQt\OpenGLQt\GeneratedFiles\ui_openglqt.h(73): error C2061: 语法错误: 标识符“GLWidget”
         openglqt.cpp
     1>d:\USER\documents\visual studio 2013\Projects\OpenGLQt\OpenGLQt\GeneratedFiles\ui_openglqt.h(73): error C2061: 语法错误: 标识符“GLWidget”
         正在生成代码...
     1>已完成生成项目“d:\USER\documents\visual studio 2013\Projects\OpenGLQt\OpenGLQt\OpenGLQt.vcxproj”(Build 个目标)的操作 - 失败。

生成失败。

已用时间 00:00:04.70
