生成启动时间为 2018/5/8 18:58:10。
     1>项目“D:\USER\Desktop\Bullet3\examples\BasicDemo\App_BasicExample.vcxproj”在节点 3 上(Build 个目标)。
     1>CustomBuild:
         Building Custom Rule D:/USER/Desktop/bullet3-master/examples/BasicDemo/CMakeLists.txt
         CMake does not need to re-run because D:/USER/Desktop/Bullet3/examples/BasicDemo/CMakeFiles/generate.stamp is up-to-date.
       ClCompile:
         C:\Program Files (x86)\Microsoft Visual Studio 12.0\VC\bin\CL.exe /c /I"D:\USER\Desktop\bullet3-master\src" /I"D:\USER\Desktop\bullet3-master\btgui" /I"D:\USER\Desktop\bullet3-master\examples" /I"D:\USER\Desktop\bullet3-master\examples\ThirdPartyLibs\glad" /I"D:\USER\Desktop\bullet3-master\btgui\OpenGLWindow\GlewWindows" /nologo /W3 /WX- /O1 /Ob1 /Oy- /D WIN32 /D NDEBUG /D USE_GRAPHICAL_BENCHMARK /D _CRT_SECURE_NO_WARNINGS /D _CRT_SECURE_NO_DEPRECATE /D _SCL_SECURE_NO_WARNINGS /D B3_USE_STANDALONE_EXAMPLE /D GLEW_STATIC /D "CMAKE_INTDIR=\"MinSizeRel\"" /D _MBCS /GF /Gm- /EHsc /MT /GS /Gy /arch:AVX /fp:fast /Zc:wchar_t /Zc:forScope /GR- /Fo"App_BasicExample.dir\MinSizeRel\\" /Fd"App_BasicExample.dir\MinSizeRel\vc120.pdb" /Gd /TP /wd4244 /wd4267 /analyze- /errorReport:prompt "D:\USER\Desktop\bullet3-master\examples\BasicDemo\BasicExample.cpp" "D:\USER\Desktop\bullet3-master\examples\BasicDemo\main.cpp"
         BasicExample.cpp
     1>D:\USER\Desktop\bullet3-master\examples\BasicDemo\BasicExample.cpp(143): warning C4316: “BasicExample”: 在堆上分配的对象可能不是对齐 16
         main.cpp
         正在生成代码...
       ResourceCompile:
         C:\Program Files (x86)\Windows Kits\8.1\bin\x86\rc.exe /D WIN32 /D NDEBUG /D USE_GRAPHICAL_BENCHMARK /D _CRT_SECURE_NO_WARNINGS /D _CRT_SECURE_NO_DEPRECATE /D _SCL_SECURE_NO_WARNINGS /D B3_USE_STANDALONE_EXAMPLE /D GLEW_STATIC /D "CMAKE_INTDIR=\\\"MinSizeRel\\\"" /l"0x0409" /I"D:\USER\Desktop\bullet3-master\src" /I"D:\USER\Desktop\bullet3-master\btgui" /I"D:\USER\Desktop\bullet3-master\examples" /I"D:\USER\Desktop\bullet3-master\examples\ThirdPartyLibs\glad" /I"D:\USER\Desktop\bullet3-master\btgui\OpenGLWindow\GlewWindows" /nologo /fo"App_BasicExample.dir\MinSizeRel\bullet.res" D:\USER\Desktop\bullet3-master\build3\bullet.rc 
       Link:
         C:\Program Files (x86)\Microsoft Visual Studio 12.0\VC\bin\link.exe /ERRORREPORT:PROMPT /OUT:"D:\USER\Desktop\Bullet3\examples\BasicDemo\MinSizeRel\App_BasicExample.exe" /INCREMENTAL:NO /NOLOGO kernel32.lib user32.lib gdi32.lib winspool.lib shell32.lib ole32.lib oleaut32.lib uuid.lib comdlg32.lib advapi32.lib ..\..\lib\MinSizeRel\BulletDynamics_MinsizeRel.lib ..\..\lib\MinSizeRel\BulletCollision_MinsizeRel.lib ..\..\lib\MinSizeRel\LinearMath_MinsizeRel.lib /MANIFEST /MANIFESTUAC:"level='asInvoker' uiAccess='false'" /manifest:embed /PDB:"D:/USER/Desktop/Bullet3/examples/BasicDemo/MinSizeRel/App_BasicExample.pdb" /SUBSYSTEM:CONSOLE /OPT:REF /OPT:ICF /TLBID:1 /DYNAMICBASE /NXCOMPAT /IMPLIB:"D:/USER/Desktop/Bullet3/examples/BasicDemo/MinSizeRel/App_BasicExample.lib" /MACHINE:X86 /SAFESEH   /machine:X86 App_BasicExample.dir\MinSizeRel\bullet.res
         App_BasicExample.dir\MinSizeRel\BasicExample.obj
         App_BasicExample.dir\MinSizeRel\main.obj
         App_BasicExample.vcxproj -> D:\USER\Desktop\Bullet3\examples\BasicDemo\MinSizeRel\App_BasicExample.exe
     1>已完成生成项目“D:\USER\Desktop\Bullet3\examples\BasicDemo\App_BasicExample.vcxproj”(Build 个目标)的操作。

生成成功。

已用时间 00:00:04.04
