生成启动时间为 2017/12/25 14:06:04。
     1>项目“D:\USER\Documents\Visual Studio 2013\Projects\5-Aixs Dispenser\5-Aixs Dispenser\5-Aixs Dispenser.vcxproj”在节点 2 上(Build 个目标)。
     1>ClCompile:
         C:\Program Files (x86)\Microsoft Visual Studio 12.0\VC\bin\x86_amd64\CL.exe /c /IC:\portaudio\include /IC:\OpenCV300\opencv\build\include /IC:\OpenCV300\opencv\build\include\opencv /IC:\OpenCV300\opencv\build\include\opencv2 /I"C:\Program Files\Microsoft SDKs\Kinect\v2.0_1409\\inc" /AI"C:\Program Files (x86)\Reference Assemblies\Microsoft\Framework\.NETFramework\v4.0" /AI"C:\Program Files (x86)\Windows Kits\8.1\References\CommonConfiguration\Neutral" /Zi /clr /nologo /W3 /WX- /Od /D WIN32 /D _DEBUG /D _CONSOLE /D _LIB /D _MBCS /EHa /MDd /GS /fp:precise /Zc:wchar_t /Zc:forScope /Fo"x64\Debug\\" /Fd"x64\Debug\vc120.pdb" /TP /FU"C:\Program Files (x86)\Reference Assemblies\Microsoft\Framework\.NETFramework\v4.0\mscorlib.dll" /errorReport:prompt /clr:nostdlib glm.cpp test1.cpp
         glm.cpp
     1>C:\OpenCV300\opencv\build\include\opencv2/core/mat.hpp(1965): warning C4819: 该文件包含不能在当前代码页(936)中表示的字符。请将该文件保存为 Unicode 格式以防止数据丢失
     1>C:\OpenCV300\opencv\build\include\opencv2/core/persistence.hpp : warning C4819: 该文件包含不能在当前代码页(936)中表示的字符。请将该文件保存为 Unicode 格式以防止数据丢失
     1>C:\OpenCV300\opencv\build\include\opencv2/core/utility.hpp : warning C4819: 该文件包含不能在当前代码页(936)中表示的字符。请将该文件保存为 Unicode 格式以防止数据丢失
     1>glm.cpp(1263): warning C4018: “<”: 有符号/无符号不匹配
     1>glm.cpp(1393): warning C4313: “fprintf”: 格式字符串中的“%d”与“GLfloat *”类型的参数 1 冲突
         test1.cpp
     1>C:\OpenCV300\opencv\build\include\opencv2/core/mat.hpp(1965): warning C4819: 该文件包含不能在当前代码页(936)中表示的字符。请将该文件保存为 Unicode 格式以防止数据丢失
     1>C:\OpenCV300\opencv\build\include\opencv2/core/persistence.hpp : warning C4819: 该文件包含不能在当前代码页(936)中表示的字符。请将该文件保存为 Unicode 格式以防止数据丢失
     1>C:\OpenCV300\opencv\build\include\opencv2/core/utility.hpp : warning C4819: 该文件包含不能在当前代码页(936)中表示的字符。请将该文件保存为 Unicode 格式以防止数据丢失
     1>d:\user\documents\visual studio 2013\projects\5-aixs dispenser\5-aixs dispenser\dllmain.h(160): warning C4267: “=”: 从“size_t”转换到“int”，可能丢失数据
     1>d:\user\documents\visual studio 2013\projects\5-aixs dispenser\5-aixs dispenser\dllmain.h(182): warning C4267: “=”: 从“size_t”转换到“int”，可能丢失数据
     1>d:\user\documents\visual studio 2013\projects\5-aixs dispenser\5-aixs dispenser\dllmain.h(208): warning C4996: 'sprintf': This function or variable may be unsafe. Consider using sprintf_s instead. To disable deprecation, use _CRT_SECURE_NO_WARNINGS. See online help for details.
                 C:\Program Files (x86)\Microsoft Visual Studio 12.0\VC\include\stdio.h(356) : 参见“sprintf”的声明
     1>d:\user\documents\visual studio 2013\projects\5-aixs dispenser\5-aixs dispenser\dllmain.h(210): warning C4996: 'sprintf': This function or variable may be unsafe. Consider using sprintf_s instead. To disable deprecation, use _CRT_SECURE_NO_WARNINGS. See online help for details.
                 C:\Program Files (x86)\Microsoft Visual Studio 12.0\VC\include\stdio.h(356) : 参见“sprintf”的声明
     1>d:\user\documents\visual studio 2013\projects\5-aixs dispenser\5-aixs dispenser\dllmain.h(313): warning C4996: 'strcpy': This function or variable may be unsafe. Consider using strcpy_s instead. To disable deprecation, use _CRT_SECURE_NO_WARNINGS. See online help for details.
                 C:\Program Files (x86)\Microsoft Visual Studio 12.0\VC\include\string.h(112) : 参见“strcpy”的声明
     1>d:\user\documents\visual studio 2013\projects\5-aixs dispenser\5-aixs dispenser\dllmain.h(325): warning C4996: 'strcpy': This function or variable may be unsafe. Consider using strcpy_s instead. To disable deprecation, use _CRT_SECURE_NO_WARNINGS. See online help for details.
                 C:\Program Files (x86)\Microsoft Visual Studio 12.0\VC\include\string.h(112) : 参见“strcpy”的声明
     1>d:\user\documents\visual studio 2013\projects\5-aixs dispenser\5-aixs dispenser\dllmain.h(412): warning C4996: 'strcpy': This function or variable may be unsafe. Consider using strcpy_s instead. To disable deprecation, use _CRT_SECURE_NO_WARNINGS. See online help for details.
                 C:\Program Files (x86)\Microsoft Visual Studio 12.0\VC\include\string.h(112) : 参见“strcpy”的声明
     1>d:\user\documents\visual studio 2013\projects\5-aixs dispenser\5-aixs dispenser\dllmain.h(486): warning C4996: 'strcat': This function or variable may be unsafe. Consider using strcat_s instead. To disable deprecation, use _CRT_SECURE_NO_WARNINGS. See online help for details.
                 C:\Program Files (x86)\Microsoft Visual Studio 12.0\VC\include\string.h(118) : 参见“strcat”的声明
     1>d:\user\documents\visual studio 2013\projects\5-aixs dispenser\5-aixs dispenser\dllmain.h(487): warning C4996: 'strcat': This function or variable may be unsafe. Consider using strcat_s instead. To disable deprecation, use _CRT_SECURE_NO_WARNINGS. See online help for details.
                 C:\Program Files (x86)\Microsoft Visual Studio 12.0\VC\include\string.h(118) : 参见“strcat”的声明
     1>d:\user\documents\visual studio 2013\projects\5-aixs dispenser\5-aixs dispenser\dllmain.h(593): warning C4996: 'swprintf': swprintf has been changed to conform with the ISO C standard, adding an extra character count parameter. To use traditional Microsoft swprintf, set _CRT_NON_CONFORMING_SWPRINTFS.
                 C:\Program Files (x86)\Microsoft Visual Studio 12.0\VC\include\swprintf.inl(85) : 参见“swprintf”的声明
     1>d:\user\documents\visual studio 2013\projects\5-aixs dispenser\5-aixs dispenser\dllmain.h(612): warning C4996: 'sprintf': This function or variable may be unsafe. Consider using sprintf_s instead. To disable deprecation, use _CRT_SECURE_NO_WARNINGS. See online help for details.
                 C:\Program Files (x86)\Microsoft Visual Studio 12.0\VC\include\stdio.h(356) : 参见“sprintf”的声明
     1>d:\user\documents\visual studio 2013\projects\5-aixs dispenser\5-aixs dispenser\dllmain.h(751): warning C4267: “参数”: 从“size_t”转换到“DWORD”，可能丢失数据
     1>d:\user\documents\visual studio 2013\projects\5-aixs dispenser\5-aixs dispenser\dllmain.h(797): warning C4996: 'strcpy': This function or variable may be unsafe. Consider using strcpy_s instead. To disable deprecation, use _CRT_SECURE_NO_WARNINGS. See online help for details.
                 C:\Program Files (x86)\Microsoft Visual Studio 12.0\VC\include\string.h(112) : 参见“strcpy”的声明
     1>d:\user\documents\visual studio 2013\projects\5-aixs dispenser\5-aixs dispenser\dllmain.h(829): warning C4996: 'strcpy': This function or variable may be unsafe. Consider using strcpy_s instead. To disable deprecation, use _CRT_SECURE_NO_WARNINGS. See online help for details.
                 C:\Program Files (x86)\Microsoft Visual Studio 12.0\VC\include\string.h(112) : 参见“strcpy”的声明
     1>d:\user\documents\visual studio 2013\projects\5-aixs dispenser\5-aixs dispenser\dllmain.h(831): warning C4996: 'strcpy': This function or variable may be unsafe. Consider using strcpy_s instead. To disable deprecation, use _CRT_SECURE_NO_WARNINGS. See online help for details.
                 C:\Program Files (x86)\Microsoft Visual Studio 12.0\VC\include\string.h(112) : 参见“strcpy”的声明
     1>d:\user\documents\visual studio 2013\projects\5-aixs dispenser\5-aixs dispenser\Declae.h(300): warning C4996: 'sprintf': This function or variable may be unsafe. Consider using sprintf_s instead. To disable deprecation, use _CRT_SECURE_NO_WARNINGS. See online help for details.
                 C:\Program Files (x86)\Microsoft Visual Studio 12.0\VC\include\stdio.h(356) : 参见“sprintf”的声明
     1>d:\user\documents\visual studio 2013\projects\5-aixs dispenser\5-aixs dispenser\Declae.h(843): warning C4018: “<”: 有符号/无符号不匹配
     1>d:\user\documents\visual studio 2013\projects\5-aixs dispenser\5-aixs dispenser\Declae.h(1206): warning C4267: “初始化”: 从“size_t”转换到“int”，可能丢失数据
     1>d:\user\documents\visual studio 2013\projects\5-aixs dispenser\5-aixs dispenser\Declae.h(1280): warning C4018: “<”: 有符号/无符号不匹配
     1>d:\user\documents\visual studio 2013\projects\5-aixs dispenser\5-aixs dispenser\Declae.h(1304): warning C4018: “<”: 有符号/无符号不匹配
     1>d:\user\documents\visual studio 2013\projects\5-aixs dispenser\5-aixs dispenser\Declae.h(1522): warning C4996: 'sprintf': This function or variable may be unsafe. Consider using sprintf_s instead. To disable deprecation, use _CRT_SECURE_NO_WARNINGS. See online help for details.
                 C:\Program Files (x86)\Microsoft Visual Studio 12.0\VC\include\stdio.h(356) : 参见“sprintf”的声明
     1>d:\user\documents\visual studio 2013\projects\5-aixs dispenser\5-aixs dispenser\Declae.h(1523): warning C4996: 'sprintf': This function or variable may be unsafe. Consider using sprintf_s instead. To disable deprecation, use _CRT_SECURE_NO_WARNINGS. See online help for details.
                 C:\Program Files (x86)\Microsoft Visual Studio 12.0\VC\include\stdio.h(356) : 参见“sprintf”的声明
     1>d:\user\documents\visual studio 2013\projects\5-aixs dispenser\5-aixs dispenser\Declae.h(1524): warning C4996: 'sprintf': This function or variable may be unsafe. Consider using sprintf_s instead. To disable deprecation, use _CRT_SECURE_NO_WARNINGS. See online help for details.
                 C:\Program Files (x86)\Microsoft Visual Studio 12.0\VC\include\stdio.h(356) : 参见“sprintf”的声明
     1>d:\user\documents\visual studio 2013\projects\5-aixs dispenser\5-aixs dispenser\Declae.h(1527): warning C4996: 'sprintf': This function or variable may be unsafe. Consider using sprintf_s instead. To disable deprecation, use _CRT_SECURE_NO_WARNINGS. See online help for details.
                 C:\Program Files (x86)\Microsoft Visual Studio 12.0\VC\include\stdio.h(356) : 参见“sprintf”的声明
     1>d:\user\documents\visual studio 2013\projects\5-aixs dispenser\5-aixs dispenser\Declae.h(1528): warning C4996: 'sprintf': This function or variable may be unsafe. Consider using sprintf_s instead. To disable deprecation, use _CRT_SECURE_NO_WARNINGS. See online help for details.
                 C:\Program Files (x86)\Microsoft Visual Studio 12.0\VC\include\stdio.h(356) : 参见“sprintf”的声明
     1>d:\user\documents\visual studio 2013\projects\5-aixs dispenser\5-aixs dispenser\Declae.h(1529): warning C4996: 'sprintf': This function or variable may be unsafe. Consider using sprintf_s instead. To disable deprecation, use _CRT_SECURE_NO_WARNINGS. See online help for details.
                 C:\Program Files (x86)\Microsoft Visual Studio 12.0\VC\include\stdio.h(356) : 参见“sprintf”的声明
     1>d:\user\documents\visual studio 2013\projects\5-aixs dispenser\5-aixs dispenser\Declae.h(1532): warning C4996: 'strcat': This function or variable may be unsafe. Consider using strcat_s instead. To disable deprecation, use _CRT_SECURE_NO_WARNINGS. See online help for details.
                 C:\Program Files (x86)\Microsoft Visual Studio 12.0\VC\include\string.h(118) : 参见“strcat”的声明
     1>d:\user\documents\visual studio 2013\projects\5-aixs dispenser\5-aixs dispenser\Declae.h(1533): warning C4996: 'strcat': This function or variable may be unsafe. Consider using strcat_s instead. To disable deprecation, use _CRT_SECURE_NO_WARNINGS. See online help for details.
                 C:\Program Files (x86)\Microsoft Visual Studio 12.0\VC\include\string.h(118) : 参见“strcat”的声明
     1>d:\user\documents\visual studio 2013\projects\5-aixs dispenser\5-aixs dispenser\Declae.h(1534): warning C4996: 'strcat': This function or variable may be unsafe. Consider using strcat_s instead. To disable deprecation, use _CRT_SECURE_NO_WARNINGS. See online help for details.
                 C:\Program Files (x86)\Microsoft Visual Studio 12.0\VC\include\string.h(118) : 参见“strcat”的声明
     1>test1.cpp(40): warning C4551: 缺少参数列表的函数调用
     1>test1.cpp(283): warning C4018: “<”: 有符号/无符号不匹配
     1>test1.cpp(849): warning C4101: “i”: 未引用的局部变量
     1>test1.cpp(921): warning C4267: “初始化”: 从“size_t”转换到“int”，可能丢失数据
     1>test1.cpp(1485): warning C4018: “<”: 有符号/无符号不匹配
     1>test1.cpp(1548): warning C4800: “BOOL”: 将值强制为布尔值“true”或“false”(性能警告)
         正在生成代码...
     1>c:\opencv300\opencv\build\include\opencv2\core\cvstd.hpp(592): warning C4793: “cv::String::String”: 编译为本机的函数:
         	托管代码中发现一个不受支持的内部函数
     1>c:\opencv300\opencv\build\include\opencv2\core\mat.inl.hpp(381): warning C4793: “cv::Mat::Mat”: 编译为本机的函数:
         	托管代码中发现一个不受支持的内部函数
     1>d:\user\documents\visual studio 2013\projects\5-aixs dispenser\5-aixs dispenser\declae.h(1326): warning C4793: “glPrintf”: 编译为本机的函数:
         	/clr 下不支持 varargs
     1>d:\user\documents\visual studio 2013\projects\5-aixs dispenser\5-aixs dispenser\declae.h(1329): warning C4793: “glPrintf”: 编译为本机的函数:
         	托管代码中发现一个不受支持的内部函数
     1>d:\user\documents\visual studio 2013\projects\5-aixs dispenser\5-aixs dispenser\declae.h(1331): warning C4793: “glPrintf”: 编译为本机的函数:
         	托管代码中发现一个不受支持的内部函数
     1>c:\opencv300\opencv\build\include\opencv2\core\mat.inl.hpp(666): warning C4793: “cv::Mat::release”: 编译为本机的函数:
         	托管代码中发现一个不受支持的内部函数
     1>c:\opencv300\opencv\build\include\opencv2\core\mat.inl.hpp(1703): warning C4793: “cv::SparseMat::addref”: 编译为本机的函数:
         	托管代码中发现一个不受支持的内部函数
     1>c:\opencv300\opencv\build\include\opencv2\core\mat.inl.hpp(3304): warning C4793: “cv::UMat::addref”: 编译为本机的函数:
         	托管代码中发现一个不受支持的内部函数
     1>c:\opencv300\opencv\build\include\opencv2\core\ptr.inl.hpp(67): warning C4793: “cv::detail::PtrOwner::incRef”: 编译为本机的函数:
         	托管代码中发现一个不受支持的内部函数
     1>c:\opencv300\opencv\build\include\opencv2\core\ptr.inl.hpp(72): warning C4793: “cv::detail::PtrOwner::decRef”: 编译为本机的函数:
         	托管代码中发现一个不受支持的内部函数
     1>c:\opencv300\opencv\build\include\opencv2\core\mat.inl.hpp(565): warning C4793: “cv::Mat::operator=”: 编译为本机的函数:
         	托管代码中发现一个不受支持的内部函数
     1>c:\opencv300\opencv\build\include\opencv2\core\cvstd.hpp(592): warning C4793: “cv::String::String”: 编译为本机的函数:
         	托管代码中发现一个不受支持的内部函数
     1>c:\opencv300\opencv\build\include\opencv2\core\mat.inl.hpp(381): warning C4793: “cv::Mat::Mat”: 编译为本机的函数:
         	托管代码中发现一个不受支持的内部函数
     1>c:\opencv300\opencv\build\include\opencv2\core\mat.inl.hpp(1703): warning C4793: “cv::SparseMat::addref”: 编译为本机的函数:
         	托管代码中发现一个不受支持的内部函数
     1>c:\opencv300\opencv\build\include\opencv2\core\mat.inl.hpp(3304): warning C4793: “cv::UMat::addref”: 编译为本机的函数:
         	托管代码中发现一个不受支持的内部函数
     1>c:\opencv300\opencv\build\include\opencv2\core\ptr.inl.hpp(67): warning C4793: “cv::detail::PtrOwner::incRef”: 编译为本机的函数:
         	托管代码中发现一个不受支持的内部函数
     1>c:\opencv300\opencv\build\include\opencv2\core\ptr.inl.hpp(72): warning C4793: “cv::detail::PtrOwner::decRef”: 编译为本机的函数:
         	托管代码中发现一个不受支持的内部函数
         C:\Program Files (x86)\Microsoft Visual Studio 12.0\VC\bin\x86_amd64\CL.exe /c /IC:\portaudio\include /IC:\OpenCV300\opencv\build\include /IC:\OpenCV300\opencv\build\include\opencv /IC:\OpenCV300\opencv\build\include\opencv2 /I"C:\Program Files\Microsoft SDKs\Kinect\v2.0_1409\\inc" /Zi /clr /nologo /W3 /WX- /Od /D WIN32 /D _DEBUG /D _CONSOLE /D _LIB /D _MBCS /EHa /MDd /GS /fp:precise /Zc:wchar_t /Zc:forScope /Fo"x64\Debug\\" /Fd"x64\Debug\vc120.pdb" /TP /errorReport:prompt "C:\Users\USER\AppData\Local\Temp\.NETFramework,Version=v4.0.AssemblyAttributes.cpp"
         .NETFramework,Version=v4.0.AssemblyAttributes.cpp
       Link:
         C:\Program Files (x86)\Microsoft Visual Studio 12.0\VC\bin\x86_amd64\link.exe /ERRORREPORT:PROMPT /OUT:"D:\USER\Documents\Visual Studio 2013\Projects\5-Aixs Dispenser\x64\Debug\5-Aixs Dispenser.exe" /INCREMENTAL /NOLOGO /LIBPATH:"C:\Program Files\Microsoft SDKs\Kinect\v2.0_1409\\Lib\x86" /LIBPATH:C:\OpenCV300\opencv\build\x86\vc12\lib /LIBPATH:C:\portaudio\lib glut32.lib opencv_ts300d.lib opencv_world300d.lib kinect20.lib portaudio_x86.lib kernel32.lib user32.lib gdi32.lib winspool.lib comdlg32.lib advapi32.lib shell32.lib ole32.lib oleaut32.lib uuid.lib odbc32.lib odbccp32.lib /MANIFEST /MANIFESTUAC:"level='asInvoker' uiAccess='false'" /manifest:embed /DEBUG /PDB:"D:\USER\Documents\Visual Studio 2013\Projects\5-Aixs Dispenser\x64\Debug\5-Aixs Dispenser.pdb" /ASSEMBLYDEBUG /SUBSYSTEM:CONSOLE /TLBID:1 /DYNAMICBASE /FIXED:NO /NXCOMPAT /MACHINE:X64 x64\Debug\glm.obj
         x64\Debug\test1.obj
         "x64\Debug\.NETFramework,Version=v4.0.AssemblyAttributes.obj"
     1>LINK : fatal error LNK1104: 无法打开文件“glut32.lib”
     1>已完成生成项目“D:\USER\Documents\Visual Studio 2013\Projects\5-Aixs Dispenser\5-Aixs Dispenser\5-Aixs Dispenser.vcxproj”(Build 个目标)的操作 - 失败。

生成失败。

已用时间 00:00:03.87
