生成启动时间为 2018/5/8 19:04:32。
     1>项目“D:\USER\Desktop\Bullet3\Extras\Serialize\BulletWorldImporter\BulletWorldImporter.vcxproj”在节点 4 上(Build 个目标)。
     1>CustomBuild:
         Building Custom Rule D:/USER/Desktop/bullet3-master/Extras/Serialize/BulletWorldImporter/CMakeLists.txt
         CMake does not need to re-run because D:/USER/Desktop/Bullet3/Extras/Serialize/BulletWorldImporter/CMakeFiles/generate.stamp is up-to-date.
       ClCompile:
         C:\Program Files (x86)\Microsoft Visual Studio 12.0\VC\bin\CL.exe /c /I"D:\USER\Desktop\bullet3-master\src" /I"D:\USER\Desktop\bullet3-master\Extras\Serialize\BulletFileLoader" /Zi /nologo /W3 /WX- /O2 /Ob1 /Oy- /D WIN32 /D NDEBUG /D USE_GRAPHICAL_BENCHMARK /D _CRT_SECURE_NO_WARNINGS /D _CRT_SECURE_NO_DEPRECATE /D _SCL_SECURE_NO_WARNINGS /D "CMAKE_INTDIR=\"RelWithDebInfo\"" /D _MBCS /GF /Gm- /EHsc /MT /GS /Gy /arch:AVX /fp:fast /Zc:wchar_t /Zc:forScope /GR- /Fo"BulletWorldImporter.dir\RelWithDebInfo\\" /Fd"BulletWorldImporter.dir\RelWithDebInfo\vc120.pdb" /Gd /TP /wd4244 /wd4267 /analyze- /errorReport:prompt "D:\USER\Desktop\bullet3-master\Extras\Serialize\BulletWorldImporter\btMultiBodyWorldImporter.cpp" "D:\USER\Desktop\bullet3-master\Extras\Serialize\BulletWorldImporter\btBulletWorldImporter.cpp" "D:\USER\Desktop\bullet3-master\Extras\Serialize\BulletWorldImporter\btWorldImporter.cpp"
         btMultiBodyWorldImporter.cpp
         btBulletWorldImporter.cpp
         btWorldImporter.cpp
     1>D:\USER\Desktop\bullet3-master\Extras\Serialize\BulletWorldImporter\btWorldImporter.cpp(1005): warning C4800: “char”: 将值强制为布尔值“true”或“false”(性能警告)
     1>D:\USER\Desktop\bullet3-master\Extras\Serialize\BulletWorldImporter\btWorldImporter.cpp(1325): warning C4800: “char”: 将值强制为布尔值“true”或“false”(性能警告)
         正在生成代码...
       Lib:
         C:\Program Files (x86)\Microsoft Visual Studio 12.0\VC\bin\Lib.exe /OUT:"D:\USER\Desktop\Bullet3\lib\RelWithDebInfo\BulletWorldImporter_RelWithDebugInfo.lib" /NOLOGO   /machine:X86 BulletWorldImporter.dir\RelWithDebInfo\btMultiBodyWorldImporter.obj
         BulletWorldImporter.dir\RelWithDebInfo\btBulletWorldImporter.obj
         BulletWorldImporter.dir\RelWithDebInfo\btWorldImporter.obj
         BulletWorldImporter.vcxproj -> D:\USER\Desktop\Bullet3\lib\RelWithDebInfo\BulletWorldImporter_RelWithDebugInfo.lib
     1>已完成生成项目“D:\USER\Desktop\Bullet3\Extras\Serialize\BulletWorldImporter\BulletWorldImporter.vcxproj”(Build 个目标)的操作。

生成成功。

已用时间 00:00:05.97
