生成启动时间为 2018/5/8 18:58:09。
     1>项目“D:\USER\Desktop\Bullet3\Extras\HACD\HACD.vcxproj”在节点 2 上(Build 个目标)。
     1>CustomBuild:
         Building Custom Rule D:/USER/Desktop/bullet3-master/Extras/HACD/CMakeLists.txt
         CMake does not need to re-run because D:/USER/Desktop/Bullet3/Extras/HACD/CMakeFiles/generate.stamp is up-to-date.
       ClCompile:
         C:\Program Files (x86)\Microsoft Visual Studio 12.0\VC\bin\CL.exe /c /I"D:\USER\Desktop\bullet3-master\Extras\HACD" /nologo /W3 /WX- /O1 /Ob1 /Oy- /D WIN32 /D NDEBUG /D USE_GRAPHICAL_BENCHMARK /D _CRT_SECURE_NO_WARNINGS /D _CRT_SECURE_NO_DEPRECATE /D _SCL_SECURE_NO_WARNINGS /D "CMAKE_INTDIR=\"MinSizeRel\"" /D _MBCS /GF /Gm- /EHsc /MT /GS /Gy /arch:AVX /fp:fast /Zc:wchar_t /Zc:forScope /GR- /Fo"HACD.dir\MinSizeRel\\" /Fd"HACD.dir\MinSizeRel\vc120.pdb" /Gd /TP /wd4244 /wd4267 /analyze- /errorReport:prompt "D:\USER\Desktop\bullet3-master\Extras\HACD\hacdGraph.cpp" "D:\USER\Desktop\bullet3-master\Extras\HACD\hacdHACD.cpp" "D:\USER\Desktop\bullet3-master\Extras\HACD\hacdICHull.cpp" "D:\USER\Desktop\bullet3-master\Extras\HACD\hacdManifoldMesh.cpp"
         hacdGraph.cpp
         hacdHACD.cpp
         hacdICHull.cpp
         hacdManifoldMesh.cpp
         正在生成代码...
       Lib:
         C:\Program Files (x86)\Microsoft Visual Studio 12.0\VC\bin\Lib.exe /OUT:"D:\USER\Desktop\Bullet3\lib\MinSizeRel\HACD_MinsizeRel.lib" /NOLOGO   /machine:X86 HACD.dir\MinSizeRel\hacdGraph.obj
         HACD.dir\MinSizeRel\hacdHACD.obj
         HACD.dir\MinSizeRel\hacdICHull.obj
         HACD.dir\MinSizeRel\hacdManifoldMesh.obj
         HACD.vcxproj -> D:\USER\Desktop\Bullet3\lib\MinSizeRel\HACD_MinsizeRel.lib
     1>已完成生成项目“D:\USER\Desktop\Bullet3\Extras\HACD\HACD.vcxproj”(Build 个目标)的操作。

生成成功。

已用时间 00:00:04.63
