生成启动时间为 2018/5/8 19:04:00。
     1>项目“D:\USER\Desktop\Bullet3\src\BulletInverseDynamics\BulletInverseDynamics.vcxproj”在节点 5 上(Build 个目标)。
     1>CustomBuild:
         Building Custom Rule D:/USER/Desktop/bullet3-master/src/BulletInverseDynamics/CMakeLists.txt
         CMake does not need to re-run because D:/USER/Desktop/Bullet3/src/BulletInverseDynamics/CMakeFiles/generate.stamp is up-to-date.
       ClCompile:
         C:\Program Files (x86)\Microsoft Visual Studio 12.0\VC\bin\CL.exe /c /I"D:\USER\Desktop\bullet3-master\src" /Zi /nologo /W3 /WX- /O2 /Ob1 /Oy- /D WIN32 /D NDEBUG /D USE_GRAPHICAL_BENCHMARK /D _CRT_SECURE_NO_WARNINGS /D _CRT_SECURE_NO_DEPRECATE /D _SCL_SECURE_NO_WARNINGS /D "CMAKE_INTDIR=\"RelWithDebInfo\"" /D _MBCS /GF /Gm- /EHsc /MT /GS /Gy /arch:AVX /fp:fast /Zc:wchar_t /Zc:forScope /GR- /Fo"BulletInverseDynamics.dir\RelWithDebInfo\\" /Fd"BulletInverseDynamics.dir\RelWithDebInfo\vc120.pdb" /Gd /TP /wd4244 /wd4267 /analyze- /errorReport:prompt "D:\USER\Desktop\bullet3-master\src\BulletInverseDynamics\IDMath.cpp" "D:\USER\Desktop\bullet3-master\src\BulletInverseDynamics\MultiBodyTree.cpp" "D:\USER\Desktop\bullet3-master\src\BulletInverseDynamics\details\MultiBodyTreeInitCache.cpp" "D:\USER\Desktop\bullet3-master\src\BulletInverseDynamics\details\MultiBodyTreeImpl.cpp"
         IDMath.cpp
         MultiBodyTree.cpp
         MultiBodyTreeInitCache.cpp
         MultiBodyTreeImpl.cpp
         正在生成代码...
       Lib:
         C:\Program Files (x86)\Microsoft Visual Studio 12.0\VC\bin\Lib.exe /OUT:"D:\USER\Desktop\Bullet3\lib\RelWithDebInfo\BulletInverseDynamics_RelWithDebugInfo.lib" /NOLOGO   /machine:X86 BulletInverseDynamics.dir\RelWithDebInfo\IDMath.obj
         BulletInverseDynamics.dir\RelWithDebInfo\MultiBodyTree.obj
         BulletInverseDynamics.dir\RelWithDebInfo\MultiBodyTreeInitCache.obj
         BulletInverseDynamics.dir\RelWithDebInfo\MultiBodyTreeImpl.obj
         BulletInverseDynamics.vcxproj -> D:\USER\Desktop\Bullet3\lib\RelWithDebInfo\BulletInverseDynamics_RelWithDebugInfo.lib
     1>已完成生成项目“D:\USER\Desktop\Bullet3\src\BulletInverseDynamics\BulletInverseDynamics.vcxproj”(Build 个目标)的操作。

生成成功。

已用时间 00:00:02.79
