生成启动时间为 2018/5/8 18:52:21。
     1>项目“D:\USER\Desktop\Bullet3\examples\OpenGLWindow\OpenGLWindow.vcxproj”在节点 4 上(Build 个目标)。
     1>CustomBuild:
         Building Custom Rule D:/USER/Desktop/bullet3-master/examples/OpenGLWindow/CMakeLists.txt
         CMake does not need to re-run because D:/USER/Desktop/Bullet3/examples/OpenGLWindow/CMakeFiles/generate.stamp is up-to-date.
       ClCompile:
         C:\Program Files (x86)\Microsoft Visual Studio 12.0\VC\bin\CL.exe /c /I"D:\USER\Desktop\bullet3-master\examples\OpenGLWindow\.." /I"D:\USER\Desktop\bullet3-master\examples\OpenGLWindow\..\ThirdPartyLibs" /I"D:\USER\Desktop\bullet3-master\examples\OpenGLWindow\..\..\src" /I"D:\USER\Desktop\bullet3-master\examples\OpenGLWindow\..\ThirdPartyLibs\glad" /I"D:\USER\Desktop\bullet3-master\examples\ThirdPartyLibs\glad" /Zi /nologo /W3 /WX- /Od /Ob0 /Oy- /D WIN32 /D _DEBUG /D USE_GRAPHICAL_BENCHMARK /D _CRT_SECURE_NO_WARNINGS /D _CRT_SECURE_NO_DEPRECATE /D _SCL_SECURE_NO_WARNINGS /D GLEW_STATIC /D "CMAKE_INTDIR=\"Debug\"" /D _MBCS /GF /Gm- /EHsc /RTC1 /MTd /GS /Gy /arch:AVX /fp:fast /Zc:wchar_t /Zc:forScope /GR- /Fo"OpenGLWindow.dir\Debug\\" /Fd"OpenGLWindow.dir\Debug\vc120.pdb" /Gd /TC /wd4244 /wd4267 /analyze- /errorReport:prompt "D:\USER\Desktop\bullet3-master\examples\ThirdPartyLibs\glad\glad.c"
         glad.c
         C:\Program Files (x86)\Microsoft Visual Studio 12.0\VC\bin\CL.exe /c /I"D:\USER\Desktop\bullet3-master\examples\OpenGLWindow\.." /I"D:\USER\Desktop\bullet3-master\examples\OpenGLWindow\..\ThirdPartyLibs" /I"D:\USER\Desktop\bullet3-master\examples\OpenGLWindow\..\..\src" /I"D:\USER\Desktop\bullet3-master\examples\OpenGLWindow\..\ThirdPartyLibs\glad" /I"D:\USER\Desktop\bullet3-master\examples\ThirdPartyLibs\glad" /Zi /nologo /W3 /WX- /Od /Ob0 /Oy- /D WIN32 /D _DEBUG /D USE_GRAPHICAL_BENCHMARK /D _CRT_SECURE_NO_WARNINGS /D _CRT_SECURE_NO_DEPRECATE /D _SCL_SECURE_NO_WARNINGS /D GLEW_STATIC /D "CMAKE_INTDIR=\"Debug\"" /D _MBCS /GF /Gm- /EHsc /RTC1 /MTd /GS /Gy /arch:AVX /fp:fast /Zc:wchar_t /Zc:forScope /GR- /Fo"OpenGLWindow.dir\Debug\\" /Fd"OpenGLWindow.dir\Debug\vc120.pdb" /Gd /TP /wd4244 /wd4267 /analyze- /errorReport:prompt "D:\USER\Desktop\bullet3-master\examples\OpenGLWindow\Win32OpenGLWindow.cpp" "D:\USER\Desktop\bullet3-master\examples\OpenGLWindow\Win32Window.cpp" "D:\USER\Desktop\bullet3-master\examples\OpenGLWindow\EGLOpenGLWindow.cpp" "D:\USER\Desktop\bullet3-master\examples\OpenGLWindow\GLFWOpenGLWindow.cpp" "D:\USER\Desktop\bullet3-master\examples\OpenGLWindow\GLInstancingRenderer.cpp" "D:\USER\Desktop\bullet3-master\examples\OpenGLWindow\GLPrimitiveRenderer.cpp" "D:\USER\Desktop\bullet3-master\examples\OpenGLWindow\GLRenderToTexture.cpp" "D:\USER\Desktop\bullet3-master\examples\OpenGLWindow\LoadShader.cpp" "D:\USER\Desktop\bullet3-master\examples\OpenGLWindow\OpenSans.cpp" "D:\USER\Desktop\bullet3-master\examples\OpenGLWindow\SimpleCamera.cpp" "D:\USER\Desktop\bullet3-master\examples\OpenGLWindow\SimpleOpenGL2App.cpp" "D:\USER\Desktop\bullet3-master\examples\OpenGLWindow\SimpleOpenGL2Renderer.cpp" "D:\USER\Desktop\bullet3-master\examples\OpenGLWindow\SimpleOpenGL3App.cpp" "D:\USER\Desktop\bullet3-master\examples\OpenGLWindow\TwFonts.cpp" "D:\USER\Desktop\bullet3-master\examples\OpenGLWindow\fontstash.cpp" "D:\USER\Desktop\bullet3-master\examples\OpenGLWindow\opengl_fontstashcallbacks.cpp"
         Win32OpenGLWindow.cpp
         Win32Window.cpp
         EGLOpenGLWindow.cpp
         GLFWOpenGLWindow.cpp
         GLInstancingRenderer.cpp
     1>D:\USER\Desktop\bullet3-master\examples\OpenGLWindow\GLInstancingRenderer.cpp(368): warning C4316: “InternalDataRenderer”: 在堆上分配的对象可能不是对齐 16
     1>D:\USER\Desktop\bullet3-master\examples\OpenGLWindow\GLInstancingRenderer.cpp(1120): warning C4316: “b3GraphicsInstance”: 在堆上分配的对象可能不是对齐 16
         GLPrimitiveRenderer.cpp
     1>D:\USER\Desktop\bullet3-master\examples\OpenGLWindow\GLPrimitiveRenderer.cpp(505): warning C4800: “int”: 将值强制为布尔值“true”或“false”(性能警告)
     1>D:\USER\Desktop\bullet3-master\examples\OpenGLWindow\GLPrimitiveRenderer.cpp(525): warning C4800: “int”: 将值强制为布尔值“true”或“false”(性能警告)
         GLRenderToTexture.cpp
         LoadShader.cpp
         OpenSans.cpp
         SimpleCamera.cpp
         SimpleOpenGL2App.cpp
     1>d:\user\desktop\bullet3-master\examples\openglwindow\TwFonts.h : warning C4819: 该文件包含不能在当前代码页(936)中表示的字符。请将该文件保存为 Unicode 格式以防止数据丢失
         SimpleOpenGL2Renderer.cpp
         SimpleOpenGL3App.cpp
     1>d:\user\desktop\bullet3-master\examples\openglwindow\TwFonts.h : warning C4819: 该文件包含不能在当前代码页(936)中表示的字符。请将该文件保存为 Unicode 格式以防止数据丢失
         TwFonts.cpp
     1>d:\user\desktop\bullet3-master\examples\openglwindow\TwFonts.h : warning C4819: 该文件包含不能在当前代码页(936)中表示的字符。请将该文件保存为 Unicode 格式以防止数据丢失
         fontstash.cpp
         opengl_fontstashcallbacks.cpp
         正在生成代码...
       Lib:
         C:\Program Files (x86)\Microsoft Visual Studio 12.0\VC\bin\Lib.exe /OUT:"D:\USER\Desktop\Bullet3\lib\Debug\OpenGLWindow_Debug.lib" /NOLOGO   /machine:X86 OpenGLWindow.dir\Debug\glad.obj
         OpenGLWindow.dir\Debug\Win32OpenGLWindow.obj
         OpenGLWindow.dir\Debug\Win32Window.obj
         OpenGLWindow.dir\Debug\EGLOpenGLWindow.obj
         OpenGLWindow.dir\Debug\GLFWOpenGLWindow.obj
         OpenGLWindow.dir\Debug\GLInstancingRenderer.obj
         OpenGLWindow.dir\Debug\GLPrimitiveRenderer.obj
         OpenGLWindow.dir\Debug\GLRenderToTexture.obj
         OpenGLWindow.dir\Debug\LoadShader.obj
         OpenGLWindow.dir\Debug\OpenSans.obj
         OpenGLWindow.dir\Debug\SimpleCamera.obj
         OpenGLWindow.dir\Debug\SimpleOpenGL2App.obj
         OpenGLWindow.dir\Debug\SimpleOpenGL2Renderer.obj
         OpenGLWindow.dir\Debug\SimpleOpenGL3App.obj
         OpenGLWindow.dir\Debug\TwFonts.obj
         OpenGLWindow.dir\Debug\fontstash.obj
         OpenGLWindow.dir\Debug\opengl_fontstashcallbacks.obj
         OpenGLWindow.vcxproj -> D:\USER\Desktop\Bullet3\lib\Debug\OpenGLWindow_Debug.lib
     1>已完成生成项目“D:\USER\Desktop\Bullet3\examples\OpenGLWindow\OpenGLWindow.vcxproj”(Build 个目标)的操作。

生成成功。

已用时间 00:00:06.83
