生成启动时间为 2018/5/8 18:56:45。
     1>项目“D:\USER\Desktop\Bullet3\src\BulletCollision\BulletCollision.vcxproj”在节点 3 上(Build 个目标)。
     1>CustomBuild:
         Building Custom Rule D:/USER/Desktop/bullet3-master/src/BulletCollision/CMakeLists.txt
         CMake does not need to re-run because D:/USER/Desktop/Bullet3/src/BulletCollision/CMakeFiles/generate.stamp is up-to-date.
       ClCompile:
         C:\Program Files (x86)\Microsoft Visual Studio 12.0\VC\bin\CL.exe /c /I"D:\USER\Desktop\bullet3-master\src" /nologo /W3 /WX- /O1 /Ob1 /Oy- /D WIN32 /D NDEBUG /D USE_GRAPHICAL_BENCHMARK /D _CRT_SECURE_NO_WARNINGS /D _CRT_SECURE_NO_DEPRECATE /D _SCL_SECURE_NO_WARNINGS /D "CMAKE_INTDIR=\"MinSizeRel\"" /D _MBCS /GF /Gm- /EHsc /MT /GS /Gy /arch:AVX /fp:fast /Zc:wchar_t /Zc:forScope /GR- /Fo"BulletCollision.dir\MinSizeRel\\" /Fd"BulletCollision.dir\MinSizeRel\vc120.pdb" /Gd /TP /wd4244 /wd4267 /analyze- /errorReport:prompt "D:\USER\Desktop\bullet3-master\src\BulletCollision\BroadphaseCollision\btAxisSweep3.cpp" "D:\USER\Desktop\bullet3-master\src\BulletCollision\BroadphaseCollision\btBroadphaseProxy.cpp" "D:\USER\Desktop\bullet3-master\src\BulletCollision\BroadphaseCollision\btCollisionAlgorithm.cpp" "D:\USER\Desktop\bullet3-master\src\BulletCollision\BroadphaseCollision\btDbvt.cpp" "D:\USER\Desktop\bullet3-master\src\BulletCollision\BroadphaseCollision\btDbvtBroadphase.cpp" "D:\USER\Desktop\bullet3-master\src\BulletCollision\BroadphaseCollision\btDispatcher.cpp" "D:\USER\Desktop\bullet3-master\src\BulletCollision\BroadphaseCollision\btOverlappingPairCache.cpp" "D:\USER\Desktop\bullet3-master\src\BulletCollision\BroadphaseCollision\btQuantizedBvh.cpp" "D:\USER\Desktop\bullet3-master\src\BulletCollision\BroadphaseCollision\btSimpleBroadphase.cpp" "D:\USER\Desktop\bullet3-master\src\BulletCollision\CollisionDispatch\btActivatingCollisionAlgorithm.cpp" "D:\USER\Desktop\bullet3-master\src\BulletCollision\CollisionDispatch\btBoxBoxCollisionAlgorithm.cpp" "D:\USER\Desktop\bullet3-master\src\BulletCollision\CollisionDispatch\btBox2dBox2dCollisionAlgorithm.cpp" "D:\USER\Desktop\bullet3-master\src\BulletCollision\CollisionDispatch\btBoxBoxDetector.cpp" "D:\USER\Desktop\bullet3-master\src\BulletCollision\CollisionDispatch\btCollisionDispatcher.cpp" "D:\USER\Desktop\bullet3-master\src\BulletCollision\CollisionDispatch\btCollisionDispatcherMt.cpp" "D:\USER\Desktop\bullet3-master\src\BulletCollision\CollisionDispatch\btCollisionObject.cpp" "D:\USER\Desktop\bullet3-master\src\BulletCollision\CollisionDispatch\btCollisionWorld.cpp" "D:\USER\Desktop\bullet3-master\src\BulletCollision\CollisionDispatch\btCollisionWorldImporter.cpp" "D:\USER\Desktop\bullet3-master\src\BulletCollision\CollisionDispatch\btCompoundCollisionAlgorithm.cpp" "D:\USER\Desktop\bullet3-master\src\BulletCollision\CollisionDispatch\btCompoundCompoundCollisionAlgorithm.cpp" "D:\USER\Desktop\bullet3-master\src\BulletCollision\CollisionDispatch\btConvexConcaveCollisionAlgorithm.cpp" "D:\USER\Desktop\bullet3-master\src\BulletCollision\CollisionDispatch\btConvexConvexAlgorithm.cpp" "D:\USER\Desktop\bullet3-master\src\BulletCollision\CollisionDispatch\btConvexPlaneCollisionAlgorithm.cpp" "D:\USER\Desktop\bullet3-master\src\BulletCollision\CollisionDispatch\btConvex2dConvex2dAlgorithm.cpp" "D:\USER\Desktop\bullet3-master\src\BulletCollision\CollisionDispatch\btDefaultCollisionConfiguration.cpp" "D:\USER\Desktop\bullet3-master\src\BulletCollision\CollisionDispatch\btEmptyCollisionAlgorithm.cpp" "D:\USER\Desktop\bullet3-master\src\BulletCollision\CollisionDispatch\btGhostObject.cpp" "D:\USER\Desktop\bullet3-master\src\BulletCollision\CollisionDispatch\btHashedSimplePairCache.cpp" "D:\USER\Desktop\bullet3-master\src\BulletCollision\CollisionDispatch\btInternalEdgeUtility.cpp" "D:\USER\Desktop\bullet3-master\src\BulletCollision\CollisionDispatch\btManifoldResult.cpp" "D:\USER\Desktop\bullet3-master\src\BulletCollision\CollisionDispatch\btSimulationIslandManager.cpp" "D:\USER\Desktop\bullet3-master\src\BulletCollision\CollisionDispatch\btSphereBoxCollisionAlgorithm.cpp" "D:\USER\Desktop\bullet3-master\src\BulletCollision\CollisionDispatch\btSphereSphereCollisionAlgorithm.cpp" "D:\USER\Desktop\bullet3-master\src\BulletCollision\CollisionDispatch\btSphereTriangleCollisionAlgorithm.cpp" "D:\USER\Desktop\bullet3-master\src\BulletCollision\CollisionDispatch\btUnionFind.cpp" "D:\USER\Desktop\bullet3-master\src\BulletCollision\CollisionDispatch\SphereTriangleDetector.cpp" "D:\USER\Desktop\bullet3-master\src\BulletCollision\CollisionShapes\btBoxShape.cpp" "D:\USER\Desktop\bullet3-master\src\BulletCollision\CollisionShapes\btBox2dShape.cpp" "D:\USER\Desktop\bullet3-master\src\BulletCollision\CollisionShapes\btBvhTriangleMeshShape.cpp" "D:\USER\Desktop\bullet3-master\src\BulletCollision\CollisionShapes\btCapsuleShape.cpp" "D:\USER\Desktop\bullet3-master\src\BulletCollision\CollisionShapes\btCollisionShape.cpp" "D:\USER\Desktop\bullet3-master\src\BulletCollision\CollisionShapes\btCompoundShape.cpp" "D:\USER\Desktop\bullet3-master\src\BulletCollision\CollisionShapes\btConcaveShape.cpp" "D:\USER\Desktop\bullet3-master\src\BulletCollision\CollisionShapes\btConeShape.cpp" "D:\USER\Desktop\bullet3-master\src\BulletCollision\CollisionShapes\btConvexHullShape.cpp" "D:\USER\Desktop\bullet3-master\src\BulletCollision\CollisionShapes\btConvexInternalShape.cpp" "D:\USER\Desktop\bullet3-master\src\BulletCollision\CollisionShapes\btConvexPointCloudShape.cpp" "D:\USER\Desktop\bullet3-master\src\BulletCollision\CollisionShapes\btConvexPolyhedron.cpp" "D:\USER\Desktop\bullet3-master\src\BulletCollision\CollisionShapes\btConvexShape.cpp" "D:\USER\Desktop\bullet3-master\src\BulletCollision\CollisionShapes\btConvex2dShape.cpp" "D:\USER\Desktop\bullet3-master\src\BulletCollision\CollisionShapes\btConvexTriangleMeshShape.cpp" "D:\USER\Desktop\bullet3-master\src\BulletCollision\CollisionShapes\btCylinderShape.cpp" "D:\USER\Desktop\bullet3-master\src\BulletCollision\CollisionShapes\btEmptyShape.cpp" "D:\USER\Desktop\bullet3-master\src\BulletCollision\CollisionShapes\btHeightfieldTerrainShape.cpp" "D:\USER\Desktop\bullet3-master\src\BulletCollision\CollisionShapes\btMiniSDF.cpp" "D:\USER\Desktop\bullet3-master\src\BulletCollision\CollisionShapes\btMinkowskiSumShape.cpp" "D:\USER\Desktop\bullet3-master\src\BulletCollision\CollisionShapes\btMultimaterialTriangleMeshShape.cpp" "D:\USER\Desktop\bullet3-master\src\BulletCollision\CollisionShapes\btMultiSphereShape.cpp" "D:\USER\Desktop\bullet3-master\src\BulletCollision\CollisionShapes\btOptimizedBvh.cpp" "D:\USER\Desktop\bullet3-master\src\BulletCollision\CollisionShapes\btPolyhedralConvexShape.cpp" "D:\USER\Desktop\bullet3-master\src\BulletCollision\CollisionShapes\btScaledBvhTriangleMeshShape.cpp" "D:\USER\Desktop\bullet3-master\src\BulletCollision\CollisionShapes\btSdfCollisionShape.cpp" "D:\USER\Desktop\bullet3-master\src\BulletCollision\CollisionShapes\btShapeHull.cpp" "D:\USER\Desktop\bullet3-master\src\BulletCollision\CollisionShapes\btSphereShape.cpp" "D:\USER\Desktop\bullet3-master\src\BulletCollision\CollisionShapes\btStaticPlaneShape.cpp" "D:\USER\Desktop\bullet3-master\src\BulletCollision\CollisionShapes\btStridingMeshInterface.cpp" "D:\USER\Desktop\bullet3-master\src\BulletCollision\CollisionShapes\btTetrahedronShape.cpp" "D:\USER\Desktop\bullet3-master\src\BulletCollision\CollisionShapes\btTriangleBuffer.cpp" "D:\USER\Desktop\bullet3-master\src\BulletCollision\CollisionShapes\btTriangleCallback.cpp" "D:\USER\Desktop\bullet3-master\src\BulletCollision\CollisionShapes\btTriangleIndexVertexArray.cpp" "D:\USER\Desktop\bullet3-master\src\BulletCollision\CollisionShapes\btTriangleIndexVertexMaterialArray.cpp" "D:\USER\Desktop\bullet3-master\src\BulletCollision\CollisionShapes\btTriangleMesh.cpp" "D:\USER\Desktop\bullet3-master\src\BulletCollision\CollisionShapes\btTriangleMeshShape.cpp" "D:\USER\Desktop\bullet3-master\src\BulletCollision\CollisionShapes\btUniformScalingShape.cpp" "D:\USER\Desktop\bullet3-master\src\BulletCollision\Gimpact\btContactProcessing.cpp" "D:\USER\Desktop\bullet3-master\src\BulletCollision\Gimpact\btGenericPoolAllocator.cpp" "D:\USER\Desktop\bullet3-master\src\BulletCollision\Gimpact\btGImpactBvh.cpp" "D:\USER\Desktop\bullet3-master\src\BulletCollision\Gimpact\btGImpactCollisionAlgorithm.cpp" "D:\USER\Desktop\bullet3-master\src\BulletCollision\Gimpact\btGImpactQuantizedBvh.cpp" "D:\USER\Desktop\bullet3-master\src\BulletCollision\Gimpact\btGImpactShape.cpp" "D:\USER\Desktop\bullet3-master\src\BulletCollision\Gimpact\btTriangleShapeEx.cpp" "D:\USER\Desktop\bullet3-master\src\BulletCollision\Gimpact\gim_box_set.cpp" "D:\USER\Desktop\bullet3-master\src\BulletCollision\Gimpact\gim_contact.cpp" "D:\USER\Desktop\bullet3-master\src\BulletCollision\Gimpact\gim_memory.cpp" "D:\USER\Desktop\bullet3-master\src\BulletCollision\Gimpact\gim_tri_collision.cpp" "D:\USER\Desktop\bullet3-master\src\BulletCollision\NarrowPhaseCollision\btContinuousConvexCollision.cpp" "D:\USER\Desktop\bullet3-master\src\BulletCollision\NarrowPhaseCollision\btConvexCast.cpp" "D:\USER\Desktop\bullet3-master\src\BulletCollision\NarrowPhaseCollision\btGjkConvexCast.cpp" "D:\USER\Desktop\bullet3-master\src\BulletCollision\NarrowPhaseCollision\btGjkEpa2.cpp" "D:\USER\Desktop\bullet3-master\src\BulletCollision\NarrowPhaseCollision\btGjkEpaPenetrationDepthSolver.cpp" "D:\USER\Desktop\bullet3-master\src\BulletCollision\NarrowPhaseCollision\btGjkPairDetector.cpp" "D:\USER\Desktop\bullet3-master\src\BulletCollision\NarrowPhaseCollision\btMinkowskiPenetrationDepthSolver.cpp" "D:\USER\Desktop\bullet3-master\src\BulletCollision\NarrowPhaseCollision\btPersistentManifold.cpp" "D:\USER\Desktop\bullet3-master\src\BulletCollision\NarrowPhaseCollision\btRaycastCallback.cpp" "D:\USER\Desktop\bullet3-master\src\BulletCollision\NarrowPhaseCollision\btSubSimplexConvexCast.cpp" "D:\USER\Desktop\bullet3-master\src\BulletCollision\NarrowPhaseCollision\btVoronoiSimplexSolver.cpp" "D:\USER\Desktop\bullet3-master\src\BulletCollision\NarrowPhaseCollision\btPolyhedralContactClipping.cpp"
         btAxisSweep3.cpp
         btBroadphaseProxy.cpp
         btCollisionAlgorithm.cpp
         btDbvt.cpp
         btDbvtBroadphase.cpp
         btDispatcher.cpp
         btOverlappingPairCache.cpp
         btQuantizedBvh.cpp
         btSimpleBroadphase.cpp
         btActivatingCollisionAlgorithm.cpp
         btBoxBoxCollisionAlgorithm.cpp
         btBox2dBox2dCollisionAlgorithm.cpp
         btBoxBoxDetector.cpp
         btCollisionDispatcher.cpp
         btCollisionDispatcherMt.cpp
         btCollisionObject.cpp
         btCollisionWorld.cpp
         btCollisionWorldImporter.cpp
         btCompoundCollisionAlgorithm.cpp
         btCompoundCompoundCollisionAlgorithm.cpp
         正在生成代码...
         正在编译...
         btConvexConcaveCollisionAlgorithm.cpp
         btConvexConvexAlgorithm.cpp
         btConvexPlaneCollisionAlgorithm.cpp
         btConvex2dConvex2dAlgorithm.cpp
         btDefaultCollisionConfiguration.cpp
         btEmptyCollisionAlgorithm.cpp
         btGhostObject.cpp
         btHashedSimplePairCache.cpp
         btInternalEdgeUtility.cpp
         btManifoldResult.cpp
         btSimulationIslandManager.cpp
         btSphereBoxCollisionAlgorithm.cpp
         btSphereSphereCollisionAlgorithm.cpp
         btSphereTriangleCollisionAlgorithm.cpp
         btUnionFind.cpp
         SphereTriangleDetector.cpp
         btBoxShape.cpp
         btBox2dShape.cpp
         btBvhTriangleMeshShape.cpp
         btCapsuleShape.cpp
         正在生成代码...
         正在编译...
         btCollisionShape.cpp
         btCompoundShape.cpp
         btConcaveShape.cpp
         btConeShape.cpp
         btConvexHullShape.cpp
         btConvexInternalShape.cpp
         btConvexPointCloudShape.cpp
         btConvexPolyhedron.cpp
         btConvexShape.cpp
         btConvex2dShape.cpp
         btConvexTriangleMeshShape.cpp
         btCylinderShape.cpp
         btEmptyShape.cpp
         btHeightfieldTerrainShape.cpp
         btMiniSDF.cpp
         btMinkowskiSumShape.cpp
         btMultimaterialTriangleMeshShape.cpp
         btMultiSphereShape.cpp
         btOptimizedBvh.cpp
         btPolyhedralConvexShape.cpp
         正在生成代码...
         正在编译...
         btScaledBvhTriangleMeshShape.cpp
         btSdfCollisionShape.cpp
     1>D:\USER\Desktop\bullet3-master\src\BulletCollision\CollisionShapes\btSdfCollisionShape.cpp(27): warning C4316: “btSdfCollisionShapeInternalData”: 在堆上分配的对象可能不是对齐 16
         btShapeHull.cpp
         btSphereShape.cpp
         btStaticPlaneShape.cpp
         btStridingMeshInterface.cpp
         btTetrahedronShape.cpp
         btTriangleBuffer.cpp
         btTriangleCallback.cpp
         btTriangleIndexVertexArray.cpp
         btTriangleIndexVertexMaterialArray.cpp
         btTriangleMesh.cpp
         btTriangleMeshShape.cpp
         btUniformScalingShape.cpp
         btContactProcessing.cpp
         btGenericPoolAllocator.cpp
         btGImpactBvh.cpp
         btGImpactCollisionAlgorithm.cpp
         btGImpactQuantizedBvh.cpp
         btGImpactShape.cpp
         正在生成代码...
         正在编译...
         btTriangleShapeEx.cpp
         gim_box_set.cpp
         gim_contact.cpp
         gim_memory.cpp
         gim_tri_collision.cpp
         btContinuousConvexCollision.cpp
         btConvexCast.cpp
         btGjkConvexCast.cpp
         btGjkEpa2.cpp
         btGjkEpaPenetrationDepthSolver.cpp
         btGjkPairDetector.cpp
         btMinkowskiPenetrationDepthSolver.cpp
         btPersistentManifold.cpp
         btRaycastCallback.cpp
         btSubSimplexConvexCast.cpp
         btVoronoiSimplexSolver.cpp
         btPolyhedralContactClipping.cpp
         正在生成代码...
       Lib:
         C:\Program Files (x86)\Microsoft Visual Studio 12.0\VC\bin\Lib.exe /OUT:"D:\USER\Desktop\Bullet3\lib\MinSizeRel\BulletCollision_MinsizeRel.lib" /NOLOGO   /machine:X86 BulletCollision.dir\MinSizeRel\btAxisSweep3.obj
         BulletCollision.dir\MinSizeRel\btBroadphaseProxy.obj
         BulletCollision.dir\MinSizeRel\btCollisionAlgorithm.obj
         BulletCollision.dir\MinSizeRel\btDbvt.obj
         BulletCollision.dir\MinSizeRel\btDbvtBroadphase.obj
         BulletCollision.dir\MinSizeRel\btDispatcher.obj
         BulletCollision.dir\MinSizeRel\btOverlappingPairCache.obj
         BulletCollision.dir\MinSizeRel\btQuantizedBvh.obj
         BulletCollision.dir\MinSizeRel\btSimpleBroadphase.obj
         BulletCollision.dir\MinSizeRel\btActivatingCollisionAlgorithm.obj
         BulletCollision.dir\MinSizeRel\btBoxBoxCollisionAlgorithm.obj
         BulletCollision.dir\MinSizeRel\btBox2dBox2dCollisionAlgorithm.obj
         BulletCollision.dir\MinSizeRel\btBoxBoxDetector.obj
         BulletCollision.dir\MinSizeRel\btCollisionDispatcher.obj
         BulletCollision.dir\MinSizeRel\btCollisionDispatcherMt.obj
         BulletCollision.dir\MinSizeRel\btCollisionObject.obj
         BulletCollision.dir\MinSizeRel\btCollisionWorld.obj
         BulletCollision.dir\MinSizeRel\btCollisionWorldImporter.obj
         BulletCollision.dir\MinSizeRel\btCompoundCollisionAlgorithm.obj
         BulletCollision.dir\MinSizeRel\btCompoundCompoundCollisionAlgorithm.obj
         BulletCollision.dir\MinSizeRel\btConvexConcaveCollisionAlgorithm.obj
         BulletCollision.dir\MinSizeRel\btConvexConvexAlgorithm.obj
         BulletCollision.dir\MinSizeRel\btConvexPlaneCollisionAlgorithm.obj
         BulletCollision.dir\MinSizeRel\btConvex2dConvex2dAlgorithm.obj
         BulletCollision.dir\MinSizeRel\btDefaultCollisionConfiguration.obj
         BulletCollision.dir\MinSizeRel\btEmptyCollisionAlgorithm.obj
         BulletCollision.dir\MinSizeRel\btGhostObject.obj
         BulletCollision.dir\MinSizeRel\btHashedSimplePairCache.obj
         BulletCollision.dir\MinSizeRel\btInternalEdgeUtility.obj
         BulletCollision.dir\MinSizeRel\btManifoldResult.obj
         BulletCollision.dir\MinSizeRel\btSimulationIslandManager.obj
         BulletCollision.dir\MinSizeRel\btSphereBoxCollisionAlgorithm.obj
         BulletCollision.dir\MinSizeRel\btSphereSphereCollisionAlgorithm.obj
         BulletCollision.dir\MinSizeRel\btSphereTriangleCollisionAlgorithm.obj
         BulletCollision.dir\MinSizeRel\btUnionFind.obj
         BulletCollision.dir\MinSizeRel\SphereTriangleDetector.obj
         BulletCollision.dir\MinSizeRel\btBoxShape.obj
         BulletCollision.dir\MinSizeRel\btBox2dShape.obj
         BulletCollision.dir\MinSizeRel\btBvhTriangleMeshShape.obj
         BulletCollision.dir\MinSizeRel\btCapsuleShape.obj
         BulletCollision.dir\MinSizeRel\btCollisionShape.obj
         BulletCollision.dir\MinSizeRel\btCompoundShape.obj
         BulletCollision.dir\MinSizeRel\btConcaveShape.obj
         BulletCollision.dir\MinSizeRel\btConeShape.obj
         BulletCollision.dir\MinSizeRel\btConvexHullShape.obj
         BulletCollision.dir\MinSizeRel\btConvexInternalShape.obj
         BulletCollision.dir\MinSizeRel\btConvexPointCloudShape.obj
         BulletCollision.dir\MinSizeRel\btConvexPolyhedron.obj
         BulletCollision.dir\MinSizeRel\btConvexShape.obj
         BulletCollision.dir\MinSizeRel\btConvex2dShape.obj
         BulletCollision.dir\MinSizeRel\btConvexTriangleMeshShape.obj
         BulletCollision.dir\MinSizeRel\btCylinderShape.obj
         BulletCollision.dir\MinSizeRel\btEmptyShape.obj
         BulletCollision.dir\MinSizeRel\btHeightfieldTerrainShape.obj
         BulletCollision.dir\MinSizeRel\btMiniSDF.obj
         BulletCollision.dir\MinSizeRel\btMinkowskiSumShape.obj
         BulletCollision.dir\MinSizeRel\btMultimaterialTriangleMeshShape.obj
         BulletCollision.dir\MinSizeRel\btMultiSphereShape.obj
         BulletCollision.dir\MinSizeRel\btOptimizedBvh.obj
         BulletCollision.dir\MinSizeRel\btPolyhedralConvexShape.obj
         BulletCollision.dir\MinSizeRel\btScaledBvhTriangleMeshShape.obj
         BulletCollision.dir\MinSizeRel\btSdfCollisionShape.obj
         BulletCollision.dir\MinSizeRel\btShapeHull.obj
         BulletCollision.dir\MinSizeRel\btSphereShape.obj
         BulletCollision.dir\MinSizeRel\btStaticPlaneShape.obj
         BulletCollision.dir\MinSizeRel\btStridingMeshInterface.obj
         BulletCollision.dir\MinSizeRel\btTetrahedronShape.obj
         BulletCollision.dir\MinSizeRel\btTriangleBuffer.obj
         BulletCollision.dir\MinSizeRel\btTriangleCallback.obj
         BulletCollision.dir\MinSizeRel\btTriangleIndexVertexArray.obj
         BulletCollision.dir\MinSizeRel\btTriangleIndexVertexMaterialArray.obj
         BulletCollision.dir\MinSizeRel\btTriangleMesh.obj
         BulletCollision.dir\MinSizeRel\btTriangleMeshShape.obj
         BulletCollision.dir\MinSizeRel\btUniformScalingShape.obj
         BulletCollision.dir\MinSizeRel\btContactProcessing.obj
         BulletCollision.dir\MinSizeRel\btGenericPoolAllocator.obj
         BulletCollision.dir\MinSizeRel\btGImpactBvh.obj
         BulletCollision.dir\MinSizeRel\btGImpactCollisionAlgorithm.obj
         BulletCollision.dir\MinSizeRel\btGImpactQuantizedBvh.obj
         BulletCollision.dir\MinSizeRel\btGImpactShape.obj
         BulletCollision.dir\MinSizeRel\btTriangleShapeEx.obj
         BulletCollision.dir\MinSizeRel\gim_box_set.obj
         BulletCollision.dir\MinSizeRel\gim_contact.obj
         BulletCollision.dir\MinSizeRel\gim_memory.obj
         BulletCollision.dir\MinSizeRel\gim_tri_collision.obj
         BulletCollision.dir\MinSizeRel\btContinuousConvexCollision.obj
         BulletCollision.dir\MinSizeRel\btConvexCast.obj
         BulletCollision.dir\MinSizeRel\btGjkConvexCast.obj
         BulletCollision.dir\MinSizeRel\btGjkEpa2.obj
         BulletCollision.dir\MinSizeRel\btGjkEpaPenetrationDepthSolver.obj
         BulletCollision.dir\MinSizeRel\btGjkPairDetector.obj
         BulletCollision.dir\MinSizeRel\btMinkowskiPenetrationDepthSolver.obj
         BulletCollision.dir\MinSizeRel\btPersistentManifold.obj
         BulletCollision.dir\MinSizeRel\btRaycastCallback.obj
         BulletCollision.dir\MinSizeRel\btSubSimplexConvexCast.obj
         BulletCollision.dir\MinSizeRel\btVoronoiSimplexSolver.obj
         BulletCollision.dir\MinSizeRel\btPolyhedralContactClipping.obj
         BulletCollision.vcxproj -> D:\USER\Desktop\Bullet3\lib\MinSizeRel\BulletCollision_MinsizeRel.lib
     1>已完成生成项目“D:\USER\Desktop\Bullet3\src\BulletCollision\BulletCollision.vcxproj”(Build 个目标)的操作。

生成成功。

已用时间 00:00:40.18
