生成启动时间为 2018/5/8 18:57:26。
     1>项目“D:\USER\Desktop\Bullet3\src\LinearMath\LinearMath.vcxproj”在节点 2 上(Build 个目标)。
     1>CustomBuild:
         Building Custom Rule D:/USER/Desktop/bullet3-master/src/LinearMath/CMakeLists.txt
         CMake does not need to re-run because D:/USER/Desktop/Bullet3/src/LinearMath/CMakeFiles/generate.stamp is up-to-date.
       ClCompile:
         C:\Program Files (x86)\Microsoft Visual Studio 12.0\VC\bin\CL.exe /c /I"D:\USER\Desktop\bullet3-master\src" /nologo /W3 /WX- /O1 /Ob1 /Oy- /D WIN32 /D NDEBUG /D USE_GRAPHICAL_BENCHMARK /D _CRT_SECURE_NO_WARNINGS /D _CRT_SECURE_NO_DEPRECATE /D _SCL_SECURE_NO_WARNINGS /D "CMAKE_INTDIR=\"MinSizeRel\"" /D _MBCS /GF /Gm- /EHsc /MT /GS /Gy /arch:AVX /fp:fast /Zc:wchar_t /Zc:forScope /GR- /Fo"LinearMath.dir\MinSizeRel\\" /Fd"LinearMath.dir\MinSizeRel\vc120.pdb" /Gd /TP /wd4244 /wd4267 /analyze- /errorReport:prompt "D:\USER\Desktop\bullet3-master\src\LinearMath\btAlignedAllocator.cpp" "D:\USER\Desktop\bullet3-master\src\LinearMath\btConvexHull.cpp" "D:\USER\Desktop\bullet3-master\src\LinearMath\btConvexHullComputer.cpp" "D:\USER\Desktop\bullet3-master\src\LinearMath\btGeometryUtil.cpp" "D:\USER\Desktop\bullet3-master\src\LinearMath\btPolarDecomposition.cpp" "D:\USER\Desktop\bullet3-master\src\LinearMath\btQuickprof.cpp" "D:\USER\Desktop\bullet3-master\src\LinearMath\btSerializer.cpp" "D:\USER\Desktop\bullet3-master\src\LinearMath\btSerializer64.cpp" "D:\USER\Desktop\bullet3-master\src\LinearMath\btThreads.cpp" "D:\USER\Desktop\bullet3-master\src\LinearMath\btVector3.cpp" "D:\USER\Desktop\bullet3-master\src\LinearMath\TaskScheduler\btTaskScheduler.cpp" "D:\USER\Desktop\bullet3-master\src\LinearMath\TaskScheduler\btThreadSupportPosix.cpp" "D:\USER\Desktop\bullet3-master\src\LinearMath\TaskScheduler\btThreadSupportWin32.cpp"
         btAlignedAllocator.cpp
         btConvexHull.cpp
         btConvexHullComputer.cpp
         btGeometryUtil.cpp
         btPolarDecomposition.cpp
         btQuickprof.cpp
         btSerializer.cpp
         btSerializer64.cpp
         btThreads.cpp
         btVector3.cpp
         btTaskScheduler.cpp
         btThreadSupportPosix.cpp
         btThreadSupportWin32.cpp
         正在生成代码...
       Lib:
         C:\Program Files (x86)\Microsoft Visual Studio 12.0\VC\bin\Lib.exe /OUT:"D:\USER\Desktop\Bullet3\lib\MinSizeRel\LinearMath_MinsizeRel.lib" /NOLOGO   /machine:X86 LinearMath.dir\MinSizeRel\btAlignedAllocator.obj
         LinearMath.dir\MinSizeRel\btConvexHull.obj
         LinearMath.dir\MinSizeRel\btConvexHullComputer.obj
         LinearMath.dir\MinSizeRel\btGeometryUtil.obj
         LinearMath.dir\MinSizeRel\btPolarDecomposition.obj
         LinearMath.dir\MinSizeRel\btQuickprof.obj
         LinearMath.dir\MinSizeRel\btSerializer.obj
         LinearMath.dir\MinSizeRel\btSerializer64.obj
         LinearMath.dir\MinSizeRel\btThreads.obj
         LinearMath.dir\MinSizeRel\btVector3.obj
         LinearMath.dir\MinSizeRel\btTaskScheduler.obj
         LinearMath.dir\MinSizeRel\btThreadSupportPosix.obj
         LinearMath.dir\MinSizeRel\btThreadSupportWin32.obj
         LinearMath.vcxproj -> D:\USER\Desktop\Bullet3\lib\MinSizeRel\LinearMath_MinsizeRel.lib
     1>已完成生成项目“D:\USER\Desktop\Bullet3\src\LinearMath\LinearMath.vcxproj”(Build 个目标)的操作。

生成成功。

已用时间 00:00:05.25
